#
# A fatal error has been detected by the Java Runtime Environment:
#
#  EXCEPTION_ACCESS_VIOLATION (0xc0000005) at pc=0x0000022b8f7c0fa4, pid=13376, tid=16300
#
# JRE version: OpenJDK Runtime Environment Temurin-21.0.5+11 (21.0.5+11) (build 21.0.5+11-LTS)
# Java VM: OpenJDK 64-Bit Server VM Temurin-21.0.5+11 (21.0.5+11-LTS, mixed mode, emulated-client, sharing, tiered, compressed oops, compressed class ptrs, g1 gc, windows-amd64)
# Problematic frame:
# v  ~BufferBlob::MethodHandles adapters 0x0000022b8f7c0fa4
#
# No core dump will be written. Minidumps are not enabled by default on client versions of Windows
#
# If you would like to submit a bug report, please visit:
#   https://github.com/adoptium/adoptium-support/issues
#

---------------  S U M M A R Y ------------

Command Line: -XX:+ShowCodeDetailsInExceptionMessages -agentlib:jdwp=transport=dt_socket,suspend=y,address=localhost:64932 -Dcom.sun.management.jmxremote -Dcom.sun.management.jmxremote.port=64931 -Dcom.sun.management.jmxremote.authenticate=false -Dcom.sun.management.jmxremote.ssl=false -Djava.rmi.server.hostname=localhost -Dspring.jmx.enabled=true -Dmanagement.endpoints.jmx.exposure.include=* -Dspring.application.admin.enabled=true -XX:TieredStopAtLevel=1 -Dspring.boot.project.name=Spring-boot-backend-Jokes -javaagent:C:\Users\hecto\Desktop\spring-tool-suite\sts-4.27.0.RELEASE\configuration\org.eclipse.osgi\275\0\.cp\lib\javaagent-shaded.jar -Dfile.encoding=UTF-8 -Dstdout.encoding=UTF-8 -Dstderr.encoding=UTF-8 com.hector.springboot.backend.jokes.SpringBootBackendJokesApplication --spring.output.ansi.enabled=always

Host: 12th Gen Intel(R) Core(TM) i5-1235U, 12 cores, 15G,  Windows 11 , 64 bit Build 26100 (10.0.26100.3775)
Time: Sun Apr 13 15:40:02 2025 Hora de verano romance elapsed time: 63.537012 seconds (0d 0h 1m 3s)

---------------  T H R E A D  ---------------

Current thread (0x0000022be3a95bd0):  JavaThread "http-nio-8080-exec-5" daemon [_thread_in_Java, id=16300, stack(0x000000fe61700000,0x000000fe61800000) (1024K)]

Stack: [0x000000fe61700000,0x000000fe61800000],  sp=0x000000fe617fd7b8,  free space=1013k
Native frames: (J=compiled Java code, j=interpreted, Vv=VM code, C=native code)
C  0x0000022b8f7c0fa4

The last pc belongs to _linkToVirtual (printed below).

siginfo: EXCEPTION_ACCESS_VIOLATION (0xc0000005), reading address 0x0000022c367297ea


Registers:
RAX=0x0000022b8f79958b, RBX=0x000000070721c2c8, RCX=0x000000fe617fd7c0, RDX=0x0000000000000002
RSP=0x000000fe617fd7b8, RBP=0x000000fe617fd808, RSI=0x0000022be370fed8, RDI=0x0000022be20f0ec0
R8 =0x0000000000000004, R9 =0x0000000000000004, R10=0x0000022c367295a2, R11=0x0000000000000011
R12=0x0000000000000000, R13=0x000000fe617fd7b8, R14=0x000000fe617fd828, R15=0x0000022be3a95bd0
RIP=0x0000022b8f7c0fa4, EFLAGS=0x0000000000010202


Register to memory mapping:

RAX=0x0000022b8f79958b is at code_begin+4363 in an Interpreter codelet
return entry points  [0x0000022b8f798480, 0x0000022b8f79a298]  7704 bytes
RBX=0x000000070721c2c8 is an oop: com.hector.springboot.backend.jokes.controllers.JokesRestController 
{0x000000070721c2c8} - klass: 'com/hector/springboot/backend/jokes/controllers/JokesRestController'
 - ---- fields (total size 2 words):
 - private 'jokesService' 'Lcom/hector/springboot/backend/jokes/models/services/IJokesService;' @12  a 'com/hector/springboot/backend/jokes/models/services/JokesServiceImpl$$SpringCGLIB$$0'{0x000000070753d338} (0xe0ea7a67)
RCX=0x000000fe617fd7c0 is pointing into the stack for thread: 0x0000022be3a95bd0
RDX=0x0000000000000002 is an unknown value
RSP=0x000000fe617fd7b8 is pointing into the stack for thread: 0x0000022be3a95bd0
RBP=0x000000fe617fd808 is pointing into the stack for thread: 0x0000022be3a95bd0
RSI=0x0000022be370fed8 points into unknown readable memory: 0x80000317235225e1 | e1 25 52 23 17 03 00 80
RDI=0x0000022be20f0ec0 points into unknown readable memory: 0x0000001800000060 | 60 00 00 00 18 00 00 00
R8 =0x0000000000000004 is an unknown value
R9 =0x0000000000000004 is an unknown value
R10=0x0000022c367295a2 is an unknown value
R11=0x0000000000000011 is an unknown value
R12=0x0 is null
R13=0x000000fe617fd7b8 is pointing into the stack for thread: 0x0000022be3a95bd0
R14=0x000000fe617fd828 is pointing into the stack for thread: 0x0000022be3a95bd0
R15=0x0000022be3a95bd0 is a thread

Top of Stack: (sp=0x000000fe617fd7b8)
0x000000fe617fd7b8:   0000022b8f79958b 000000fe617fd7c0
0x000000fe617fd7c8:   0000022b9b7295a2 0000000000000004
0x000000fe617fd7d8:   0000022b9b0b0fd8 0000000708ba5ed8
0x000000fe617fd7e8:   0000000705023fe8 0000022b9b0b3b28
0x000000fe617fd7f8:   000000fe617fd7b8 000000fe617fd830
0x000000fe617fd808:   000000fe617fdb40 0000022b8ff1f830
0x000000fe617fd818:   0000000708ba5b50 000000070721c2c8
0x000000fe617fd828:   0000000708ba5ce0 000000fe617fdb40
0x000000fe617fd838:   0000022b903cd5a4 0000000705230ee8
0x000000fe617fd848:   0000000708ba5eb0 000000070721c2c8
0x000000fe617fd858:   0000000708ba5e60 0000000708ba5ce0
0x000000fe617fd868:   000000070721c2c8 0000022b8ff1f76c
0x000000fe617fd878:   00007ff88c8951a5 000000fe617fdb40
0x000000fe617fd888:   0000022b901e382a 0000000700000000
0x000000fe617fd898:   00000007076e4768 0000000705230ee8
0x000000fe617fd8a8:   0000000708ba5ed8 0000000708ba5eb0
0x000000fe617fd8b8:   0000000700000001 0000000705230ee8
0x000000fe617fd8c8:   0000000707bf9e10 00000007076e4390
0x000000fe617fd8d8:   0000000100000001 000000fe617fdb40
0x000000fe617fd8e8:   0000022b8fb375dc 0000000704f95988
0x000000fe617fd8f8:   00007ff88c8951a5 000000fe617fdb40
0x000000fe617fd908:   0000022b903cbef4 0000000000000000
0x000000fe617fd918:   0000000000000000 0000000000000000
0x000000fe617fd928:   0000000000000000 0000000000000000
0x000000fe617fd938:   0000000000000000 0000000708ba5ed8
0x000000fe617fd948:   0000000708b6c6a0 000000070721c2c8
0x000000fe617fd958:   0000022b8f8cc500 00000007076e4768
0x000000fe617fd968:   0000000705023078 00000007076e4768
0x000000fe617fd978:   0000000700000000 0000000000000000
0x000000fe617fd988:   0000000708ba5ed8 000000fe617fdb40
0x000000fe617fd998:   0000022b903cb619 00000007076e4768
0x000000fe617fd9a8:   0000000708ba5eb0 000000fe617fdb40 

Instructions: (pc=0x0000022b8f7c0fa4)
0x0000022b8f7c0ea4:   2b 02 00 00 00 0f 7c 8f 2b 02 00 00 80 1f 7c 8f
0x0000022b8f7c0eb4:   2b 02 00 00 f0 0e 7c 8f 2b 02 00 00 f0 0e 7c 8f
0x0000022b8f7c0ec4:   2b 02 00 00 00 00 00 00 00 00 00 00 f8 76 e7 8c
0x0000022b8f7c0ed4:   f8 7f 00 00 f0 10 00 00 60 00 00 00 ff ff ff ff
0x0000022b8f7c0ee4:   f0 10 00 00 00 00 00 00 00 00 00 00 00 00 00 00
0x0000022b8f7c0ef4:   00 00 00 00 00 00 00 00 00 00 00 00 f4 66 66 66
0x0000022b8f7c0f04:   0f 1f 84 00 00 00 00 00 66 66 66 90 66 66 66 0f
0x0000022b8f7c0f14:   1f 84 00 00 00 00 00 66 66 66 90 90 48 8b 53 08
0x0000022b8f7c0f24:   0f b7 52 2e 48 8b 0c d4 8b 59 14 48 c1 e3 03 8b
0x0000022b8f7c0f34:   5b 28 48 c1 e3 03 8b 5b 24 48 c1 e3 03 48 8b 5b
0x0000022b8f7c0f44:   10 48 85 db 0f 84 10 00 00 00 41 80 bf d8 05 00
0x0000022b8f7c0f54:   00 00 74 03 ff 63 38 ff 63 50 e9 9d 16 00 00 66
0x0000022b8f7c0f64:   66 66 0f 1f 84 00 00 00 00 00 66 66 66 90 66 66
0x0000022b8f7c0f74:   0f 1f 84 00 00 00 00 00 66 66 66 90 48 8b 53 08
0x0000022b8f7c0f84:   0f b7 52 2e 48 8b 0c d4 58 5b 50 44 8b 51 08 49
0x0000022b8f7c0f94:   bb 00 00 00 9b 2b 02 00 00 4d 03 d3 4c 8b 5b 10
0x0000022b8f7c0fa4:   4b 8b 9c da c0 01 00 00 48 85 db 0f 84 10 00 00
0x0000022b8f7c0fb4:   00 41 80 bf d8 05 00 00 00 74 03 ff 63 38 ff 63
0x0000022b8f7c0fc4:   50 e9 36 16 00 00 66 66 66 0f 1f 84 00 00 00 00
0x0000022b8f7c0fd4:   00 66 66 66 90 0f 1f 80 00 00 00 00 58 5b 50 8b
0x0000022b8f7c0fe4:   5b 24 48 c1 e3 03 48 8b 5b 10 48 85 db 0f 84 10
0x0000022b8f7c0ff4:   00 00 00 41 80 bf d8 05 00 00 00 74 03 ff 63 38
0x0000022b8f7c1004:   ff 63 50 e9 f4 15 00 00 66 66 66 0f 1f 84 00 00
0x0000022b8f7c1014:   00 00 00 66 66 66 90 0f 1f 44 00 00 48 8b 53 08
0x0000022b8f7c1024:   0f b7 52 2e 48 8b 0c d4 58 5b 50 48 3b 01 8b 5b
0x0000022b8f7c1034:   24 48 c1 e3 03 48 8b 5b 10 48 85 db 0f 84 10 00
0x0000022b8f7c1044:   00 00 41 80 bf d8 05 00 00 00 74 03 ff 63 38 ff
0x0000022b8f7c1054:   63 50 e9 a5 15 00 00 0f 1f 44 00 00 48 8b 53 08
0x0000022b8f7c1064:   0f b7 52 2e 48 8b 0c d4 58 5b 50 44 8b 51 08 49
0x0000022b8f7c1074:   bb 00 00 00 9b 2b 02 00 00 4d 03 d3 8b 43 18 48
0x0000022b8f7c1084:   c1 e0 03 48 8b 40 10 48 8b 5b 10 45 8b 9a a0 00
0x0000022b8f7c1094:   00 00 4f 8d 9c da c0 01 00 00 4d 8d 14 da 49 8b 


Stack slot to memory mapping:

stack at sp + 0 slots: 0x0000022b8f79958b is at code_begin+4363 in an Interpreter codelet
return entry points  [0x0000022b8f798480, 0x0000022b8f79a298]  7704 bytes
stack at sp + 1 slots: 0x000000fe617fd7c0 is pointing into the stack for thread: 0x0000022be3a95bd0
stack at sp + 2 slots: 0x0000022b9b7295a2 is pointing into metadata
stack at sp + 3 slots: 0x0000000000000004 is an unknown value
stack at sp + 4 slots: 0x0000022b9b0b0fd8 is pointing into metadata
stack at sp + 5 slots: 0x0000000708ba5ed8 is an oop: jdk.internal.reflect.DirectMethodHandleAccessor 
{0x0000000708ba5ed8} - klass: 'jdk/internal/reflect/DirectMethodHandleAccessor'
 - ---- fields (total size 4 words):
 - private final 'paramCount' 'I' @12  0 (0x00000000)
 - private final 'flags' 'I' @16  0 (0x00000000)
 - private final 'declaringClass' 'Ljava/lang/Class;' @20  a 'java/lang/Class'{0x0000000705230ee8} = 'com/hector/springboot/backend/jokes/controllers/JokesRestController' (0xe0a461dd)
 - private final 'target' 'Ljava/lang/invoke/MethodHandle;' @24  a 'java/lang/invoke/BoundMethodHandle$Species_LL'{0x0000000708ba5eb0} (0xe1174bd6)
stack at sp + 6 slots: 0x0000000705023fe8 is an oop: java.lang.Class 
{0x0000000705023fe8} - klass: 'java/lang/Class'
 - ---- fields (total size 14 words):
 - private volatile transient 'classRedefinedCount' 'I' @12  0 (0x00000000)
 - injected 'klass' 'J' @16  2386308041648 (0x0000022b9b0b0bb0)
 - injected 'array_klass' 'J' @24  0 (0x0000000000000000)
 - injected 'oop_size' 'I' @32  14 (0x0000000e)
 - injected 'static_oop_field_count' 'I' @36  0 (0x00000000)
 - private volatile transient 'cachedConstructor' 'Ljava/lang/reflect/Constructor;' @40  null (0x00000000)
 - private transient 'name' 'Ljava/lang/String;' @44  null (0x00000000)
 - private transient 'module' 'Ljava/lang/Module;' @48  a 'java/lang/Module'{0x0000000705017be0} (0xe0a02f7c)
 - private final 'classLoader' 'Ljava/lang/ClassLoader;' @52  null (0x00000000)
 - private transient 'classData' 'Ljava/lang/Object;' @56  null (0x00000000)
 - private transient 'packageName' 'Ljava/lang/String;' @60  null (0x00000000)
 - private final 'componentType' 'Ljava/lang/Class;' @64  null (0x00000000)
 - private volatile transient 'reflectionData' 'Ljava/lang/ref/SoftReference;' @68  null (0x00000000)
 - private volatile transient 'genericInfo' 'Lsun/reflect/generics/repository/ClassRepository;' @72  null (0x00000000)
 - private volatile transient 'enumConstants' '[Ljava/lang/Object;' @76  null (0x00000000)
 - private volatile transient 'enumConstantDirectory' 'Ljava/util/Map;' @80  null (0x00000000)
 - private volatile transient 'annotationData' 'Ljava/lang/Class$AnnotationData;' @84  null (0x00000000)
 - private volatile transient 'annotationType' 'Lsun/reflect/annotation/AnnotationType;' @88  null (0x00000000)
 - transient 'classValueMap' 'Ljava/lang/ClassValue$ClassValueMap;' @92  null (0x00000000)
 - injected 'protection_domain' 'Ljava/lang/Object;' @96  null (0x00000000)
 - injected 'signers_name' 'Ljava/lang/Object;' @100  null (0x00000000)
 - injected 'source_file' 'Ljava/lang/Object;' @104  null (0x00000000)
 - injected '<init_lock>' 'Ljava/lang/Object;' @108  null (0x00000000)
 - signature: Ljava/lang/invoke/DirectMethodHandle$Holder;
 - ---- static fields (0):
stack at sp + 7 slots: {method} {0x0000022b9b0b3b30} 'invokeVirtual' '(Ljava/lang/Object;Ljava/lang/Object;)Ljava/lang/Object;' in 'java/lang/invoke/DirectMethodHandle$Holder'

MethodHandle::interpreter_entry::_linkToVirtual [0x0000022b8f7c0f63, 0x0000022b8f7c0fca] (103 bytes)
[MachCode]
  0x0000022b8f7c0f63: 6666 660f | 1f84 0000 | 0000 0066 | 6666 9066 | 660f 1f84 | 0000 0000 | 0066 6666 | 9048 8b53 
  0x0000022b8f7c0f83: 080f b752 | 2e48 8b0c | d458 5b50 | 448b 5108 | 49bb 0000 | 009b 2b02 | 0000 4d03 | d34c 8b5b 
  0x0000022b8f7c0fa3: 104b 8b9c | dac0 0100 | 0048 85db | 0f84 1000 | 0000 4180 | bfd8 0500 | 0000 7403 | ff63 38ff 
  0x0000022b8f7c0fc3: 6350 e936 | 
[/MachCode]

---------------  P R O C E S S  ---------------

Threads class SMR info:
_java_thread_list=0x0000022be019a5d0, length=44, elements={
0x0000022b9adcdef0, 0x0000022b9adce940, 0x0000022b9add6a00, 0x0000022b9addb720,
0x0000022b9adda480, 0x0000022b9addac10, 0x0000022b9ade23c0, 0x0000022be00f0110,
0x0000022be01836b0, 0x0000022be0185f50, 0x0000022be018a5e0, 0x0000022be0923b50,
0x0000022be0aeb820, 0x0000022be0af3480, 0x0000022be0b6e500, 0x0000022be1193e80,
0x0000022be11e1200, 0x0000022be11e0460, 0x0000022be11e65c0, 0x0000022be11e58a0,
0x0000022be11e6c50, 0x0000022be11e72e0, 0x0000022be11e7970, 0x0000022be11e5f30,
0x0000022be11e4b80, 0x0000022be11e5210, 0x0000022be3a95540, 0x0000022be3a93470,
0x0000022be3a94eb0, 0x0000022be3a93b00, 0x0000022be3a95bd0, 0x0000022be3a92750,
0x0000022be3a92de0, 0x0000022be3a96260, 0x0000022be3a96f80, 0x0000022be3a94820,
0x0000022be3a968f0, 0x0000022be3a97610, 0x0000022be3a94190, 0x0000022be3a99d70,
0x0000022be3a97ca0, 0x0000022be3a989c0, 0x0000022be3a99050, 0x0000022be0748750
}

Java Threads: ( => current thread )
  0x0000022b9adcdef0 JavaThread "Reference Handler"          daemon [_thread_blocked, id=12524, stack(0x000000fe5e700000,0x000000fe5e800000) (1024K)]
  0x0000022b9adce940 JavaThread "Finalizer"                  daemon [_thread_blocked, id=19944, stack(0x000000fe5e800000,0x000000fe5e900000) (1024K)]
  0x0000022b9add6a00 JavaThread "Signal Dispatcher"          daemon [_thread_blocked, id=7524, stack(0x000000fe5e900000,0x000000fe5ea00000) (1024K)]
  0x0000022b9addb720 JavaThread "Attach Listener"            daemon [_thread_blocked, id=17964, stack(0x000000fe5ea00000,0x000000fe5eb00000) (1024K)]
  0x0000022b9adda480 JavaThread "Service Thread"             daemon [_thread_blocked, id=28324, stack(0x000000fe5eb00000,0x000000fe5ec00000) (1024K)]
  0x0000022b9addac10 JavaThread "Monitor Deflation Thread"   daemon [_thread_blocked, id=29576, stack(0x000000fe5ec00000,0x000000fe5ed00000) (1024K)]
  0x0000022b9ade23c0 JavaThread "C1 CompilerThread0"         daemon [_thread_blocked, id=2044, stack(0x000000fe5ed00000,0x000000fe5ee00000) (1024K)]
  0x0000022be00f0110 JavaThread "Common-Cleaner"             daemon [_thread_blocked, id=25052, stack(0x000000fe5ee00000,0x000000fe5ef00000) (1024K)]
  0x0000022be01836b0 JavaThread "JDWP Transport Listener: dt_socket" daemon [_thread_blocked, id=18220, stack(0x000000fe5f000000,0x000000fe5f100000) (1024K)]
  0x0000022be0185f50 JavaThread "JDWP Event Helper Thread"   daemon [_thread_blocked, id=6752, stack(0x000000fe5f100000,0x000000fe5f200000) (1024K)]
  0x0000022be018a5e0 JavaThread "JDWP Command Reader"        daemon [_thread_in_native, id=7748, stack(0x000000fe5f200000,0x000000fe5f300000) (1024K)]
  0x0000022be0923b50 JavaThread "Notification Thread"        daemon [_thread_blocked, id=10652, stack(0x000000fe5f300000,0x000000fe5f400000) (1024K)]
  0x0000022be0aeb820 JavaThread "RMI TCP Accept-0"           daemon [_thread_in_native, id=12732, stack(0x000000fe5fe00000,0x000000fe5ff00000) (1024K)]
  0x0000022be0af3480 JavaThread "RMI TCP Accept-64931"       daemon [_thread_in_native, id=27624, stack(0x000000fe5ff00000,0x000000fe60000000) (1024K)]
  0x0000022be0b6e500 JavaThread "RMI TCP Accept-0"           daemon [_thread_in_native, id=27176, stack(0x000000fe60000000,0x000000fe60100000) (1024K)]
  0x0000022be1193e80 JavaThread "RMI TCP Connection(idle)"   daemon [_thread_blocked, id=12628, stack(0x000000fe60400000,0x000000fe60500000) (1024K)]
  0x0000022be11e1200 JavaThread "RMI TCP Connection(idle)"   daemon [_thread_blocked, id=1868, stack(0x000000fe60500000,0x000000fe60600000) (1024K)]
  0x0000022be11e0460 JavaThread "RMI Scheduler(0)"           daemon [_thread_blocked, id=12808, stack(0x000000fe60600000,0x000000fe60700000) (1024K)]
  0x0000022be11e65c0 JavaThread "JMX server connection timeout 43" daemon [_thread_blocked, id=27256, stack(0x000000fe60700000,0x000000fe60800000) (1024K)]
  0x0000022be11e58a0 JavaThread "Catalina-utility-1"                [_thread_blocked, id=22000, stack(0x000000fe60800000,0x000000fe60900000) (1024K)]
  0x0000022be11e6c50 JavaThread "Catalina-utility-2"                [_thread_blocked, id=8744, stack(0x000000fe60b00000,0x000000fe60c00000) (1024K)]
  0x0000022be11e72e0 JavaThread "container-0"                       [_thread_blocked, id=16436, stack(0x000000fe60c00000,0x000000fe60d00000) (1024K)]
  0x0000022be11e7970 JavaThread "PostgreSQL-JDBC-Cleaner"    daemon [_thread_blocked, id=28404, stack(0x000000fe60e00000,0x000000fe60f00000) (1024K)]
  0x0000022be11e5f30 JavaThread "HikariPool-1 housekeeper"   daemon [_thread_blocked, id=3768, stack(0x000000fe60f00000,0x000000fe61000000) (1024K)]
  0x0000022be11e4b80 JavaThread "File Watcher"               daemon [_thread_blocked, id=12064, stack(0x000000fe61100000,0x000000fe61200000) (1024K)]
  0x0000022be11e5210 JavaThread "Live Reload Server"         daemon [_thread_in_native, id=18016, stack(0x000000fe61300000,0x000000fe61400000) (1024K)]
  0x0000022be3a95540 JavaThread "http-nio-8080-exec-1"       daemon [_thread_blocked, id=30676, stack(0x000000fe61200000,0x000000fe61300000) (1024K)]
  0x0000022be3a93470 JavaThread "http-nio-8080-exec-2"       daemon [_thread_blocked, id=25872, stack(0x000000fe61400000,0x000000fe61500000) (1024K)]
  0x0000022be3a94eb0 JavaThread "http-nio-8080-exec-3"       daemon [_thread_blocked, id=13684, stack(0x000000fe61500000,0x000000fe61600000) (1024K)]
  0x0000022be3a93b00 JavaThread "http-nio-8080-exec-4"       daemon [_thread_blocked, id=9980, stack(0x000000fe61600000,0x000000fe61700000) (1024K)]
=>0x0000022be3a95bd0 JavaThread "http-nio-8080-exec-5"       daemon [_thread_in_Java, id=16300, stack(0x000000fe61700000,0x000000fe61800000) (1024K)]
  0x0000022be3a92750 JavaThread "http-nio-8080-exec-6"       daemon [_thread_blocked, id=21924, stack(0x000000fe61800000,0x000000fe61900000) (1024K)]
  0x0000022be3a92de0 JavaThread "http-nio-8080-exec-7"       daemon [_thread_blocked, id=1664, stack(0x000000fe61900000,0x000000fe61a00000) (1024K)]
  0x0000022be3a96260 JavaThread "http-nio-8080-exec-8"       daemon [_thread_blocked, id=10740, stack(0x000000fe61a00000,0x000000fe61b00000) (1024K)]
  0x0000022be3a96f80 JavaThread "http-nio-8080-exec-9"       daemon [_thread_blocked, id=27740, stack(0x000000fe61b00000,0x000000fe61c00000) (1024K)]
  0x0000022be3a94820 JavaThread "http-nio-8080-exec-10"      daemon [_thread_blocked, id=19936, stack(0x000000fe61c00000,0x000000fe61d00000) (1024K)]
  0x0000022be3a968f0 JavaThread "http-nio-8080-Poller"       daemon [_thread_in_native, id=17952, stack(0x000000fe61d00000,0x000000fe61e00000) (1024K)]
  0x0000022be3a97610 JavaThread "http-nio-8080-Acceptor"     daemon [_thread_in_native, id=25512, stack(0x000000fe61e00000,0x000000fe61f00000) (1024K)]
  0x0000022be3a94190 JavaThread "DestroyJavaVM"                     [_thread_blocked, id=7728, stack(0x000000fe5df00000,0x000000fe5e000000) (1024K)]
  0x0000022be3a99d70 JavaThread "RMI TCP Connection(idle)"   daemon [_thread_blocked, id=18252, stack(0x000000fe60300000,0x000000fe60400000) (1024K)]
  0x0000022be3a97ca0 JavaThread "RMI TCP Connection(idle)"   daemon [_thread_blocked, id=27284, stack(0x000000fe61f00000,0x000000fe62000000) (1024K)]
  0x0000022be3a989c0 JavaThread "RMI TCP Connection(idle)"   daemon [_thread_blocked, id=28332, stack(0x000000fe62100000,0x000000fe62200000) (1024K)]
  0x0000022be3a99050 JavaThread "RMI TCP Connection(8)-127.0.0.1" daemon [_thread_in_native, id=28872, stack(0x000000fe62200000,0x000000fe62300000) (1024K)]
  0x0000022be0748750 JavaThread "RMI TCP Connection(idle)"   daemon [_thread_blocked, id=8240, stack(0x000000fe62000000,0x000000fe62100000) (1024K)]
Total: 44

Other Threads:
  0x0000022b9adb5d20 VMThread "VM Thread"                           [id=20024, stack(0x000000fe5e600000,0x000000fe5e700000) (1024K)]
  0x0000022b9ada61e0 WatcherThread "VM Periodic Task Thread"        [id=8808, stack(0x000000fe5e500000,0x000000fe5e600000) (1024K)]
  0x0000022b8bccc6d0 WorkerThread "GC Thread#0"                     [id=24316, stack(0x000000fe5e000000,0x000000fe5e100000) (1024K)]
  0x0000022be0aea130 WorkerThread "GC Thread#1"                     [id=7936, stack(0x000000fe5f600000,0x000000fe5f700000) (1024K)]
  0x0000022be0aea4d0 WorkerThread "GC Thread#2"                     [id=11020, stack(0x000000fe5f700000,0x000000fe5f800000) (1024K)]
  0x0000022be0aea870 WorkerThread "GC Thread#3"                     [id=13992, stack(0x000000fe5f800000,0x000000fe5f900000) (1024K)]
  0x0000022be0aeac10 WorkerThread "GC Thread#4"                     [id=6548, stack(0x000000fe5f900000,0x000000fe5fa00000) (1024K)]
  0x0000022be0aeafb0 WorkerThread "GC Thread#5"                     [id=11560, stack(0x000000fe5fa00000,0x000000fe5fb00000) (1024K)]
  0x0000022be0af8970 WorkerThread "GC Thread#6"                     [id=21668, stack(0x000000fe5fb00000,0x000000fe5fc00000) (1024K)]
  0x0000022be0b0d3a0 WorkerThread "GC Thread#7"                     [id=16724, stack(0x000000fe5fc00000,0x000000fe5fd00000) (1024K)]
  0x0000022be0b0d740 WorkerThread "GC Thread#8"                     [id=15916, stack(0x000000fe5fd00000,0x000000fe5fe00000) (1024K)]
  0x0000022be10b7dd0 WorkerThread "GC Thread#9"                     [id=17732, stack(0x000000fe60100000,0x000000fe60200000) (1024K)]
  0x0000022b8a24de20 ConcurrentGCThread "G1 Main Marker"            [id=27476, stack(0x000000fe5e100000,0x000000fe5e200000) (1024K)]
  0x0000022b8bcd9b30 WorkerThread "G1 Conc#0"                       [id=23556, stack(0x000000fe5e200000,0x000000fe5e300000) (1024K)]
  0x0000022be10b7690 WorkerThread "G1 Conc#1"                       [id=24356, stack(0x000000fe60900000,0x000000fe60a00000) (1024K)]
  0x0000022be10b72f0 WorkerThread "G1 Conc#2"                       [id=13400, stack(0x000000fe60a00000,0x000000fe60b00000) (1024K)]
  0x0000022b9ac77c00 ConcurrentGCThread "G1 Refine#0"               [id=8524, stack(0x000000fe5e300000,0x000000fe5e400000) (1024K)]
  0x0000022b9ac78420 ConcurrentGCThread "G1 Service"                [id=26944, stack(0x000000fe5e400000,0x000000fe5e500000) (1024K)]
Total: 18

Threads with active compile tasks:
Total: 0

VM state: not at safepoint (normal execution)

VM Mutex/Monitor currently owned by a thread: None

Heap address: 0x0000000704c00000, size: 4020 MB, Compressed Oops mode: Zero based, Oop shift amount: 3

CDS archive(s) mapped at: [0x0000022b9b000000-0x0000022b9bc80000-0x0000022b9bc80000), size 13107200, SharedBaseAddress: 0x0000022b9b000000, ArchiveRelocationMode: 1.
Compressed class space mapped at: 0x0000022b9c000000-0x0000022bdc000000, reserved size: 1073741824
Narrow klass base: 0x0000022b9b000000, Narrow klass shift: 0, Narrow klass range: 0x100000000

GC Precious Log:
 CardTable entry size: 512
 Card Set container configuration: InlinePtr #cards 4 size 8 Array Of Cards #cards 16 size 48 Howl #buckets 8 coarsen threshold 3686 Howl Bitmap #cards 512 size 80 coarsen threshold 460 Card regions per heap region 1 cards per card region 4096
 CPUs: 12 total, 12 available
 Memory: 16077M
 Large Page Support: Disabled
 NUMA Support: Disabled
 Compressed Oops: Enabled (Zero based)
 Heap Region Size: 2M
 Heap Min Capacity: 8M
 Heap Initial Capacity: 252M
 Heap Max Capacity: 4020M
 Pre-touch: Disabled
 Parallel Workers: 10
 Concurrent Workers: 3
 Concurrent Refinement Workers: 10
 Periodic GC: Disabled

Heap:
 garbage-first heap   total 98304K, used 67163K [0x0000000704c00000, 0x0000000800000000)
  region size 2048K, 23 young (47104K), 4 survivors (8192K)
 Metaspace       used 67789K, committed 68672K, reserved 1114112K
  class space    used 9455K, committed 9856K, reserved 1048576K

Heap Regions: E=young(eden), S=young(survivor), O=old, HS=humongous(starts), HC=humongous(continues), CS=collection set, F=free, TAMS=top-at-mark-start, PB=parsable bottom
|   0|0x0000000704c00000, 0x0000000704e00000, 0x0000000704e00000|100%| O|  |TAMS 0x0000000704c00000| PB 0x0000000704c00000| Untracked 
|   1|0x0000000704e00000, 0x0000000705000000, 0x0000000705000000|100%| O|  |TAMS 0x0000000704e00000| PB 0x0000000704e00000| Untracked 
|   2|0x0000000705000000, 0x0000000705200000, 0x0000000705200000|100%| O|  |TAMS 0x0000000705000000| PB 0x0000000705000000| Untracked 
|   3|0x0000000705200000, 0x0000000705400000, 0x0000000705400000|100%| O|  |TAMS 0x0000000705200000| PB 0x0000000705200000| Untracked 
|   4|0x0000000705400000, 0x0000000705600000, 0x0000000705600000|100%| O|  |TAMS 0x0000000705400000| PB 0x0000000705400000| Untracked 
|   5|0x0000000705600000, 0x0000000705800000, 0x0000000705800000|100%| O|  |TAMS 0x0000000705600000| PB 0x0000000705600000| Untracked 
|   6|0x0000000705800000, 0x00000007059d47d8, 0x0000000705a00000| 91%| O|  |TAMS 0x0000000705800000| PB 0x0000000705800000| Untracked 
|   7|0x0000000705a00000, 0x0000000705c00000, 0x0000000705c00000|100%| O|  |TAMS 0x0000000705a00000| PB 0x0000000705a00000| Untracked 
|   8|0x0000000705c00000, 0x0000000705e00000, 0x0000000705e00000|100%| O|  |TAMS 0x0000000705c00000| PB 0x0000000705c00000| Untracked 
|   9|0x0000000705e00000, 0x0000000706000000, 0x0000000706000000|100%| O|  |TAMS 0x0000000705e00000| PB 0x0000000705e00000| Untracked 
|  10|0x0000000706000000, 0x0000000706200000, 0x0000000706200000|100%| O|  |TAMS 0x0000000706000000| PB 0x0000000706000000| Untracked 
|  11|0x0000000706200000, 0x00000007062b14a0, 0x0000000706400000| 34%| O|  |TAMS 0x0000000706200000| PB 0x0000000706200000| Untracked 
|  12|0x0000000706400000, 0x0000000706400000, 0x0000000706600000|  0%| F|  |TAMS 0x0000000706400000| PB 0x0000000706400000| Untracked 
|  13|0x0000000706600000, 0x0000000706600000, 0x0000000706800000|  0%| F|  |TAMS 0x0000000706600000| PB 0x0000000706600000| Untracked 
|  14|0x0000000706800000, 0x0000000706800000, 0x0000000706a00000|  0%| F|  |TAMS 0x0000000706800000| PB 0x0000000706800000| Untracked 
|  15|0x0000000706a00000, 0x0000000706a00000, 0x0000000706c00000|  0%| F|  |TAMS 0x0000000706a00000| PB 0x0000000706a00000| Untracked 
|  16|0x0000000706c00000, 0x0000000706c00000, 0x0000000706e00000|  0%| F|  |TAMS 0x0000000706c00000| PB 0x0000000706c00000| Untracked 
|  17|0x0000000706e00000, 0x0000000706e00000, 0x0000000707000000|  0%| F|  |TAMS 0x0000000706e00000| PB 0x0000000706e00000| Untracked 
|  18|0x0000000707000000, 0x0000000707000000, 0x0000000707200000|  0%| F|  |TAMS 0x0000000707000000| PB 0x0000000707000000| Untracked 
|  19|0x0000000707200000, 0x0000000707310fd0, 0x0000000707400000| 53%| S|CS|TAMS 0x0000000707200000| PB 0x0000000707200000| Complete 
|  20|0x0000000707400000, 0x0000000707600000, 0x0000000707600000|100%| S|CS|TAMS 0x0000000707400000| PB 0x0000000707400000| Complete 
|  21|0x0000000707600000, 0x0000000707800000, 0x0000000707800000|100%| S|CS|TAMS 0x0000000707600000| PB 0x0000000707600000| Complete 
|  22|0x0000000707800000, 0x0000000707800000, 0x0000000707a00000|  0%| F|  |TAMS 0x0000000707800000| PB 0x0000000707800000| Untracked 
|  23|0x0000000707a00000, 0x0000000707c00000, 0x0000000707c00000|100%| S|CS|TAMS 0x0000000707a00000| PB 0x0000000707a00000| Complete 
|  24|0x0000000707c00000, 0x0000000707c00000, 0x0000000707e00000|  0%| F|  |TAMS 0x0000000707c00000| PB 0x0000000707c00000| Untracked 
|  25|0x0000000707e00000, 0x0000000707e00000, 0x0000000708000000|  0%| F|  |TAMS 0x0000000707e00000| PB 0x0000000707e00000| Untracked 
|  26|0x0000000708000000, 0x0000000708000000, 0x0000000708200000|  0%| F|  |TAMS 0x0000000708000000| PB 0x0000000708000000| Untracked 
|  27|0x0000000708200000, 0x0000000708200000, 0x0000000708400000|  0%| F|  |TAMS 0x0000000708200000| PB 0x0000000708200000| Untracked 
|  28|0x0000000708400000, 0x0000000708400000, 0x0000000708600000|  0%| F|  |TAMS 0x0000000708400000| PB 0x0000000708400000| Untracked 
|  29|0x0000000708600000, 0x000000070867ae20, 0x0000000708800000| 24%| E|  |TAMS 0x0000000708600000| PB 0x0000000708600000| Complete 
|  30|0x0000000708800000, 0x0000000708a00000, 0x0000000708a00000|100%| E|CS|TAMS 0x0000000708800000| PB 0x0000000708800000| Complete 
|  31|0x0000000708a00000, 0x0000000708c00000, 0x0000000708c00000|100%| E|CS|TAMS 0x0000000708a00000| PB 0x0000000708a00000| Complete 
|  32|0x0000000708c00000, 0x0000000708e00000, 0x0000000708e00000|100%| E|CS|TAMS 0x0000000708c00000| PB 0x0000000708c00000| Complete 
|  33|0x0000000708e00000, 0x0000000709000000, 0x0000000709000000|100%| E|CS|TAMS 0x0000000708e00000| PB 0x0000000708e00000| Complete 
|  34|0x0000000709000000, 0x0000000709200000, 0x0000000709200000|100%| E|CS|TAMS 0x0000000709000000| PB 0x0000000709000000| Complete 
|  35|0x0000000709200000, 0x0000000709400000, 0x0000000709400000|100%| E|CS|TAMS 0x0000000709200000| PB 0x0000000709200000| Complete 
|  36|0x0000000709400000, 0x0000000709600000, 0x0000000709600000|100%| E|CS|TAMS 0x0000000709400000| PB 0x0000000709400000| Complete 
|  37|0x0000000709600000, 0x0000000709800000, 0x0000000709800000|100%| E|CS|TAMS 0x0000000709600000| PB 0x0000000709600000| Complete 
|  38|0x0000000709800000, 0x0000000709a00000, 0x0000000709a00000|100%| E|CS|TAMS 0x0000000709800000| PB 0x0000000709800000| Complete 
|  39|0x0000000709a00000, 0x0000000709c00000, 0x0000000709c00000|100%| E|CS|TAMS 0x0000000709a00000| PB 0x0000000709a00000| Complete 
|  40|0x0000000709c00000, 0x0000000709e00000, 0x0000000709e00000|100%| E|CS|TAMS 0x0000000709c00000| PB 0x0000000709c00000| Complete 
|  41|0x0000000709e00000, 0x000000070a000000, 0x000000070a000000|100%| E|CS|TAMS 0x0000000709e00000| PB 0x0000000709e00000| Complete 
|  42|0x000000070a000000, 0x000000070a200000, 0x000000070a200000|100%| E|CS|TAMS 0x000000070a000000| PB 0x000000070a000000| Complete 
|  43|0x000000070a200000, 0x000000070a400000, 0x000000070a400000|100%| E|CS|TAMS 0x000000070a200000| PB 0x000000070a200000| Complete 
|  44|0x000000070a400000, 0x000000070a600000, 0x000000070a600000|100%| E|CS|TAMS 0x000000070a400000| PB 0x000000070a400000| Complete 
|  45|0x000000070a600000, 0x000000070a800000, 0x000000070a800000|100%| E|CS|TAMS 0x000000070a600000| PB 0x000000070a600000| Complete 
|  46|0x000000070a800000, 0x000000070aa00000, 0x000000070aa00000|100%| E|CS|TAMS 0x000000070a800000| PB 0x000000070a800000| Complete 
| 125|0x0000000714600000, 0x0000000714800000, 0x0000000714800000|100%| E|CS|TAMS 0x0000000714600000| PB 0x0000000714600000| Complete 

Card table byte_map: [0x0000022b93a10000,0x0000022b941f0000] _byte_map_base: 0x0000022b901ea000

Marking Bits: (CMBitMap*) 0x0000022b8bccca80
 Bits: [0x0000022b941f0000, 0x0000022b980c0000)

Polling page: 0x0000022b8a3c0000

Metaspace:

Usage:
  Non-class:     56.97 MB used.
      Class:      9.23 MB used.
       Both:     66.20 MB used.

Virtual space:
  Non-class space:       64.00 MB reserved,      57.44 MB ( 90%) committed,  1 nodes.
      Class space:        1.00 GB reserved,       9.62 MB ( <1%) committed,  1 nodes.
             Both:        1.06 GB reserved,      67.06 MB (  6%) committed. 

Chunk freelists:
   Non-Class:  5.78 MB
       Class:  6.34 MB
        Both:  12.12 MB

MaxMetaspaceSize: unlimited
CompressedClassSpaceSize: 1.00 GB
Initial GC threshold: 21.00 MB
Current GC threshold: 78.38 MB
CDS: on
 - commit_granule_bytes: 65536.
 - commit_granule_words: 8192.
 - virtual_space_node_default_size: 8388608.
 - enlarge_chunks_in_place: 1.
 - use_allocation_guard: 0.


Internal statistics:

num_allocs_failed_limit: 6.
num_arena_births: 1236.
num_arena_deaths: 0.
num_vsnodes_births: 2.
num_vsnodes_deaths: 0.
num_space_committed: 1073.
num_space_uncommitted: 0.
num_chunks_returned_to_freelist: 6.
num_chunks_taken_from_freelist: 3713.
num_chunk_merges: 6.
num_chunk_splits: 2652.
num_chunks_enlarged: 2009.
num_inconsistent_stats: 0.

CodeCache: size=49152Kb used=12001Kb max_used=13600Kb free=37150Kb
 bounds [0x0000022b8f790000, 0x0000022b904e0000, 0x0000022b92790000]
 total_blobs=7011 nmethods=6306 adapters=629
 compilation: enabled
              stopped_count=0, restarted_count=0
 full_count=0

Compilation events (20 events):
Event: 53.039 Thread 0x0000022b9ade23c0 6362       1       java.lang.Long::compare (22 bytes)
Event: 53.040 Thread 0x0000022b9ade23c0 nmethod 6362 0x0000022b8fbb2f90 code [0x0000022b8fbb3140, 0x0000022b8fbb3270]
Event: 56.752 Thread 0x0000022b9ade23c0 6364       1       java.util.concurrent.ThreadPoolExecutor::isShutdown (12 bytes)
Event: 56.752 Thread 0x0000022b9ade23c0 nmethod 6364 0x0000022b8fbb2810 code [0x0000022b8fbb29a0, 0x0000022b8fbb2a88]
Event: 56.924 Thread 0x0000022b9ade23c0 6366   !   1       java.nio.ByteBuffer::getArray (121 bytes)
Event: 56.925 Thread 0x0000022b9ade23c0 nmethod 6366 0x0000022b8fbb1b90 code [0x0000022b8fbb1dc0, 0x0000022b8fbb23a0]
Event: 56.925 Thread 0x0000022b9ade23c0 6365       1       java.nio.ByteBuffer::get (54 bytes)
Event: 56.926 Thread 0x0000022b9ade23c0 nmethod 6365 0x0000022b8fbb1510 code [0x0000022b8fbb1700, 0x0000022b8fbb19c0]
Event: 56.926 Thread 0x0000022b9ade23c0 6367   !   1       java.io.ObjectInputStream$BlockDataInputStream::refill (136 bytes)
Event: 56.927 Thread 0x0000022b9ade23c0 nmethod 6367 0x0000022b8fbb0e90 code [0x0000022b8fbb1060, 0x0000022b8fbb12f8]
Event: 56.927 Thread 0x0000022b9ade23c0 6368   !   1       java.io.ObjectInputStream$BlockDataInputStream::readBlockHeader (249 bytes)
Event: 56.928 Thread 0x0000022b9ade23c0 nmethod 6368 0x0000022b8fbaef90 code [0x0000022b8fbaf300, 0x0000022b8fbb00c8]
Event: 58.745 Thread 0x0000022b9ade23c0 6369       1       java.util.concurrent.locks.LockSupport::setBlocker (12 bytes)
Event: 58.745 Thread 0x0000022b9ade23c0 nmethod 6369 0x0000022b8fbaec90 code [0x0000022b8fbaee20, 0x0000022b8fbaef28]
Event: 63.038 Thread 0x0000022b9ade23c0 6370       1       jdk.internal.event.ThreadSleepEvent::isEnabled (2 bytes)
Event: 63.038 Thread 0x0000022b9ade23c0 nmethod 6370 0x0000022b8fbae590 code [0x0000022b8fbae720, 0x0000022b8fbae7e8]
Event: 63.040 Thread 0x0000022b9ade23c0 6372       1       java.util.concurrent.locks.ReentrantReadWriteLock::readLock (5 bytes)
Event: 63.040 Thread 0x0000022b9ade23c0 nmethod 6372 0x0000022b8fbae290 code [0x0000022b8fbae420, 0x0000022b8fbae4f0]
Event: 63.040 Thread 0x0000022b9ade23c0 6373       1       java.util.concurrent.ScheduledThreadPoolExecutor::canRunInCurrentRunState (61 bytes)
Event: 63.041 Thread 0x0000022b9ade23c0 nmethod 6373 0x0000022b8fbadc10 code [0x0000022b8fbadde0, 0x0000022b8fbae0a8]

GC Heap History (20 events):
Event: 2.865 GC heap before
{Heap before GC invocations=9 (full 0):
 garbage-first heap   total 69632K, used 50855K [0x0000000704c00000, 0x0000000800000000)
  region size 2048K, 20 young (40960K), 4 survivors (8192K)
 Metaspace       used 31100K, committed 31616K, reserved 1114112K
  class space    used 4121K, committed 4352K, reserved 1048576K
}
Event: 2.870 GC heap after
{Heap after GC invocations=10 (full 0):
 garbage-first heap   total 69632K, used 19341K [0x0000000704c00000, 0x0000000800000000)
  region size 2048K, 1 young (2048K), 1 survivors (2048K)
 Metaspace       used 31100K, committed 31616K, reserved 1114112K
  class space    used 4121K, committed 4352K, reserved 1048576K
}
Event: 3.202 GC heap before
{Heap before GC invocations=10 (full 0):
 garbage-first heap   total 69632K, used 58253K [0x0000000704c00000, 0x0000000800000000)
  region size 2048K, 20 young (40960K), 1 survivors (2048K)
 Metaspace       used 34347K, committed 34944K, reserved 1114112K
  class space    used 4569K, committed 4800K, reserved 1048576K
}
Event: 3.205 GC heap after
{Heap after GC invocations=11 (full 0):
 garbage-first heap   total 69632K, used 20681K [0x0000000704c00000, 0x0000000800000000)
  region size 2048K, 2 young (4096K), 2 survivors (4096K)
 Metaspace       used 34347K, committed 34944K, reserved 1114112K
  class space    used 4569K, committed 4800K, reserved 1048576K
}
Event: 3.422 GC heap before
{Heap before GC invocations=11 (full 0):
 garbage-first heap   total 69632K, used 55497K [0x0000000704c00000, 0x0000000800000000)
  region size 2048K, 20 young (40960K), 2 survivors (4096K)
 Metaspace       used 38079K, committed 38720K, reserved 1114112K
  class space    used 4995K, committed 5312K, reserved 1048576K
}
Event: 3.425 GC heap after
{Heap after GC invocations=12 (full 0):
 garbage-first heap   total 83968K, used 21215K [0x0000000704c00000, 0x0000000800000000)
  region size 2048K, 2 young (4096K), 2 survivors (4096K)
 Metaspace       used 38079K, committed 38720K, reserved 1114112K
  class space    used 4995K, committed 5312K, reserved 1048576K
}
Event: 3.688 GC heap before
{Heap before GC invocations=12 (full 0):
 garbage-first heap   total 83968K, used 66271K [0x0000000704c00000, 0x0000000800000000)
  region size 2048K, 24 young (49152K), 2 survivors (4096K)
 Metaspace       used 42077K, committed 42688K, reserved 1114112K
  class space    used 5676K, committed 5952K, reserved 1048576K
}
Event: 3.691 GC heap after
{Heap after GC invocations=13 (full 0):
 garbage-first heap   total 83968K, used 22342K [0x0000000704c00000, 0x0000000800000000)
  region size 2048K, 2 young (4096K), 2 survivors (4096K)
 Metaspace       used 42077K, committed 42688K, reserved 1114112K
  class space    used 5676K, committed 5952K, reserved 1048576K
}
Event: 3.978 GC heap before
{Heap before GC invocations=13 (full 0):
 garbage-first heap   total 83968K, used 67398K [0x0000000704c00000, 0x0000000800000000)
  region size 2048K, 24 young (49152K), 2 survivors (4096K)
 Metaspace       used 46333K, committed 47040K, reserved 1114112K
  class space    used 6260K, committed 6592K, reserved 1048576K
}
Event: 3.981 GC heap after
{Heap after GC invocations=14 (full 0):
 garbage-first heap   total 83968K, used 23400K [0x0000000704c00000, 0x0000000800000000)
  region size 2048K, 3 young (6144K), 3 survivors (6144K)
 Metaspace       used 46333K, committed 47040K, reserved 1114112K
  class space    used 6260K, committed 6592K, reserved 1048576K
}
Event: 4.052 GC heap before
{Heap before GC invocations=14 (full 0):
 garbage-first heap   total 83968K, used 33640K [0x0000000704c00000, 0x0000000800000000)
  region size 2048K, 9 young (18432K), 3 survivors (6144K)
 Metaspace       used 47385K, committed 48000K, reserved 1114112K
  class space    used 6362K, committed 6656K, reserved 1048576K
}
Event: 4.055 GC heap after
{Heap after GC invocations=15 (full 0):
 garbage-first heap   total 83968K, used 23575K [0x0000000704c00000, 0x0000000800000000)
  region size 2048K, 2 young (4096K), 2 survivors (4096K)
 Metaspace       used 47385K, committed 48000K, reserved 1114112K
  class space    used 6362K, committed 6656K, reserved 1048576K
}
Event: 4.327 GC heap before
{Heap before GC invocations=16 (full 0):
 garbage-first heap   total 81920K, used 66583K [0x0000000704c00000, 0x0000000800000000)
  region size 2048K, 24 young (49152K), 2 survivors (4096K)
 Metaspace       used 52574K, committed 53184K, reserved 1114112K
  class space    used 7142K, committed 7424K, reserved 1048576K
}
Event: 4.332 GC heap after
{Heap after GC invocations=17 (full 0):
 garbage-first heap   total 98304K, used 24378K [0x0000000704c00000, 0x0000000800000000)
  region size 2048K, 2 young (4096K), 2 survivors (4096K)
 Metaspace       used 52574K, committed 53184K, reserved 1114112K
  class space    used 7142K, committed 7424K, reserved 1048576K
}
Event: 4.692 GC heap before
{Heap before GC invocations=17 (full 0):
 garbage-first heap   total 98304K, used 77626K [0x0000000704c00000, 0x0000000800000000)
  region size 2048K, 28 young (57344K), 2 survivors (4096K)
 Metaspace       used 57324K, committed 58048K, reserved 1114112K
  class space    used 7949K, committed 8256K, reserved 1048576K
}
Event: 4.699 GC heap after
{Heap after GC invocations=18 (full 0):
 garbage-first heap   total 98304K, used 24590K [0x0000000704c00000, 0x0000000800000000)
  region size 2048K, 3 young (6144K), 3 survivors (6144K)
 Metaspace       used 57324K, committed 58048K, reserved 1114112K
  class space    used 7949K, committed 8256K, reserved 1048576K
}
Event: 5.131 GC heap before
{Heap before GC invocations=18 (full 0):
 garbage-first heap   total 98304K, used 73742K [0x0000000704c00000, 0x0000000800000000)
  region size 2048K, 28 young (57344K), 3 survivors (6144K)
 Metaspace       used 61605K, committed 62336K, reserved 1114112K
  class space    used 8550K, committed 8896K, reserved 1048576K
}
Event: 5.136 GC heap after
{Heap after GC invocations=19 (full 0):
 garbage-first heap   total 98304K, used 27890K [0x0000000704c00000, 0x0000000800000000)
  region size 2048K, 4 young (8192K), 4 survivors (8192K)
 Metaspace       used 61605K, committed 62336K, reserved 1114112K
  class space    used 8550K, committed 8896K, reserved 1048576K
}
Event: 5.545 GC heap before
{Heap before GC invocations=19 (full 0):
 garbage-first heap   total 98304K, used 77042K [0x0000000704c00000, 0x0000000800000000)
  region size 2048K, 28 young (57344K), 4 survivors (8192K)
 Metaspace       used 65191K, committed 65920K, reserved 1114112K
  class space    used 9084K, committed 9408K, reserved 1048576K
}
Event: 5.549 GC heap after
{Heap after GC invocations=20 (full 0):
 garbage-first heap   total 98304K, used 30299K [0x0000000704c00000, 0x0000000800000000)
  region size 2048K, 4 young (8192K), 4 survivors (8192K)
 Metaspace       used 65191K, committed 65920K, reserved 1114112K
  class space    used 9084K, committed 9408K, reserved 1048576K
}

Dll operation events (12 events):
Event: 0.016 Loaded shared library C:\Users\hecto\Desktop\spring-tool-suite\sts-4.27.0.RELEASE\plugins\org.eclipse.justj.openjdk.hotspot.jre.full.win32.x86_64_21.0.5.v20241023-1957\jre\bin\java.dll
Event: 0.043 Loaded shared library C:\Users\hecto\Desktop\spring-tool-suite\sts-4.27.0.RELEASE\plugins\org.eclipse.justj.openjdk.hotspot.jre.full.win32.x86_64_21.0.5.v20241023-1957\jre\bin\zip.dll
Event: 0.274 Loaded shared library C:\Users\hecto\Desktop\spring-tool-suite\sts-4.27.0.RELEASE\plugins\org.eclipse.justj.openjdk.hotspot.jre.full.win32.x86_64_21.0.5.v20241023-1957\jre\bin\instrument.dll
Event: 0.278 Loaded shared library C:\Users\hecto\Desktop\spring-tool-suite\sts-4.27.0.RELEASE\plugins\org.eclipse.justj.openjdk.hotspot.jre.full.win32.x86_64_21.0.5.v20241023-1957\jre\bin\net.dll
Event: 0.279 Loaded shared library C:\Users\hecto\Desktop\spring-tool-suite\sts-4.27.0.RELEASE\plugins\org.eclipse.justj.openjdk.hotspot.jre.full.win32.x86_64_21.0.5.v20241023-1957\jre\bin\nio.dll
Event: 0.281 Loaded shared library C:\Users\hecto\Desktop\spring-tool-suite\sts-4.27.0.RELEASE\plugins\org.eclipse.justj.openjdk.hotspot.jre.full.win32.x86_64_21.0.5.v20241023-1957\jre\bin\zip.dll
Event: 0.392 Loaded shared library C:\Users\hecto\Desktop\spring-tool-suite\sts-4.27.0.RELEASE\plugins\org.eclipse.justj.openjdk.hotspot.jre.full.win32.x86_64_21.0.5.v20241023-1957\jre\bin\jimage.dll
Event: 0.431 Loaded shared library C:\Users\hecto\Desktop\spring-tool-suite\sts-4.27.0.RELEASE\plugins\org.eclipse.justj.openjdk.hotspot.jre.full.win32.x86_64_21.0.5.v20241023-1957\jre\bin\management.dll
Event: 0.441 Loaded shared library C:\Users\hecto\Desktop\spring-tool-suite\sts-4.27.0.RELEASE\plugins\org.eclipse.justj.openjdk.hotspot.jre.full.win32.x86_64_21.0.5.v20241023-1957\jre\bin\management_ext.dll
Event: 0.614 Loaded shared library C:\Users\hecto\Desktop\spring-tool-suite\sts-4.27.0.RELEASE\plugins\org.eclipse.justj.openjdk.hotspot.jre.full.win32.x86_64_21.0.5.v20241023-1957\jre\bin\extnet.dll
Event: 0.646 Loaded shared library C:\Users\hecto\Desktop\spring-tool-suite\sts-4.27.0.RELEASE\plugins\org.eclipse.justj.openjdk.hotspot.jre.full.win32.x86_64_21.0.5.v20241023-1957\jre\bin\verify.dll
Event: 1.629 Loaded shared library C:\Users\hecto\Desktop\spring-tool-suite\sts-4.27.0.RELEASE\plugins\org.eclipse.justj.openjdk.hotspot.jre.full.win32.x86_64_21.0.5.v20241023-1957\jre\bin\sunmscapi.dll

Deoptimization events (20 events):
Event: 9.317 Thread 0x0000022be3a95bd0 DEOPT PACKING pc=0x0000022b8fcbe9ac sp=0x000000fe617fcca0
Event: 9.317 Thread 0x0000022be3a95bd0 DEOPT UNPACKING pc=0x0000022b8f7e4e42 sp=0x000000fe617fc148 mode 1
Event: 9.317 Thread 0x0000022be3a95bd0 DEOPT PACKING pc=0x0000022b8fd4db14 sp=0x000000fe617fd720
Event: 9.317 Thread 0x0000022be3a95bd0 DEOPT UNPACKING pc=0x0000022b8f7e4e42 sp=0x000000fe617fcbe8 mode 1
Event: 9.317 Thread 0x0000022be3a95bd0 DEOPT PACKING pc=0x0000022b8ff67354 sp=0x000000fe617fd7b0
Event: 9.317 Thread 0x0000022be3a95bd0 DEOPT UNPACKING pc=0x0000022b8f7e4e42 sp=0x000000fe617fccd0 mode 1
Event: 9.338 Thread 0x0000022be3a95bd0 DEOPT PACKING pc=0x0000022b8fcdf8d9 sp=0x000000fe617fc8f0
Event: 9.338 Thread 0x0000022be3a95bd0 DEOPT UNPACKING pc=0x0000022b8f7e4e42 sp=0x000000fe617fbd48 mode 1
Event: 9.338 Thread 0x0000022be3a95bd0 DEOPT PACKING pc=0x0000022b8fcbe9ac sp=0x000000fe617fc980
Event: 9.338 Thread 0x0000022be3a95bd0 DEOPT UNPACKING pc=0x0000022b8f7e4e42 sp=0x000000fe617fbe38 mode 1
Event: 9.339 Thread 0x0000022be3a95bd0 DEOPT PACKING pc=0x0000022b8fcdf8d9 sp=0x000000fe617fc9b0
Event: 9.339 Thread 0x0000022be3a95bd0 DEOPT UNPACKING pc=0x0000022b8f7e4e42 sp=0x000000fe617fbe08 mode 1
Event: 9.339 Thread 0x0000022be3a95bd0 DEOPT PACKING pc=0x0000022b8fcbe9ac sp=0x000000fe617fca40
Event: 9.339 Thread 0x0000022be3a95bd0 DEOPT UNPACKING pc=0x0000022b8f7e4e42 sp=0x000000fe617fbef8 mode 1
Event: 9.339 Thread 0x0000022be3a95bd0 DEOPT PACKING pc=0x0000022b8fcdf8d9 sp=0x000000fe617fca80
Event: 9.339 Thread 0x0000022be3a95bd0 DEOPT UNPACKING pc=0x0000022b8f7e4e42 sp=0x000000fe617fbed8 mode 1
Event: 9.339 Thread 0x0000022be3a95bd0 DEOPT PACKING pc=0x0000022b8fcbe9ac sp=0x000000fe617fcb10
Event: 9.339 Thread 0x0000022be3a95bd0 DEOPT UNPACKING pc=0x0000022b8f7e4e42 sp=0x000000fe617fbfc8 mode 1
Event: 63.477 Thread 0x0000022be3a95bd0 DEOPT PACKING pc=0x0000022b9039ae34 sp=0x000000fe617fd7d0
Event: 63.477 Thread 0x0000022be3a95bd0 DEOPT UNPACKING pc=0x0000022b8f7e4e42 sp=0x000000fe617fcc78 mode 0

Classes loaded (20 events):
Event: 9.243 Loading class java/nio/channels/WritePendingException
Event: 9.243 Loading class java/nio/channels/WritePendingException done
Event: 9.248 Loading class java/util/concurrent/Semaphore
Event: 9.248 Loading class java/util/concurrent/Semaphore done
Event: 9.248 Loading class java/util/concurrent/Semaphore$NonfairSync
Event: 9.248 Loading class java/util/concurrent/Semaphore$Sync
Event: 9.248 Loading class java/util/concurrent/Semaphore$Sync done
Event: 9.248 Loading class java/util/concurrent/Semaphore$NonfairSync done
Event: 9.249 Loading class sun/nio/ch/SocketAdaptor
Event: 9.249 Loading class sun/nio/ch/SocketAdaptor done
Event: 9.249 Loading class sun/nio/ch/SocketChannelImpl$DefaultOptionsHolder
Event: 9.249 Loading class sun/nio/ch/SocketChannelImpl$DefaultOptionsHolder done
Event: 9.250 Loading class sun/nio/ch/SelectionKeyImpl
Event: 9.251 Loading class java/nio/channels/spi/AbstractSelectionKey
Event: 9.251 Loading class java/nio/channels/SelectionKey
Event: 9.251 Loading class java/nio/channels/SelectionKey done
Event: 9.251 Loading class java/nio/channels/spi/AbstractSelectionKey done
Event: 9.251 Loading class sun/nio/ch/SelectionKeyImpl done
Event: 9.251 Loading class java/lang/invoke/ConstantBootstraps
Event: 9.252 Loading class java/lang/invoke/ConstantBootstraps done

Classes unloaded (0 events):
No events

Classes redefined (1 events):
Event: 63.500 Thread 0x0000022b9adb5d20 redefined class name=com.hector.springboot.backend.jokes.controllers.JokesRestController, count=1

Internal exceptions (20 events):
Event: 4.816 Thread 0x0000022be0ef8c00 Exception <a 'java/lang/IncompatibleClassChangeError'{0x0000000709d18c28}: Found class java.lang.Object, but interface was expected> (0x0000000709d18c28) 
thrown [s\src\hotspot\share\interpreter\linkResolver.cpp, line 840]
Event: 4.845 Thread 0x0000022be0ef8c00 Exception <a 'java/lang/IncompatibleClassChangeError'{0x000000070994b3e0}: Found class java.lang.Object, but interface was expected> (0x000000070994b3e0) 
thrown [s\src\hotspot\share\interpreter\linkResolver.cpp, line 840]
Event: 4.962 Thread 0x0000022be0ef8c00 Exception <a 'java/lang/IncompatibleClassChangeError'{0x00000007089cd868}: Found class java.lang.Object, but interface was expected> (0x00000007089cd868) 
thrown [s\src\hotspot\share\interpreter\linkResolver.cpp, line 840]
Event: 4.985 Thread 0x0000022be0ef8c00 Exception <a 'java/lang/NoSuchMethodError'{0x0000000708533800}: 'int java.lang.invoke.DirectMethodHandle$Holder.invokeStaticInit(java.lang.Object, int, java.lang.Object, java.lang.Object, java.lang.Object, java.lang.Object)'> (0x0000000708533800) 
thrown [s\src\hotspot\share\interpreter\linkResolver.cpp, line 773]
Event: 5.075 Thread 0x0000022be0ef8c00 Exception <a 'java/lang/NoSuchMethodError'{0x0000000707f13bc8}: 'java.lang.Object java.lang.invoke.DirectMethodHandle$Holder.newInvokeSpecial(java.lang.Object, java.lang.Object, java.lang.Object, java.lang.Object, java.lang.Object, java.lang.Object, java.lang.Object, java.lang.Object)'> (0x0000000707f13bc8) 
thrown [s\src\hotspot\share\interpreter\linkResolver.cpp, line 773]
Event: 5.098 Thread 0x0000022be0ef8c00 Exception <a 'java/lang/NoSuchMethodError'{0x0000000707d0ff90}: 'java.lang.Object java.lang.invoke.DirectMethodHandle$Holder.newInvokeSpecial(java.lang.Object, java.lang.Object, java.lang.Object, java.lang.Object, java.lang.Object, java.lang.Object, java.lang.Object, java.lang.Object, java.lang.Object)'> (0x0000000707d0ff90) 
thrown [s\src\hotspot\share\interpreter\linkResolver.cpp, line 773]
Event: 5.100 Thread 0x0000022be0ef8c00 Exception <a 'java/lang/IncompatibleClassChangeError'{0x0000000707d3fd50}: Found class java.lang.Object, but interface was expected> (0x0000000707d3fd50) 
thrown [s\src\hotspot\share\interpreter\linkResolver.cpp, line 840]
Event: 5.178 Thread 0x0000022be0ef8c00 Exception <a 'java/lang/NoSuchMethodError'{0x000000070a7b4240}: 'java.lang.Object java.lang.invoke.DirectMethodHandle$Holder.invokeVirtual(java.lang.Object, java.lang.Object, int)'> (0x000000070a7b4240) 
thrown [s\src\hotspot\share\interpreter\linkResolver.cpp, line 773]
Event: 5.227 Thread 0x0000022be0ef8c00 Exception <a 'java/lang/NoSuchMethodError'{0x000000070a3ffca0}: 'java.lang.Object java.lang.invoke.DirectMethodHandle$Holder.invokeVirtual(java.lang.Object, java.lang.Object, java.lang.Object, java.lang.Object, java.lang.Object, java.lang.Object, java.lang.Object, java.lang.Object)'> (0x000000070a3ffca0) 
thrown [s\src\hotspot\share\interpreter\linkResolver.cpp, line 773]
Event: 5.398 Thread 0x0000022be0ef8c00 Exception <a 'java/lang/IncompatibleClassChangeError'{0x0000000708c1a990}: Found class java.lang.Object, but interface was expected> (0x0000000708c1a990) 
thrown [s\src\hotspot\share\interpreter\linkResolver.cpp, line 840]
Event: 5.432 Thread 0x0000022be0ef8c00 Exception <a 'java/lang/NoSuchMethodError'{0x000000070884b688}: 'void java.lang.invoke.DirectMethodHandle$Holder.invokeVirtual(java.lang.Object, java.lang.Object, long)'> (0x000000070884b688) 
thrown [s\src\hotspot\share\interpreter\linkResolver.cpp, line 773]
Event: 5.496 Thread 0x0000022be0ef8c00 Exception <a 'java/lang/NoSuchMethodError'{0x00000007080e8f58}: 'java.lang.Object java.lang.invoke.Invokers$Holder.invoke_MT(java.lang.Object, java.lang.Object, java.lang.Object, java.lang.Object, java.lang.Object, java.lang.Object, java.lang.Object, java.lang.Object, java.lang.Object)'> (0x00000007080e8f58) 
thrown [s\src\hotspot\share\interpreter\linkResolver.cpp, line 773]
Event: 5.506 Thread 0x0000022be0ef8c00 Exception <a 'java/lang/NoSuchMethodError'{0x00000007081ca148}: 'java.lang.Object java.lang.invoke.DirectMethodHandle$Holder.invokeVirtual(java.lang.Object, java.lang.Object, java.lang.Object, java.lang.Object, java.lang.Object, java.lang.Object, java.lang.Object)'> (0x00000007081ca148) 
thrown [s\src\hotspot\share\interpreter\linkResolver.cpp, line 773]
Event: 5.554 Thread 0x0000022be0ef8c00 Exception <a 'java/lang/IncompatibleClassChangeError'{0x0000000714645b38}: Found class java.lang.Object, but interface was expected> (0x0000000714645b38) 
thrown [s\src\hotspot\share\interpreter\linkResolver.cpp, line 840]
Event: 5.616 Thread 0x0000022be0ef8c00 Exception <a 'java/lang/NoSuchMethodError'{0x000000070a4413f0}: 'java.lang.Object java.lang.invoke.DirectMethodHandle$Holder.invokeVirtual(java.lang.Object, java.lang.Object, java.lang.Object, java.lang.Object, java.lang.Object, java.lang.Object, java.lang.Object, java.lang.Object, java.lang.Object, java.lang.Object)'> (0x000000070a4413f0) 
thrown [s\src\hotspot\share\interpreter\linkResolver.cpp, line 773]
Event: 5.658 Thread 0x0000022be0ef8c00 Exception <a 'java/lang/NoSuchMethodError'{0x000000070a072a68}: 'java.lang.Object java.lang.invoke.Invokers$Holder.invoke_MT(java.lang.Object, java.lang.Object, java.lang.Object, java.lang.Object, java.lang.Object, java.lang.Object, java.lang.Object, java.lang.Object, java.lang.Object, java.lang.Object, java.lang.Object)'> (0x000000070a072a68) 
thrown [s\src\hotspot\share\interpreter\linkResolver.cpp, line 773]
Event: 5.719 Thread 0x0000022be0ef8c00 Exception <a 'java/lang/NoSuchMethodError'{0x0000000709db0a10}: 'java.lang.Object java.lang.invoke.DirectMethodHandle$Holder.newInvokeSpecial(java.lang.Object, java.lang.Object, int, java.lang.Object, java.lang.Object)'> (0x0000000709db0a10) 
thrown [s\src\hotspot\share\interpreter\linkResolver.cpp, line 773]
Event: 5.837 Thread 0x0000022be11e1200 Exception <a 'java/lang/NoSuchMethodError'{0x00000007096e3438}: 'java.lang.Object java.lang.invoke.DirectMethodHandle$Holder.invokeInterface(java.lang.Object, java.lang.Object, java.lang.Object, java.lang.Object, java.lang.Object, java.lang.Object, java.lang.Object)'> (0x00000007096e3438) 
thrown [s\src\hotspot\share\interpreter\linkResolver.cpp, line 773]
Event: 9.285 Thread 0x0000022be3a95540 Exception <a 'java/lang/NoSuchMethodError'{0x0000000709035de8}: 'java.lang.Object java.lang.invoke.DirectMethodHandle$Holder.invokeSpecial(java.lang.Object, java.lang.Object, java.lang.Object, java.lang.Object, java.lang.Object, long)'> (0x0000000709035de8) 
thrown [s\src\hotspot\share\interpreter\linkResolver.cpp, line 773]
Event: 9.285 Thread 0x0000022be3a95540 Exception <a 'java/lang/NoSuchMethodError'{0x00000007090395c8}: 'java.lang.Object java.lang.invoke.Invokers$Holder.linkToTargetMethod(java.lang.Object, java.lang.Object, java.lang.Object, long, java.lang.Object)'> (0x00000007090395c8) 
thrown [s\src\hotspot\share\interpreter\linkResolver.cpp, line 773]

ZGC Phase Switch (0 events):
No events

VM Operations (20 events):
Event: 48.724 Executing VM operation: Cleanup
Event: 48.724 Executing VM operation: Cleanup done
Event: 57.811 Executing VM operation: Cleanup
Event: 57.811 Executing VM operation: Cleanup done
Event: 60.256 Executing VM operation: HandshakeAllThreads (HandshakeForDeflation)
Event: 60.256 Executing VM operation: HandshakeAllThreads (HandshakeForDeflation) done
Event: 60.257 Executing VM operation: RendezvousGCThreads
Event: 60.257 Executing VM operation: RendezvousGCThreads done
Event: 61.270 Executing VM operation: Cleanup
Event: 61.270 Executing VM operation: Cleanup done
Event: 63.477 Executing VM operation: ChangeSingleStep
Event: 63.477 Executing VM operation: ChangeSingleStep done
Event: 63.477 Executing VM operation: ChangeSingleStep
Event: 63.477 Executing VM operation: ChangeSingleStep done
Event: 63.495 Executing VM operation: RedefineClasses
Event: 63.512 Executing VM operation: RedefineClasses done
Event: 63.525 Executing VM operation: ChangeBreakpoints
Event: 63.527 Executing VM operation: ChangeBreakpoints done
Event: 63.532 Executing VM operation: ChangeSingleStep
Event: 63.532 Executing VM operation: ChangeSingleStep done

Memory protections (0 events):
No events

Nmethod flushes (20 events):
Event: 4.070 Thread 0x0000022b9adb5d20 flushing  nmethod 0x0000022b90003b10
Event: 4.070 Thread 0x0000022b9adb5d20 flushing  nmethod 0x0000022b900ff590
Event: 4.070 Thread 0x0000022b9adb5d20 flushing  nmethod 0x0000022b9010b090
Event: 4.070 Thread 0x0000022b9adb5d20 flushing  nmethod 0x0000022b9010b590
Event: 4.070 Thread 0x0000022b9adb5d20 flushing  nmethod 0x0000022b8fc76b90
Event: 4.070 Thread 0x0000022b9adb5d20 flushing  nmethod 0x0000022b8fc7ab10
Event: 4.070 Thread 0x0000022b9adb5d20 flushing  nmethod 0x0000022b90077190
Event: 4.070 Thread 0x0000022b9adb5d20 flushing  nmethod 0x0000022b90078510
Event: 4.070 Thread 0x0000022b9adb5d20 flushing  nmethod 0x0000022b90079410
Event: 4.070 Thread 0x0000022b9adb5d20 flushing  nmethod 0x0000022b8fbcd090
Event: 4.070 Thread 0x0000022b9adb5d20 flushing  nmethod 0x0000022b8ff53590
Event: 4.070 Thread 0x0000022b9adb5d20 flushing  nmethod 0x0000022b8ff64990
Event: 4.070 Thread 0x0000022b9adb5d20 flushing  nmethod 0x0000022b8fc7dd90
Event: 4.070 Thread 0x0000022b9adb5d20 flushing  nmethod 0x0000022b8fd69910
Event: 4.070 Thread 0x0000022b9adb5d20 flushing  nmethod 0x0000022b8fff3510
Event: 4.070 Thread 0x0000022b9adb5d20 flushing  nmethod 0x0000022b8fff4590
Event: 4.070 Thread 0x0000022b9adb5d20 flushing  nmethod 0x0000022b8fe0ea90
Event: 4.070 Thread 0x0000022b9adb5d20 flushing  nmethod 0x0000022b8ff49e10
Event: 4.070 Thread 0x0000022b9adb5d20 flushing  nmethod 0x0000022b9001a190
Event: 4.070 Thread 0x0000022b9adb5d20 flushing  nmethod 0x0000022b9003d190

Events (20 events):
Event: 5.751 Thread 0x0000022be1110580 Thread exited: 0x0000022be1110580
Event: 5.754 Thread 0x0000022b8bc63750 Thread exited: 0x0000022b8bc63750
Event: 5.754 Thread 0x0000022be3a94190 Thread added: 0x0000022be3a94190
Event: 5.827 Thread 0x0000022be11e1200 Thread added: 0x0000022be3a996e0
Event: 5.834 Thread 0x0000022be0af3480 Thread added: 0x0000022be3a99d70
Event: 5.836 Thread 0x0000022be0aeb820 Thread added: 0x0000022be3a97ca0
Event: 5.838 Thread 0x0000022be3a97ca0 Thread added: 0x0000022be3a98330
Event: 5.841 Thread 0x0000022be0af3480 Thread added: 0x0000022be3a989c0
Event: 5.846 Thread 0x0000022be0aeb820 Thread added: 0x0000022be3a99050
Event: 5.849 Thread 0x0000022be3a99050 Thread added: 0x0000022be0749b00
Event: 5.850 Thread 0x0000022be3a98330 Thread exited: 0x0000022be3a98330
Event: 5.852 Thread 0x0000022be0aeb820 Thread added: 0x0000022be0748750
Event: 5.854 Thread 0x0000022be0748750 Thread added: 0x0000022be074a190
Event: 5.855 Thread 0x0000022be0749b00 Thread exited: 0x0000022be0749b00
Event: 6.881 Thread 0x0000022be3a996e0 Thread exited: 0x0000022be3a996e0
Event: 6.902 Thread 0x0000022be074a190 Thread exited: 0x0000022be074a190
Event: 8.343 Thread 0x0000022be0a70280 Thread exited: 0x0000022be0a70280
Event: 9.149 Thread 0x0000022be11e44f0 Thread exited: 0x0000022be11e44f0
Event: 9.248 Thread 0x0000022be0998260 Thread exited: 0x0000022be0998260
Event: 21.740 Thread 0x0000022be0110b90 Thread exited: 0x0000022be0110b90


Dynamic libraries:
0x00007ff604b40000 - 0x00007ff604b4e000 	C:\Users\hecto\Desktop\spring-tool-suite\sts-4.27.0.RELEASE\plugins\org.eclipse.justj.openjdk.hotspot.jre.full.win32.x86_64_21.0.5.v20241023-1957\jre\bin\javaw.exe
0x00007ff914c20000 - 0x00007ff914e80000 	C:\WINDOWS\SYSTEM32\ntdll.dll
0x00007ff913e30000 - 0x00007ff913ef7000 	C:\WINDOWS\System32\KERNEL32.DLL
0x00007ff9123f0000 - 0x00007ff9127ba000 	C:\WINDOWS\System32\KERNELBASE.dll
0x00007ff912170000 - 0x00007ff9122bb000 	C:\WINDOWS\System32\ucrtbase.dll
0x00007ff8fc800000 - 0x00007ff8fc81e000 	C:\Users\hecto\Desktop\spring-tool-suite\sts-4.27.0.RELEASE\plugins\org.eclipse.justj.openjdk.hotspot.jre.full.win32.x86_64_21.0.5.v20241023-1957\jre\bin\VCRUNTIME140.dll
0x00007ff8fb130000 - 0x00007ff8fb148000 	C:\Users\hecto\Desktop\spring-tool-suite\sts-4.27.0.RELEASE\plugins\org.eclipse.justj.openjdk.hotspot.jre.full.win32.x86_64_21.0.5.v20241023-1957\jre\bin\jli.dll
0x00007ff913890000 - 0x00007ff913a5c000 	C:\WINDOWS\System32\USER32.dll
0x00007ff9129f0000 - 0x00007ff912a17000 	C:\WINDOWS\System32\win32u.dll
0x00007ff8f7fd0000 - 0x00007ff8f8267000 	C:\WINDOWS\WinSxS\amd64_microsoft.windows.common-controls_6595b64144ccf1df_6.0.26100.3624_none_3e086962e3345f24\COMCTL32.dll
0x00007ff914740000 - 0x00007ff91476a000 	C:\WINDOWS\System32\GDI32.dll
0x00007ff914b10000 - 0x00007ff914bb9000 	C:\WINDOWS\System32\msvcrt.dll
0x00007ff911e00000 - 0x00007ff911f31000 	C:\WINDOWS\System32\gdi32full.dll
0x00007ff911f40000 - 0x00007ff911fe3000 	C:\WINDOWS\System32\msvcp_win.dll
0x00007ff914700000 - 0x00007ff91472f000 	C:\WINDOWS\System32\IMM32.DLL
0x00007ff8fdb00000 - 0x00007ff8fdb0c000 	C:\Users\hecto\Desktop\spring-tool-suite\sts-4.27.0.RELEASE\plugins\org.eclipse.justj.openjdk.hotspot.jre.full.win32.x86_64_21.0.5.v20241023-1957\jre\bin\vcruntime140_1.dll
0x00007ff8ebea0000 - 0x00007ff8ebf2d000 	C:\Users\hecto\Desktop\spring-tool-suite\sts-4.27.0.RELEASE\plugins\org.eclipse.justj.openjdk.hotspot.jre.full.win32.x86_64_21.0.5.v20241023-1957\jre\bin\msvcp140.dll
0x00007ff88c470000 - 0x00007ff88d1ff000 	C:\Users\hecto\Desktop\spring-tool-suite\sts-4.27.0.RELEASE\plugins\org.eclipse.justj.openjdk.hotspot.jre.full.win32.x86_64_21.0.5.v20241023-1957\jre\bin\server\jvm.dll
0x00007ff9137d0000 - 0x00007ff913882000 	C:\WINDOWS\System32\ADVAPI32.dll
0x00007ff914630000 - 0x00007ff9146d6000 	C:\WINDOWS\System32\sechost.dll
0x00007ff912e50000 - 0x00007ff912f66000 	C:\WINDOWS\System32\RPCRT4.dll
0x00007ff912f70000 - 0x00007ff912fe4000 	C:\WINDOWS\System32\WS2_32.dll
0x00007ff911c70000 - 0x00007ff911cce000 	C:\WINDOWS\SYSTEM32\POWRPROF.dll
0x00007ff905300000 - 0x00007ff905336000 	C:\WINDOWS\SYSTEM32\WINMM.dll
0x00007ff8fdb90000 - 0x00007ff8fdb9b000 	C:\WINDOWS\SYSTEM32\VERSION.dll
0x00007ff911c50000 - 0x00007ff911c64000 	C:\WINDOWS\SYSTEM32\UMPDC.dll
0x00007ff910b70000 - 0x00007ff910b8a000 	C:\WINDOWS\SYSTEM32\kernel.appcore.dll
0x00007ff90e760000 - 0x00007ff90e76a000 	C:\Users\hecto\Desktop\spring-tool-suite\sts-4.27.0.RELEASE\plugins\org.eclipse.justj.openjdk.hotspot.jre.full.win32.x86_64_21.0.5.v20241023-1957\jre\bin\jimage.dll
0x00007ff90f5b0000 - 0x00007ff90f7f1000 	C:\WINDOWS\SYSTEM32\DBGHELP.DLL
0x00007ff914770000 - 0x00007ff914af2000 	C:\WINDOWS\System32\combase.dll
0x00007ff913d50000 - 0x00007ff913e26000 	C:\WINDOWS\System32\OLEAUT32.dll
0x00007ff8dbeb0000 - 0x00007ff8dbee9000 	C:\WINDOWS\SYSTEM32\dbgcore.DLL
0x00007ff912350000 - 0x00007ff9123e9000 	C:\WINDOWS\System32\bcryptPrimitives.dll
0x00007ff8fcf50000 - 0x00007ff8fcf8c000 	C:\Users\hecto\Desktop\spring-tool-suite\sts-4.27.0.RELEASE\plugins\org.eclipse.justj.openjdk.hotspot.jre.full.win32.x86_64_21.0.5.v20241023-1957\jre\bin\jdwp.dll
0x00007ff9052d0000 - 0x00007ff9052df000 	C:\Users\hecto\Desktop\spring-tool-suite\sts-4.27.0.RELEASE\plugins\org.eclipse.justj.openjdk.hotspot.jre.full.win32.x86_64_21.0.5.v20241023-1957\jre\bin\instrument.dll
0x00007ff8fd400000 - 0x00007ff8fd41f000 	C:\Users\hecto\Desktop\spring-tool-suite\sts-4.27.0.RELEASE\plugins\org.eclipse.justj.openjdk.hotspot.jre.full.win32.x86_64_21.0.5.v20241023-1957\jre\bin\java.dll
0x00007ff9130a0000 - 0x00007ff9137c9000 	C:\WINDOWS\System32\SHELL32.dll
0x00007ff9127c0000 - 0x00007ff912928000 	C:\WINDOWS\System32\wintypes.dll
0x00007ff90fa70000 - 0x00007ff9102c2000 	C:\WINDOWS\SYSTEM32\windows.storage.dll
0x00007ff914540000 - 0x00007ff91462d000 	C:\WINDOWS\System32\SHCORE.dll
0x00007ff914450000 - 0x00007ff9144b4000 	C:\WINDOWS\System32\shlwapi.dll
0x00007ff911d10000 - 0x00007ff911d3f000 	C:\WINDOWS\SYSTEM32\profapi.dll
0x00007ff8fcc90000 - 0x00007ff8fcca8000 	C:\Users\hecto\Desktop\spring-tool-suite\sts-4.27.0.RELEASE\plugins\org.eclipse.justj.openjdk.hotspot.jre.full.win32.x86_64_21.0.5.v20241023-1957\jre\bin\zip.dll
0x00007ff8fdb10000 - 0x00007ff8fdb1b000 	C:\Users\hecto\Desktop\spring-tool-suite\sts-4.27.0.RELEASE\plugins\org.eclipse.justj.openjdk.hotspot.jre.full.win32.x86_64_21.0.5.v20241023-1957\jre\bin\dt_socket.dll
0x00007ff910600000 - 0x00007ff910633000 	C:\WINDOWS\SYSTEM32\IPHLPAPI.DLL
0x00007ff911130000 - 0x00007ff91119a000 	C:\WINDOWS\system32\mswsock.dll
0x00007ff910640000 - 0x00007ff910765000 	C:\WINDOWS\SYSTEM32\DNSAPI.dll
0x00007ff914bd0000 - 0x00007ff914bda000 	C:\WINDOWS\System32\NSI.dll
0x00007ff908ac0000 - 0x00007ff908acb000 	C:\Windows\System32\rasadhlp.dll
0x00007ff90b500000 - 0x00007ff90b585000 	C:\WINDOWS\System32\fwpuclnt.dll
0x00007ff90cd70000 - 0x00007ff90cd80000 	C:\Users\hecto\Desktop\spring-tool-suite\sts-4.27.0.RELEASE\plugins\org.eclipse.justj.openjdk.hotspot.jre.full.win32.x86_64_21.0.5.v20241023-1957\jre\bin\net.dll
0x00007ff908960000 - 0x00007ff908a7d000 	C:\WINDOWS\SYSTEM32\WINHTTP.dll
0x00007ff8fcb20000 - 0x00007ff8fcb36000 	C:\Users\hecto\Desktop\spring-tool-suite\sts-4.27.0.RELEASE\plugins\org.eclipse.justj.openjdk.hotspot.jre.full.win32.x86_64_21.0.5.v20241023-1957\jre\bin\nio.dll
0x00007ff8fcf10000 - 0x00007ff8fcf1a000 	C:\Users\hecto\Desktop\spring-tool-suite\sts-4.27.0.RELEASE\plugins\org.eclipse.justj.openjdk.hotspot.jre.full.win32.x86_64_21.0.5.v20241023-1957\jre\bin\management.dll
0x00007ff8fce70000 - 0x00007ff8fce7b000 	C:\Users\hecto\Desktop\spring-tool-suite\sts-4.27.0.RELEASE\plugins\org.eclipse.justj.openjdk.hotspot.jre.full.win32.x86_64_21.0.5.v20241023-1957\jre\bin\management_ext.dll
0x00007ff914bc0000 - 0x00007ff914bc8000 	C:\WINDOWS\System32\PSAPI.DLL
0x00007ff8ef720000 - 0x00007ff8ef738000 	C:\WINDOWS\system32\napinsp.dll
0x00007ff8f1dd0000 - 0x00007ff8f1de2000 	C:\WINDOWS\System32\winrnr.dll
0x00007ff8f1d60000 - 0x00007ff8f1d90000 	C:\WINDOWS\system32\nlansp_c.dll
0x00007ff904790000 - 0x00007ff9047a6000 	C:\WINDOWS\system32\wshbth.dll
0x00007ff9113d0000 - 0x00007ff9113ec000 	C:\WINDOWS\SYSTEM32\CRYPTSP.dll
0x00007ff910b90000 - 0x00007ff910bca000 	C:\WINDOWS\system32\rsaenh.dll
0x00007ff9111d0000 - 0x00007ff9111fb000 	C:\WINDOWS\SYSTEM32\USERENV.dll
0x00007ff911ce0000 - 0x00007ff911d06000 	C:\WINDOWS\SYSTEM32\bcrypt.dll
0x00007ff9113f0000 - 0x00007ff9113fc000 	C:\WINDOWS\SYSTEM32\CRYPTBASE.dll
0x00007ff8fd3f0000 - 0x00007ff8fd3f9000 	C:\Users\hecto\Desktop\spring-tool-suite\sts-4.27.0.RELEASE\plugins\org.eclipse.justj.openjdk.hotspot.jre.full.win32.x86_64_21.0.5.v20241023-1957\jre\bin\extnet.dll
0x00007ff905050000 - 0x00007ff905060000 	C:\Users\hecto\Desktop\spring-tool-suite\sts-4.27.0.RELEASE\plugins\org.eclipse.justj.openjdk.hotspot.jre.full.win32.x86_64_21.0.5.v20241023-1957\jre\bin\verify.dll
0x00007ff8fdd30000 - 0x00007ff8fdd3e000 	C:\Users\hecto\Desktop\spring-tool-suite\sts-4.27.0.RELEASE\plugins\org.eclipse.justj.openjdk.hotspot.jre.full.win32.x86_64_21.0.5.v20241023-1957\jre\bin\sunmscapi.dll
0x00007ff911ff0000 - 0x00007ff912167000 	C:\WINDOWS\System32\CRYPT32.dll
0x00007ff9115d0000 - 0x00007ff911600000 	C:\WINDOWS\SYSTEM32\ncrypt.dll
0x00007ff911580000 - 0x00007ff9115bf000 	C:\WINDOWS\SYSTEM32\NTASN1.dll
0x00007ff8f6ff0000 - 0x00007ff8f6ff8000 	C:\WINDOWS\system32\wshunix.dll

dbghelp: loaded successfully - version: 4.0.5 - missing functions: none
symbol engine: initialized successfully - sym options: 0x614 - pdb path: .;C:\Users\hecto\Desktop\spring-tool-suite\sts-4.27.0.RELEASE\plugins\org.eclipse.justj.openjdk.hotspot.jre.full.win32.x86_64_21.0.5.v20241023-1957\jre\bin;C:\WINDOWS\SYSTEM32;C:\WINDOWS\WinSxS\amd64_microsoft.windows.common-controls_6595b64144ccf1df_6.0.26100.3624_none_3e086962e3345f24;C:\Users\hecto\Desktop\spring-tool-suite\sts-4.27.0.RELEASE\plugins\org.eclipse.justj.openjdk.hotspot.jre.full.win32.x86_64_21.0.5.v20241023-1957\jre\bin\server

VM Arguments:
jvm_args: -XX:+ShowCodeDetailsInExceptionMessages -agentlib:jdwp=transport=dt_socket,suspend=y,address=localhost:64932 -Dcom.sun.management.jmxremote -Dcom.sun.management.jmxremote.port=64931 -Dcom.sun.management.jmxremote.authenticate=false -Dcom.sun.management.jmxremote.ssl=false -Djava.rmi.server.hostname=localhost -Dspring.jmx.enabled=true -Dmanagement.endpoints.jmx.exposure.include=* -Dspring.application.admin.enabled=true -XX:TieredStopAtLevel=1 -Dspring.boot.project.name=Spring-boot-backend-Jokes -javaagent:C:\Users\hecto\Desktop\spring-tool-suite\sts-4.27.0.RELEASE\configuration\org.eclipse.osgi\275\0\.cp\lib\javaagent-shaded.jar -Dfile.encoding=UTF-8 -Dstdout.encoding=UTF-8 -Dstderr.encoding=UTF-8 
java_command: com.hector.springboot.backend.jokes.SpringBootBackendJokesApplication --spring.output.ansi.enabled=always
java_class_path (initial): C:\Users\hecto\spring-workspace\Spring-boot-backend-Jokes\target\classes;C:\Users\hecto\.m2\repository\org\springframework\boot\spring-boot-starter-data-jpa\3.4.4\spring-boot-starter-data-jpa-3.4.4.jar;C:\Users\hecto\.m2\repository\org\springframework\boot\spring-boot-starter\3.4.4\spring-boot-starter-3.4.4.jar;C:\Users\hecto\.m2\repository\org\springframework\boot\spring-boot-starter-logging\3.4.4\spring-boot-starter-logging-3.4.4.jar;C:\Users\hecto\.m2\repository\ch\qos\logback\logback-classic\1.5.18\logback-classic-1.5.18.jar;C:\Users\hecto\.m2\repository\ch\qos\logback\logback-core\1.5.18\logback-core-1.5.18.jar;C:\Users\hecto\.m2\repository\org\apache\logging\log4j\log4j-to-slf4j\2.24.3\log4j-to-slf4j-2.24.3.jar;C:\Users\hecto\.m2\repository\org\apache\logging\log4j\log4j-api\2.24.3\log4j-api-2.24.3.jar;C:\Users\hecto\.m2\repository\org\slf4j\jul-to-slf4j\2.0.17\jul-to-slf4j-2.0.17.jar;C:\Users\hecto\.m2\repository\jakarta\annotation\jakarta.annotation-api\2.1.1\jakarta.annotation-api-2.1.1.jar;C:\Users\hecto\.m2\repository\org\yaml\snakeyaml\2.3\snakeyaml-2.3.jar;C:\Users\hecto\.m2\repository\org\springframework\boot\spring-boot-starter-jdbc\3.4.4\spring-boot-starter-jdbc-3.4.4.jar;C:\Users\hecto\.m2\repository\com\zaxxer\HikariCP\5.1.0\HikariCP-5.1.0.jar;C:\Users\hecto\.m2\repository\org\springframework\spring-jdbc\6.2.5\spring-jdbc-6.2.5.jar;C:\Users\hecto\.m2\repository\org\hibernate\orm\hibernate-core\6.6.11.Final\hibernate-core-6.6.11.Final.jar;C:\Users\hecto\.m2\repository\jakarta\persistence\jakarta.persistence-api\3.1.0\jakarta.persistence-api-3.1.0.jar;C:\Users\hecto\.m2\repository\jakarta\transaction\jakarta.transaction-api\2.0.1\jakarta.transaction-api-2.0.1.jar;C:\Users\hecto\.m2\repository\org\jboss\logging\jboss-logging\3.6.1.Final\jboss-logging-3.6.1.Final.jar;C:\Users\hecto\.m2\repository\org\hibernate\common\hibernate-commons-annotations\7.0.3.Final\hibernate-commons-annotations-7.0.3.Final.jar;C:\Users\hecto\.m2\repository\io\smallrye\jandex\3.2.0\jandex-3.2.0.jar;C:\Users\hecto\.m2\repository\com\fasterxml\classmate\1.7.0\classmate-1.7.0.jar;C:\Users\hecto\.m2\repository\net\bytebuddy\byte-buddy\1.15.11\byte-buddy-1.15.11.jar;C:\Users\hecto\.m2\repository\org\glassfish\jaxb\jaxb-runtime\4.0.5\jaxb-runtime-4.0.5.jar;C:\Users\hecto\.m2\repository\org\glassfish\jaxb\jaxb-core\4.0.5\jaxb-core-4.0.5.jar;C:\Users\hecto\.m2\repository\org\eclipse\angus\angus-activation\2.0.2\angus-activation-2.0.2.jar;C:\Users\hecto\.m2\repository\org\glassfish\jaxb\txw2\4.0.5\txw2-4.0.5.jar;C:\Users\hecto\.m2\repository\com\sun\istack\istack-commons-runtime\4.1.2\istack-commons-runtime-4.1.2.jar;C:\Users\hecto\.m2\repository\jakarta\inject\jakarta.inject-api\2.0.1\jakarta.inject-api-2.0.1.jar;C:\Users\hecto\.m2\repository\org\antlr\antlr4-runtime\4.13.0\antlr4-runtime-4.13.0.jar;C:\Users\hecto\.m2\repository\org\springframework\data\spring-data-jpa\3.4.4\spring-data-jpa-3.4.4.jar;C:\Users\hecto\.m2\repository\org\springframework\data\spring-data-commons\3.4.4\spring-data-commons-3.4.4.jar;C:\Users\hecto\.m2\repository\org\springframework\spring-orm\6.2.5\spring-orm-6.2.5.jar;C:\Users\hecto\.m2\repository\org\springframework\spring-context\6.2.5\spring-context-6.2.5.jar;C:\Users\hecto\.m2\repository\org\springframework\spring-aop\6.2.5\spring-aop-6.2.5.jar;C:\Users\hecto\.m2\repository\org\springframework\spring-tx\6.2.5\spring-tx-6.2.5.jar;C:\Users\hecto\.m2\repository\org\springframework\spring-beans\6.2.5\spring-beans-6.2.5.jar;C:\Users\hecto\.m2\repository\org\slf4j\slf4j-api\2.0.17\slf4j-api-2.0.17.jar;C:\Users\hecto\.m2\repository\org\springframework\spring-aspects\6.2.5\spring-aspects-6.2.5.jar;C:\Users\hecto\.m2\repository\org\aspectj\aspectjweaver\1.9.23\aspectjweaver-1.9.23.jar;C:\Users\hecto\.m2\repository\org\springframework\boot\spring-boot-starter-data-rest\3.4.4\spring-boot-starter-data-rest-3.4.4.jar;C:\Users\hecto\.m2\repository\org\springframework\data\spring-data-rest-webmvc\4.4.4\spring-data-rest-webmvc-4.4.4.jar;C:\Users\hecto\.m2\repository\org\springframework\data\spring-data-rest-core\4.4.4\spring-data-rest-core-4.4.4.jar;C:\Users\hecto\.m2\repository\org\springframework\hateoas\spring-hateoas\2.4.1\spring-hateoas-2.4.1.jar;C:\Users\hecto\.m2\repository\org\springframework\plugin\spring-plugin-core\3.0.0\spring-plugin-core-3.0.0.jar;C:\Users\hecto\.m2\repository\org\atteo\evo-inflector\1.3\evo-inflector-1.3.jar;C:\Users\hecto\.m2\repository\com\fasterxml\jackson\core\jackson-databind\2.18.3\jackson-databind-2.18.3.jar;C:\Users\hecto\.m2\repository\com\fasterxml\jackson\core\jackson-core\2.18.3\jackson-core-2.18.3.jar;C:\Users\hecto\.m2\repository\com\fasterxml\jackson\core\jackson-annotations\2.18.3\jackson-annotations-2.18.3.jar;C:\Users\hecto\.m2\repository\org\springframework\boot\spring-boot-starter-web\3.4.4\spring-boot-starter-web-3.4.4.jar;C:\Users\hecto\.m2\repository\org\springframework\boot\spring-boot-starter-json\3.4.4\spring-boot-starter-json-3.4.4.jar;C:\Users\hecto\.m2\repository\com\fasterxml\jackson\datatype\jackson-datatype-jdk8\2.18.3\jackson-datatype-jdk8-2.18.3.jar;C:\Users\hecto\.m2\repository\com\fasterxml\jackson\datatype\jackson-datatype-jsr310\2.18.3\jackson-datatype-jsr310-2.18.3.jar;C:\Users\hecto\.m2\repository\com\fasterxml\jackson\module\jackson-module-parameter-names\2.18.3\jackson-module-parameter-names-2.18.3.jar;C:\Users\hecto\.m2\repository\org\springframework\boot\spring-boot-starter-tomcat\3.4.4\spring-boot-starter-tomcat-3.4.4.jar;C:\Users\hecto\.m2\repository\org\apache\tomcat\embed\tomcat-embed-core\10.1.39\tomcat-embed-core-10.1.39.jar;C:\Users\hecto\.m2\repository\org\apache\tomcat\embed\tomcat-embed-el\10.1.39\tomcat-embed-el-10.1.39.jar;C:\Users\hecto\.m2\repository\org\apache\tomcat\embed\tomcat-embed-websocket\10.1.39\tomcat-embed-websocket-10.1.39.jar;C:\Users\hecto\.m2\repository\org\springframework\spring-web\6.2.5\spring-web-6.2.5.jar;C:\Users\hecto\.m2\repository\io\micrometer\micrometer-observation\1.14.5\micrometer-observation-1.14.5.jar;C:\Users\hecto\.m2\repository\io\micrometer\micrometer-commons\1.14.5\micrometer-commons-1.14.5.jar;C:\Users\hecto\.m2\repository\org\springframework\spring-webmvc\6.2.5\spring-webmvc-6.2.5.jar;C:\Users\hecto\.m2\repository\org\springframework\spring-expression\6.2.5\spring-expression-6.2.5.jar;C:\Users\hecto\.m2\repository\org\springframework\boot\spring-boot-devtools\3.4.4\spring-boot-devtools-3.4.4.jar;C:\Users\hecto\.m2\repository\org\springframework\boot\spring-boot\3.4.4\spring-boot-3.4.4.jar;C:\Users\hecto\.m2\repository\org\springframework\boot\spring-boot-autoconfigure\3.4.4\spring-boot-autoconfigure-3.4.4.jar;C:\Users\hecto\.m2\repository\org\postgresql\postgresql\42.7.5\postgresql-42.7.5.jar;C:\Users\hecto\.m2\repository\org\checkerframework\checker-qual\3.48.3\checker-qual-3.48.3.jar;C:\Users\hecto\.m2\repository\com\jayway\jsonpath\json-path\2.9.0\json-path-2.9.0.jar;C:\Users\hecto\.m2\repository\jakarta\xml\bind\jakarta.xml.bind-api\4.0.2\jakarta.xml.bind-api-4.0.2.jar;C:\Users\hecto\.m2\repository\jakarta\activation\jakarta.activation-api\2.1.3\jakarta.activation-api-2.1.3.jar;C:\Users\hecto\.m2\repository\net\minidev\json-smart\2.5.2\json-smart-2.5.2.jar;C:\Users\hecto\.m2\repository\net\minidev\accessors-smart\2.5.2\accessors-smart-2.5.2.jar;C:\Users\hecto\.m2\repository\org\ow2\asm\asm\9.7.1\asm-9.7.1.jar;C:\Users\hecto\.m2\repository\org\springframework\spring-core\6.2.5\spring-core-6.2.5.jar;C:\Users\hecto\.m2\repository\org\springframework\spring-jcl\6.2.5\spring-jcl-6.2.5.jar
Launcher Type: SUN_STANDARD

[Global flags]
     intx CICompilerCount                          = 4                                         {product} {ergonomic}
     uint ConcGCThreads                            = 3                                         {product} {ergonomic}
     uint G1ConcRefinementThreads                  = 10                                        {product} {ergonomic}
   size_t G1HeapRegionSize                         = 2097152                                   {product} {ergonomic}
    uintx GCDrainStackTargetSize                   = 64                                        {product} {ergonomic}
   size_t InitialHeapSize                          = 264241152                                 {product} {ergonomic}
     bool ManagementServer                         = true                                      {product} {command line}
   size_t MarkStackSize                            = 4194304                                   {product} {ergonomic}
   size_t MaxHeapSize                              = 4215275520                                {product} {ergonomic}
   size_t MaxNewSize                               = 2529165312                                {product} {ergonomic}
   size_t MinHeapDeltaBytes                        = 2097152                                   {product} {ergonomic}
   size_t MinHeapSize                              = 8388608                                   {product} {ergonomic}
    uintx NonNMethodCodeHeapSize                   = 4096                                   {pd product} {ergonomic}
    uintx NonProfiledCodeHeapSize                  = 0                                      {pd product} {ergonomic}
     bool ProfileInterpreter                       = false                                  {pd product} {command line}
    uintx ProfiledCodeHeapSize                     = 0                                      {pd product} {ergonomic}
     bool ShowCodeDetailsInExceptionMessages       = true                                   {manageable} {command line}
   size_t SoftMaxHeapSize                          = 4215275520                             {manageable} {ergonomic}
     intx TieredStopAtLevel                        = 1                                         {product} {command line}
     bool UseCompressedOops                        = true                           {product lp64_product} {ergonomic}
     bool UseG1GC                                  = true                                      {product} {ergonomic}
     bool UseLargePagesIndividualAllocation        = false                                  {pd product} {ergonomic}

Logging:
Log output configuration:
 #0: stdout all=warning uptime,level,tags foldmultilines=false
 #1: stderr all=off uptime,level,tags foldmultilines=false

Environment Variables:
JAVA_HOME=C:\Program Files\Java\jdk-23
PATH=C:\Users\hecto\Desktop\spring-tool-suite\sts-4.27.0.RELEASE\plugins\org.eclipse.justj.openjdk.hotspot.jre.full.win32.x86_64_21.0.5.v20241023-1957\jre\bin;C:/Users/hecto/Desktop/spring-tool-suite/sts-4.27.0.RELEASE//plugins/org.eclipse.justj.openjdk.hotspot.jre.full.win32.x86_64_21.0.5.v20241023-1957/jre/bin/server;C:/Users/hecto/Desktop/spring-tool-suite/sts-4.27.0.RELEASE//plugins/org.eclipse.justj.openjdk.hotspot.jre.full.win32.x86_64_21.0.5.v20241023-1957/jre/bin;C:\Program Files\Common Files\Oracle\Java\javapath;C:\WINDOWS\system32;C:\WINDOWS;C:\WINDOWS\System32\Wbem;C:\WINDOWS\System32\WindowsPowerShell\v1.0\;C:\WINDOWS\System32\OpenSSH\;D:\1DAM\Entornos de desarollo\JAVA\bin;D:\1DAM\Entornos de desarollo\C-C#\bin;C:\Program Files\dotnet\;C:\Program Files\Git\cmd;C:\Users\hecto\AppData\Roaming\nvm;C:\Program Files\nodejs;C:\Program Files\Docker\Docker\resources\bin;C:\Program Files\GitHub CLI\;C:\Program Files\Microsoft SQL Server\150\Tools\Binn\;C:\Program Files\Microsoft SQL Server\Client SDK\ODBC\170\Tools\Binn\;C:\Program Files (x86)\Microsoft SQL Server\160\DTS\Binn\;C:\Program Files (x86)\Microsoft SQL Server\160\Tools\Binn\;C:\Program Files\Microsoft SQL Server\160\Tools\Binn\;C:\Program Files\Microsoft SQL Server\160\DTS\Binn\;C:\Program Files\Devart\EntityDeveloper\Console;C:\Users\hecto\AppData\Local\Programs\Python\Python311\Scripts\;C:\Users\hecto\AppData\Local\Programs\Python\Python311\;C:\Users\hecto\AppData\Local\Microsoft\WindowsApps;C:\Users\hecto\AppData\Local\GitHubDesktop\bin;C:\Users\hecto\.dotnet\tools;C:\Users\hecto\AppData\Local\Programs\Microsoft VS Code\bin;C:\Users\hecto\.dotnet\tools;C:\Users\hecto\AppData\Roaming\npm;C:\Users\hecto\AppData\Roaming\nvm;C:\Program Files\nodejs;C:\Users\hecto\AppData\Local\Microsoft\WindowsApps;;C:\Program Files\Devart\EntityDeveloper\Console;C:\Users\hecto\Desktop\spring-tool-suite\sts-4.27.0.RELEASE;
USERNAME=hecto
OS=Windows_NT
PROCESSOR_IDENTIFIER=Intel64 Family 6 Model 154 Stepping 4, GenuineIntel
TMP=C:\Users\hecto\AppData\Local\Temp
TEMP=C:\Users\hecto\AppData\Local\Temp




Periodic native trim disabled

---------------  S Y S T E M  ---------------

OS:
 Windows 11 , 64 bit Build 26100 (10.0.26100.3775)
OS uptime: 2 days 5:22 hours
Hyper-V role detected

CPU: total 12 (initial active 12) (6 cores per cpu, 2 threads per core) family 6 model 154 stepping 4 microcode 0x434, cx8, cmov, fxsr, ht, mmx, 3dnowpref, sse, sse2, sse3, ssse3, sse4.1, sse4.2, popcnt, lzcnt, tsc, tscinvbit, avx, avx2, aes, erms, clmul, bmi1, bmi2, adx, sha, fma, vzeroupper, clflush, clflushopt, clwb, hv, serialize, rdtscp, rdpid, fsrm, f16c, cet_ibt, cet_ss
Processor Information for processor 0
  Max Mhz: 1300, Current Mhz: 1300, Mhz Limit: 1300
Processor Information for processor 1
  Max Mhz: 1300, Current Mhz: 1300, Mhz Limit: 1300
Processor Information for processor 2
  Max Mhz: 1300, Current Mhz: 1300, Mhz Limit: 1300
Processor Information for processor 3
  Max Mhz: 1300, Current Mhz: 1300, Mhz Limit: 1300
Processor Information for processor 4
  Max Mhz: 1300, Current Mhz: 900, Mhz Limit: 897
Processor Information for processor 5
  Max Mhz: 1300, Current Mhz: 900, Mhz Limit: 897
Processor Information for processor 6
  Max Mhz: 1300, Current Mhz: 900, Mhz Limit: 897
Processor Information for processor 7
  Max Mhz: 1300, Current Mhz: 900, Mhz Limit: 897
Processor Information for processor 8
  Max Mhz: 1300, Current Mhz: 900, Mhz Limit: 897
Processor Information for processor 9
  Max Mhz: 1300, Current Mhz: 900, Mhz Limit: 897
Processor Information for processor 10
  Max Mhz: 1300, Current Mhz: 900, Mhz Limit: 897
Processor Information for processor 11
  Max Mhz: 1300, Current Mhz: 900, Mhz Limit: 897

Memory: 4k page, system-wide physical 16077M (3409M free)
TotalPageFile size 24781M (AvailPageFile size 8296M)
current process WorkingSet (physical memory assigned to process): 270M, peak: 270M
current process commit charge ("private bytes"): 307M, peak: 376M

vm_info: OpenJDK 64-Bit Server VM (21.0.5+11-LTS) for windows-amd64 JRE (21.0.5+11-LTS), built on 2024-10-15T00:00:00Z by "admin" with MS VC++ 17.7 (VS2022)

END.
