#
# A fatal error has been detected by the Java Runtime Environment:
#
#  EXCEPTION_ACCESS_VIOLATION (0xc0000005) at pc=0x000002526bbb0fa4, pid=26724, tid=13296
#
# JRE version: OpenJDK Runtime Environment Temurin-21.0.5+11 (21.0.5+11) (build 21.0.5+11-LTS)
# Java VM: OpenJDK 64-Bit Server VM Temurin-21.0.5+11 (21.0.5+11-LTS, mixed mode, emulated-client, sharing, tiered, compressed oops, compressed class ptrs, g1 gc, windows-amd64)
# Problematic frame:
# v  ~BufferBlob::MethodHandles adapters 0x000002526bbb0fa4
#
# No core dump will be written. Minidumps are not enabled by default on client versions of Windows
#
# If you would like to submit a bug report, please visit:
#   https://github.com/adoptium/adoptium-support/issues
#

---------------  S U M M A R Y ------------

Command Line: -XX:+ShowCodeDetailsInExceptionMessages -agentlib:jdwp=transport=dt_socket,suspend=y,address=localhost:60309 -Dcom.sun.management.jmxremote -Dcom.sun.management.jmxremote.port=60308 -Dcom.sun.management.jmxremote.authenticate=false -Dcom.sun.management.jmxremote.ssl=false -Djava.rmi.server.hostname=localhost -Dspring.jmx.enabled=true -Dmanagement.endpoints.jmx.exposure.include=* -Dspring.application.admin.enabled=true -XX:TieredStopAtLevel=1 -Dspring.boot.project.name=Spring-boot-backend-Jokes -javaagent:C:\Users\hecto\Desktop\spring-tool-suite\sts-4.27.0.RELEASE\configuration\org.eclipse.osgi\275\0\.cp\lib\javaagent-shaded.jar -Dfile.encoding=UTF-8 -Dstdout.encoding=UTF-8 -Dstderr.encoding=UTF-8 com.hector.springboot.backend.jokes.SpringBootBackendJokesApplication --spring.output.ansi.enabled=always

Host: 12th Gen Intel(R) Core(TM) i5-1235U, 12 cores, 15G,  Windows 11 , 64 bit Build 26100 (10.0.26100.3775)
Time: Sun Apr 13 13:26:37 2025 Hora de verano romance elapsed time: 61.642832 seconds (0d 0h 1m 1s)

---------------  T H R E A D  ---------------

Current thread (0x000002527eb3b070):  JavaThread "http-nio-8080-exec-2" daemon [_thread_in_Java, id=13296, stack(0x000000ffcac00000,0x000000ffcad00000) (1024K)]

Stack: [0x000000ffcac00000,0x000000ffcad00000],  sp=0x000000ffcacfce28,  free space=1011k
Native frames: (J=compiled Java code, j=interpreted, Vv=VM code, C=native code)
C  0x000002526bbb0fa4

The last pc belongs to _linkToVirtual (printed below).

siginfo: EXCEPTION_ACCESS_VIOLATION (0xc0000005), reading address 0x00000259078a45a2


Registers:
RAX=0x000002526bb8958b, RBX=0x0000000707a7b150, RCX=0x000000ffcacfce30, RDX=0x0000000000000002
RSP=0x000000ffcacfce28, RBP=0x000000ffcacfce78, RSI=0x000002527d5f8c98, RDI=0x000002527cda7d00
R8 =0x0000000000000004, R9 =0x0000000000000004, R10=0x00000252007295a2, R11=0x00000000e0e2f5c8
R12=0x0000000000000000, R13=0x000000ffcacfce28, R14=0x000000ffcacfce98, R15=0x000002527eb3b070
RIP=0x000002526bbb0fa4, EFLAGS=0x0000000000010202


Register to memory mapping:

RAX=0x000002526bb8958b is at code_begin+4363 in an Interpreter codelet
return entry points  [0x000002526bb88480, 0x000002526bb8a298]  7704 bytes
RBX=0x0000000707a7b150 is an oop: com.hector.springboot.backend.jokes.models.services.JokesServiceImpl 
{0x0000000707a7b150} - klass: 'com/hector/springboot/backend/jokes/models/services/JokesServiceImpl'
 - ---- fields (total size 3 words):
 - private 'jokesDao' 'Lcom/hector/springboot/backend/jokes/models/dao/IjokesDAO;' @12  a 'jdk/proxy4/$Proxy134'{0x0000000707a781f0} (0xe0f4f03e)
 - private 'jokesMapper' 'Lcom/hector/springboot/backend/jokes/mapper/JokesMapper;' @16  a 'com/hector/springboot/backend/jokes/mapper/JokesMapper'{0x000000070717ae40} (0xe0e2f5c8)
RCX=0x000000ffcacfce30 is pointing into the stack for thread: 0x000002527eb3b070
RDX=0x0000000000000002 is an unknown value
RSP=0x000000ffcacfce28 is pointing into the stack for thread: 0x000002527eb3b070
RBP=0x000000ffcacfce78 is pointing into the stack for thread: 0x000002527eb3b070
RSI=0x000002527d5f8c98 points into unknown readable memory: 0x80001800910b1789 | 89 17 0b 91 00 18 00 80
RDI=0x000002527cda7d00 points into unknown readable memory: 0x0000001800000060 | 60 00 00 00 18 00 00 00
R8 =0x0000000000000004 is an unknown value
R9 =0x0000000000000004 is an unknown value
R10=0x00000252007295a2 is pointing into metadata
R11=3772970440 is a compressed pointer to object: com.hector.springboot.backend.jokes.mapper.JokesMapper 
{0x000000070717ae40} - klass: 'com/hector/springboot/backend/jokes/mapper/JokesMapper'
 - ---- fields (total size 2 words):
R12=0x0 is null
R13=0x000000ffcacfce28 is pointing into the stack for thread: 0x000002527eb3b070
R14=0x000000ffcacfce98 is pointing into the stack for thread: 0x000002527eb3b070
R15=0x000002527eb3b070 is a thread

Top of Stack: (sp=0x000000ffcacfce28)
0x000000ffcacfce28:   000002526bb8958b 000000ffcacfce30
0x000000ffcacfce38:   00000252007295a2 0000000000000004
0x000000ffcacfce48:   00000252000b0fd8 000000070889c678
0x000000ffcacfce58:   0000000705016dc0 00000252000b3b28
0x000000ffcacfce68:   000000ffcacfce28 000000ffcacfcea0
0x000000ffcacfce78:   000000ffcacfd1b0 000002526c319cb0
0x000000ffcacfce88:   0000000707a3c8e8 0000000707a7b150
0x000000ffcacfce98:   0000000707a3c880 000000ffcacfd1b0
0x000000ffcacfcea8:   000002526c7d7524 0000000705283bd8
0x000000ffcacfceb8:   0000000707a3c858 0000000707a7b150
0x000000ffcacfcec8:   0000000707a3c930 0000000707a3c880
0x000000ffcacfced8:   0000000707a7b150 000002526c319bec
0x000000ffcacfcee8:   0000025201888e58 000000ffcacfd1b0
0x000000ffcacfcef8:   000002526c5dee2a 0000025200000000
0x000000ffcacfcf08:   0000000707907490 0000000705283bd8
0x000000ffcacfcf18:   000000070889c678 000000070889c650
0x000000ffcacfcf28:   0000025200000001 0000000705283bd8
0x000000ffcacfcf38:   0000000705629960 00000007079073c0
0x000000ffcacfcf48:   00007ff87b812536 000000ffcacfd1b0
0x000000ffcacfcf58:   000002526bfadc5c 000002527e036650
0x000000ffcacfcf68:   000000070889b9b8 000000ffcacfd1b0
0x000000ffcacfcf78:   000002526c7d5af4 0000000000000000
0x000000ffcacfcf88:   0000000000000000 0000000000000000
0x000000ffcacfcf98:   0000000000000000 0000000000000000
0x000000ffcacfcfa8:   0000000000000000 0000000707a3c838
0x000000ffcacfcfb8:   0000000707a7b168 0000000707a7b150
0x000000ffcacfcfc8:   000002527c5b0500 0000000707907490
0x000000ffcacfcfd8:   0000000705016728 0000000707907490
0x000000ffcacfcfe8:   0000000700000000 0000000000000000
0x000000ffcacfcff8:   000000070889c678 000000ffcacfd1b0
0x000000ffcacfd008:   000002526c7d5599 0000000707907490
0x000000ffcacfd018:   0000000707a3c858 000000ffcacfd1b0 

Instructions: (pc=0x000002526bbb0fa4)
0x000002526bbb0ea4:   52 02 00 00 00 0f bb 6b 52 02 00 00 80 1f bb 6b
0x000002526bbb0eb4:   52 02 00 00 f0 0e bb 6b 52 02 00 00 f0 0e bb 6b
0x000002526bbb0ec4:   52 02 00 00 00 00 00 00 00 00 00 00 f8 76 c4 7b
0x000002526bbb0ed4:   f8 7f 00 00 f0 10 00 00 60 00 00 00 ff ff ff ff
0x000002526bbb0ee4:   f0 10 00 00 00 00 00 00 00 00 00 00 00 00 00 00
0x000002526bbb0ef4:   00 00 00 00 00 00 00 00 00 00 00 00 f4 66 66 66
0x000002526bbb0f04:   0f 1f 84 00 00 00 00 00 66 66 66 90 66 66 66 0f
0x000002526bbb0f14:   1f 84 00 00 00 00 00 66 66 66 90 90 48 8b 53 08
0x000002526bbb0f24:   0f b7 52 2e 48 8b 0c d4 8b 59 14 48 c1 e3 03 8b
0x000002526bbb0f34:   5b 28 48 c1 e3 03 8b 5b 24 48 c1 e3 03 48 8b 5b
0x000002526bbb0f44:   10 48 85 db 0f 84 10 00 00 00 41 80 bf d8 05 00
0x000002526bbb0f54:   00 00 74 03 ff 63 38 ff 63 50 e9 9d 16 00 00 66
0x000002526bbb0f64:   66 66 0f 1f 84 00 00 00 00 00 66 66 66 90 66 66
0x000002526bbb0f74:   0f 1f 84 00 00 00 00 00 66 66 66 90 48 8b 53 08
0x000002526bbb0f84:   0f b7 52 2e 48 8b 0c d4 58 5b 50 44 8b 51 08 49
0x000002526bbb0f94:   bb 00 00 00 00 52 02 00 00 4d 03 d3 4c 8b 5b 10
0x000002526bbb0fa4:   4b 8b 9c da c0 01 00 00 48 85 db 0f 84 10 00 00
0x000002526bbb0fb4:   00 41 80 bf d8 05 00 00 00 74 03 ff 63 38 ff 63
0x000002526bbb0fc4:   50 e9 36 16 00 00 66 66 66 0f 1f 84 00 00 00 00
0x000002526bbb0fd4:   00 66 66 66 90 0f 1f 80 00 00 00 00 58 5b 50 8b
0x000002526bbb0fe4:   5b 24 48 c1 e3 03 48 8b 5b 10 48 85 db 0f 84 10
0x000002526bbb0ff4:   00 00 00 41 80 bf d8 05 00 00 00 74 03 ff 63 38
0x000002526bbb1004:   ff 63 50 e9 f4 15 00 00 66 66 66 0f 1f 84 00 00
0x000002526bbb1014:   00 00 00 66 66 66 90 0f 1f 44 00 00 48 8b 53 08
0x000002526bbb1024:   0f b7 52 2e 48 8b 0c d4 58 5b 50 48 3b 01 8b 5b
0x000002526bbb1034:   24 48 c1 e3 03 48 8b 5b 10 48 85 db 0f 84 10 00
0x000002526bbb1044:   00 00 41 80 bf d8 05 00 00 00 74 03 ff 63 38 ff
0x000002526bbb1054:   63 50 e9 a5 15 00 00 0f 1f 44 00 00 48 8b 53 08
0x000002526bbb1064:   0f b7 52 2e 48 8b 0c d4 58 5b 50 44 8b 51 08 49
0x000002526bbb1074:   bb 00 00 00 00 52 02 00 00 4d 03 d3 8b 43 18 48
0x000002526bbb1084:   c1 e0 03 48 8b 40 10 48 8b 5b 10 45 8b 9a a0 00
0x000002526bbb1094:   00 00 4f 8d 9c da c0 01 00 00 4d 8d 14 da 49 8b 


Stack slot to memory mapping:

stack at sp + 0 slots: 0x000002526bb8958b is at code_begin+4363 in an Interpreter codelet
return entry points  [0x000002526bb88480, 0x000002526bb8a298]  7704 bytes
stack at sp + 1 slots: 0x000000ffcacfce30 is pointing into the stack for thread: 0x000002527eb3b070
stack at sp + 2 slots: 0x00000252007295a2 is pointing into metadata
stack at sp + 3 slots: 0x0000000000000004 is an unknown value
stack at sp + 4 slots: 0x00000252000b0fd8 is pointing into metadata
stack at sp + 5 slots: 0x000000070889c678 is an oop: jdk.internal.reflect.DirectMethodHandleAccessor 
{0x000000070889c678} - klass: 'jdk/internal/reflect/DirectMethodHandleAccessor'
 - ---- fields (total size 4 words):
 - private final 'paramCount' 'I' @12  0 (0x00000000)
 - private final 'flags' 'I' @16  0 (0x00000000)
 - private final 'declaringClass' 'Ljava/lang/Class;' @20  a 'java/lang/Class'{0x0000000705283bd8} = 'com/hector/springboot/backend/jokes/models/services/JokesServiceImpl' (0xe0a5077b)
 - private final 'target' 'Ljava/lang/invoke/MethodHandle;' @24  a 'java/lang/invoke/BoundMethodHandle$Species_LL'{0x000000070889c650} (0xe11138ca)
stack at sp + 6 slots: 0x0000000705016dc0 is an oop: java.lang.Class 
{0x0000000705016dc0} - klass: 'java/lang/Class'
 - ---- fields (total size 14 words):
 - private volatile transient 'classRedefinedCount' 'I' @12  0 (0x00000000)
 - injected 'klass' 'J' @16  2551211297712 (0x00000252000b0bb0)
 - injected 'array_klass' 'J' @24  0 (0x0000000000000000)
 - injected 'oop_size' 'I' @32  14 (0x0000000e)
 - injected 'static_oop_field_count' 'I' @36  0 (0x00000000)
 - private volatile transient 'cachedConstructor' 'Ljava/lang/reflect/Constructor;' @40  null (0x00000000)
 - private transient 'name' 'Ljava/lang/String;' @44  null (0x00000000)
 - private transient 'module' 'Ljava/lang/Module;' @48  a 'java/lang/Module'{0x0000000704fbecd0} (0xe09f7d9a)
 - private final 'classLoader' 'Ljava/lang/ClassLoader;' @52  null (0x00000000)
 - private transient 'classData' 'Ljava/lang/Object;' @56  null (0x00000000)
 - private transient 'packageName' 'Ljava/lang/String;' @60  null (0x00000000)
 - private final 'componentType' 'Ljava/lang/Class;' @64  null (0x00000000)
 - private volatile transient 'reflectionData' 'Ljava/lang/ref/SoftReference;' @68  null (0x00000000)
 - private volatile transient 'genericInfo' 'Lsun/reflect/generics/repository/ClassRepository;' @72  null (0x00000000)
 - private volatile transient 'enumConstants' '[Ljava/lang/Object;' @76  null (0x00000000)
 - private volatile transient 'enumConstantDirectory' 'Ljava/util/Map;' @80  null (0x00000000)
 - private volatile transient 'annotationData' 'Ljava/lang/Class$AnnotationData;' @84  null (0x00000000)
 - private volatile transient 'annotationType' 'Lsun/reflect/annotation/AnnotationType;' @88  null (0x00000000)
 - transient 'classValueMap' 'Ljava/lang/ClassValue$ClassValueMap;' @92  null (0x00000000)
 - injected 'protection_domain' 'Ljava/lang/Object;' @96  null (0x00000000)
 - injected 'signers_name' 'Ljava/lang/Object;' @100  null (0x00000000)
 - injected 'source_file' 'Ljava/lang/Object;' @104  null (0x00000000)
 - injected '<init_lock>' 'Ljava/lang/Object;' @108  null (0x00000000)
 - signature: Ljava/lang/invoke/DirectMethodHandle$Holder;
 - ---- static fields (0):
stack at sp + 7 slots: {method} {0x00000252000b3b30} 'invokeVirtual' '(Ljava/lang/Object;Ljava/lang/Object;)Ljava/lang/Object;' in 'java/lang/invoke/DirectMethodHandle$Holder'

MethodHandle::interpreter_entry::_linkToVirtual [0x000002526bbb0f63, 0x000002526bbb0fca] (103 bytes)
[MachCode]
  0x000002526bbb0f63: 6666 660f | 1f84 0000 | 0000 0066 | 6666 9066 | 660f 1f84 | 0000 0000 | 0066 6666 | 9048 8b53 
  0x000002526bbb0f83: 080f b752 | 2e48 8b0c | d458 5b50 | 448b 5108 | 49bb 0000 | 0000 5202 | 0000 4d03 | d34c 8b5b 
  0x000002526bbb0fa3: 104b 8b9c | dac0 0100 | 0048 85db | 0f84 1000 | 0000 4180 | bfd8 0500 | 0000 7403 | ff63 38ff 
  0x000002526bbb0fc3: 6350 e936 | 
[/MachCode]

---------------  P R O C E S S  ---------------

Threads class SMR info:
_java_thread_list=0x000002527e54eea0, length=45, elements={
0x000002527721d090, 0x000002527721edb0, 0x0000025277227d60, 0x00000252772287b0,
0x000002527722a8e0, 0x000002527722d5a0, 0x0000025277234070, 0x0000025277416900,
0x00000252774ef210, 0x00000252774f1eb0, 0x00000252774f6540, 0x000002527c19d410,
0x000002527c3d7bb0, 0x000002527c3f56a0, 0x000002527c40c650, 0x000002527c6d5ab0,
0x000002527c8120c0, 0x000002527c7fd000, 0x000002527c828ae0, 0x000002527c8757f0,
0x000002527c8785e0, 0x000002527c876510, 0x000002527c8778c0, 0x000002527c878c70,
0x000002527eb3cab0, 0x000002527eb3d140, 0x000002527eb3de60, 0x000002527eb3b070,
0x000002527eb3b700, 0x000002527eb3d7d0, 0x000002527eb3e4f0, 0x000002527eb3eb80,
0x000002527eb3f210, 0x000002527eb3bd90, 0x000002527eb40c50, 0x000002527eb41970,
0x000002527eb412e0, 0x000002527eb42000, 0x000002527eb42690, 0x000002527eb3f8a0,
0x000002527eb3ff30, 0x000002527c875e80, 0x000002527c2397a0, 0x000002527c237d60,
0x000002527c2383f0
}

Java Threads: ( => current thread )
  0x000002527721d090 JavaThread "Reference Handler"          daemon [_thread_blocked, id=22940, stack(0x000000ffc7f00000,0x000000ffc8000000) (1024K)]
  0x000002527721edb0 JavaThread "Finalizer"                  daemon [_thread_blocked, id=20864, stack(0x000000ffc8000000,0x000000ffc8100000) (1024K)]
  0x0000025277227d60 JavaThread "Signal Dispatcher"          daemon [_thread_blocked, id=17796, stack(0x000000ffc8100000,0x000000ffc8200000) (1024K)]
  0x00000252772287b0 JavaThread "Attach Listener"            daemon [_thread_blocked, id=4080, stack(0x000000ffc8200000,0x000000ffc8300000) (1024K)]
  0x000002527722a8e0 JavaThread "Service Thread"             daemon [_thread_blocked, id=25836, stack(0x000000ffc8300000,0x000000ffc8400000) (1024K)]
  0x000002527722d5a0 JavaThread "Monitor Deflation Thread"   daemon [_thread_blocked, id=17020, stack(0x000000ffc8400000,0x000000ffc8500000) (1024K)]
  0x0000025277234070 JavaThread "C1 CompilerThread0"         daemon [_thread_blocked, id=21220, stack(0x000000ffc8500000,0x000000ffc8600000) (1024K)]
  0x0000025277416900 JavaThread "Common-Cleaner"             daemon [_thread_blocked, id=27920, stack(0x000000ffc8600000,0x000000ffc8700000) (1024K)]
  0x00000252774ef210 JavaThread "JDWP Transport Listener: dt_socket" daemon [_thread_blocked, id=19836, stack(0x000000ffc8800000,0x000000ffc8900000) (1024K)]
  0x00000252774f1eb0 JavaThread "JDWP Event Helper Thread"   daemon [_thread_blocked, id=13640, stack(0x000000ffc8900000,0x000000ffc8a00000) (1024K)]
  0x00000252774f6540 JavaThread "JDWP Command Reader"        daemon [_thread_in_native, id=9256, stack(0x000000ffc8a00000,0x000000ffc8b00000) (1024K)]
  0x000002527c19d410 JavaThread "Notification Thread"        daemon [_thread_blocked, id=12496, stack(0x000000ffc8b00000,0x000000ffc8c00000) (1024K)]
  0x000002527c3d7bb0 JavaThread "RMI TCP Accept-0"           daemon [_thread_in_native, id=23908, stack(0x000000ffc9600000,0x000000ffc9700000) (1024K)]
  0x000002527c3f56a0 JavaThread "RMI TCP Accept-60308"       daemon [_thread_in_native, id=13336, stack(0x000000ffc9700000,0x000000ffc9800000) (1024K)]
  0x000002527c40c650 JavaThread "RMI TCP Accept-0"           daemon [_thread_in_native, id=796, stack(0x000000ffc9800000,0x000000ffc9900000) (1024K)]
  0x000002527c6d5ab0 JavaThread "RMI TCP Connection(idle)"   daemon [_thread_blocked, id=27388, stack(0x000000ffc9900000,0x000000ffc9a00000) (1024K)]
  0x000002527c8120c0 JavaThread "RMI Scheduler(0)"           daemon [_thread_blocked, id=816, stack(0x000000ffc9a00000,0x000000ffc9b00000) (1024K)]
  0x000002527c7fd000 JavaThread "RMI TCP Connection(9)-127.0.0.1" daemon [_thread_in_native, id=9828, stack(0x000000ffc9b00000,0x000000ffc9c00000) (1024K)]
  0x000002527c828ae0 JavaThread "JMX server connection timeout 39" daemon [_thread_blocked, id=10752, stack(0x000000ffc9c00000,0x000000ffc9d00000) (1024K)]
  0x000002527c8757f0 JavaThread "Catalina-utility-1"                [_thread_blocked, id=17936, stack(0x000000ffca000000,0x000000ffca100000) (1024K)]
  0x000002527c8785e0 JavaThread "Catalina-utility-2"                [_thread_blocked, id=2704, stack(0x000000ffca300000,0x000000ffca400000) (1024K)]
  0x000002527c876510 JavaThread "container-0"                       [_thread_blocked, id=9928, stack(0x000000ffca400000,0x000000ffca500000) (1024K)]
  0x000002527c8778c0 JavaThread "PostgreSQL-JDBC-Cleaner"    daemon [_thread_blocked, id=13020, stack(0x000000ffca600000,0x000000ffca700000) (1024K)]
  0x000002527c878c70 JavaThread "HikariPool-1 housekeeper"   daemon [_thread_blocked, id=23452, stack(0x000000ffca700000,0x000000ffca800000) (1024K)]
  0x000002527eb3cab0 JavaThread "File Watcher"               daemon [_thread_blocked, id=28032, stack(0x000000ffca900000,0x000000ffcaa00000) (1024K)]
  0x000002527eb3d140 JavaThread "Live Reload Server"         daemon [_thread_in_native, id=23448, stack(0x000000ffcab00000,0x000000ffcac00000) (1024K)]
  0x000002527eb3de60 JavaThread "http-nio-8080-exec-1"       daemon [_thread_blocked, id=27516, stack(0x000000ffcaa00000,0x000000ffcab00000) (1024K)]
=>0x000002527eb3b070 JavaThread "http-nio-8080-exec-2"       daemon [_thread_in_Java, id=13296, stack(0x000000ffcac00000,0x000000ffcad00000) (1024K)]
  0x000002527eb3b700 JavaThread "http-nio-8080-exec-3"       daemon [_thread_blocked, id=10540, stack(0x000000ffcad00000,0x000000ffcae00000) (1024K)]
  0x000002527eb3d7d0 JavaThread "http-nio-8080-exec-4"       daemon [_thread_blocked, id=24184, stack(0x000000ffcae00000,0x000000ffcaf00000) (1024K)]
  0x000002527eb3e4f0 JavaThread "http-nio-8080-exec-5"       daemon [_thread_blocked, id=18780, stack(0x000000ffcaf00000,0x000000ffcb000000) (1024K)]
  0x000002527eb3eb80 JavaThread "http-nio-8080-exec-6"       daemon [_thread_blocked, id=23216, stack(0x000000ffcb000000,0x000000ffcb100000) (1024K)]
  0x000002527eb3f210 JavaThread "http-nio-8080-exec-7"       daemon [_thread_blocked, id=11912, stack(0x000000ffcb100000,0x000000ffcb200000) (1024K)]
  0x000002527eb3bd90 JavaThread "http-nio-8080-exec-8"       daemon [_thread_blocked, id=29560, stack(0x000000ffcb200000,0x000000ffcb300000) (1024K)]
  0x000002527eb40c50 JavaThread "http-nio-8080-exec-9"       daemon [_thread_blocked, id=24208, stack(0x000000ffcb300000,0x000000ffcb400000) (1024K)]
  0x000002527eb41970 JavaThread "http-nio-8080-exec-10"      daemon [_thread_blocked, id=3288, stack(0x000000ffcb400000,0x000000ffcb500000) (1024K)]
  0x000002527eb412e0 JavaThread "http-nio-8080-Poller"       daemon [_thread_in_native, id=22816, stack(0x000000ffcb500000,0x000000ffcb600000) (1024K)]
  0x000002527eb42000 JavaThread "http-nio-8080-Acceptor"     daemon [_thread_in_native, id=1972, stack(0x000000ffcb600000,0x000000ffcb700000) (1024K)]
  0x000002527eb42690 JavaThread "DestroyJavaVM"                     [_thread_blocked, id=24820, stack(0x000000ffc7700000,0x000000ffc7800000) (1024K)]
  0x000002527eb3f8a0 JavaThread "RMI TCP Connection(idle)"   daemon [_thread_blocked, id=15340, stack(0x000000ffc9f00000,0x000000ffca000000) (1024K)]
  0x000002527eb3ff30 JavaThread "RMI TCP Connection(idle)"   daemon [_thread_blocked, id=19564, stack(0x000000ffcb700000,0x000000ffcb800000) (1024K)]
  0x000002527c875e80 JavaThread "RMI TCP Connection(idle)"   daemon [_thread_blocked, id=28992, stack(0x000000ffcb800000,0x000000ffcb900000) (1024K)]
  0x000002527c2397a0 JavaThread "RMI TCP Connection(idle)"   daemon [_thread_blocked, id=22436, stack(0x000000ffcb900000,0x000000ffcba00000) (1024K)]
  0x000002527c237d60 JavaThread "RMI TCP Connection(idle)"   daemon [_thread_blocked, id=5620, stack(0x000000ffcba00000,0x000000ffcbb00000) (1024K)]
  0x000002527c2383f0 JavaThread "RMI TCP Connection(idle)"   daemon [_thread_blocked, id=3260, stack(0x000000ffcbc00000,0x000000ffcbd00000) (1024K)]
Total: 45

Other Threads:
  0x0000025277204670 VMThread "VM Thread"                           [id=19700, stack(0x000000ffc7e00000,0x000000ffc7f00000) (1024K)]
  0x00000252771f3b00 WatcherThread "VM Periodic Task Thread"        [id=25916, stack(0x000000ffc7d00000,0x000000ffc7e00000) (1024K)]
  0x00000252680b72a0 WorkerThread "GC Thread#0"                     [id=24924, stack(0x000000ffc7800000,0x000000ffc7900000) (1024K)]
  0x000002527c394d80 WorkerThread "GC Thread#1"                     [id=12508, stack(0x000000ffc8e00000,0x000000ffc8f00000) (1024K)]
  0x000002527c395120 WorkerThread "GC Thread#2"                     [id=21920, stack(0x000000ffc8f00000,0x000000ffc9000000) (1024K)]
  0x000002527c3954c0 WorkerThread "GC Thread#3"                     [id=27292, stack(0x000000ffc9000000,0x000000ffc9100000) (1024K)]
  0x000002527c395860 WorkerThread "GC Thread#4"                     [id=30588, stack(0x000000ffc9100000,0x000000ffc9200000) (1024K)]
  0x000002527c395c00 WorkerThread "GC Thread#5"                     [id=6276, stack(0x000000ffc9200000,0x000000ffc9300000) (1024K)]
  0x000002527c3c5d50 WorkerThread "GC Thread#6"                     [id=26348, stack(0x000000ffc9300000,0x000000ffc9400000) (1024K)]
  0x000002527c3c60f0 WorkerThread "GC Thread#7"                     [id=16864, stack(0x000000ffc9400000,0x000000ffc9500000) (1024K)]
  0x000002527c3ca8a0 WorkerThread "GC Thread#8"                     [id=22608, stack(0x000000ffc9500000,0x000000ffc9600000) (1024K)]
  0x000002527c6df5c0 WorkerThread "GC Thread#9"                     [id=10116, stack(0x000000ffc9d00000,0x000000ffc9e00000) (1024K)]
  0x00000252680c7b70 ConcurrentGCThread "G1 Main Marker"            [id=15124, stack(0x000000ffc7900000,0x000000ffc7a00000) (1024K)]
  0x00000252680c98e0 WorkerThread "G1 Conc#0"                       [id=1160, stack(0x000000ffc7a00000,0x000000ffc7b00000) (1024K)]
  0x000002527c6e07e0 WorkerThread "G1 Conc#1"                       [id=30400, stack(0x000000ffca100000,0x000000ffca200000) (1024K)]
  0x000002527c6df960 WorkerThread "G1 Conc#2"                       [id=12200, stack(0x000000ffca200000,0x000000ffca300000) (1024K)]
  0x00000252770c2260 ConcurrentGCThread "G1 Refine#0"               [id=19532, stack(0x000000ffc7b00000,0x000000ffc7c00000) (1024K)]
  0x00000252770c2b80 ConcurrentGCThread "G1 Service"                [id=9384, stack(0x000000ffc7c00000,0x000000ffc7d00000) (1024K)]
Total: 18

Threads with active compile tasks:
Total: 0

VM state: not at safepoint (normal execution)

VM Mutex/Monitor currently owned by a thread: None

Heap address: 0x0000000704c00000, size: 4020 MB, Compressed Oops mode: Zero based, Oop shift amount: 3

CDS archive(s) mapped at: [0x0000025200000000-0x0000025200c80000-0x0000025200c80000), size 13107200, SharedBaseAddress: 0x0000025200000000, ArchiveRelocationMode: 1.
Compressed class space mapped at: 0x0000025201000000-0x0000025241000000, reserved size: 1073741824
Narrow klass base: 0x0000025200000000, Narrow klass shift: 0, Narrow klass range: 0x100000000

GC Precious Log:
 CardTable entry size: 512
 Card Set container configuration: InlinePtr #cards 4 size 8 Array Of Cards #cards 16 size 48 Howl #buckets 8 coarsen threshold 3686 Howl Bitmap #cards 512 size 80 coarsen threshold 460 Card regions per heap region 1 cards per card region 4096
 CPUs: 12 total, 12 available
 Memory: 16077M
 Large Page Support: Disabled
 NUMA Support: Disabled
 Compressed Oops: Enabled (Zero based)
 Heap Region Size: 2M
 Heap Min Capacity: 8M
 Heap Initial Capacity: 252M
 Heap Max Capacity: 4020M
 Pre-touch: Disabled
 Parallel Workers: 10
 Concurrent Workers: 3
 Concurrent Refinement Workers: 10
 Periodic GC: Disabled

Heap:
 garbage-first heap   total 102400K, used 61064K [0x0000000704c00000, 0x0000000800000000)
  region size 2048K, 18 young (36864K), 3 survivors (6144K)
 Metaspace       used 70723K, committed 71552K, reserved 1114112K
  class space    used 9858K, committed 10240K, reserved 1048576K

Heap Regions: E=young(eden), S=young(survivor), O=old, HS=humongous(starts), HC=humongous(continues), CS=collection set, F=free, TAMS=top-at-mark-start, PB=parsable bottom
|   0|0x0000000704c00000, 0x0000000704e00000, 0x0000000704e00000|100%| O|  |TAMS 0x0000000704c00000| PB 0x0000000704c00000| Untracked 
|   1|0x0000000704e00000, 0x0000000705000000, 0x0000000705000000|100%| O|  |TAMS 0x0000000704e00000| PB 0x0000000704e00000| Untracked 
|   2|0x0000000705000000, 0x0000000705200000, 0x0000000705200000|100%| O|  |TAMS 0x0000000705000000| PB 0x0000000705000000| Untracked 
|   3|0x0000000705200000, 0x0000000705400000, 0x0000000705400000|100%| O|  |TAMS 0x0000000705200000| PB 0x0000000705200000| Untracked 
|   4|0x0000000705400000, 0x0000000705600000, 0x0000000705600000|100%| O|  |TAMS 0x0000000705400000| PB 0x0000000705400000| Untracked 
|   5|0x0000000705600000, 0x0000000705800000, 0x0000000705800000|100%| O|  |TAMS 0x0000000705600000| PB 0x0000000705600000| Untracked 
|   6|0x0000000705800000, 0x0000000705a00000, 0x0000000705a00000|100%| O|  |TAMS 0x0000000705800000| PB 0x0000000705800000| Untracked 
|   7|0x0000000705a00000, 0x0000000705c00000, 0x0000000705c00000|100%| O|  |TAMS 0x0000000705a00000| PB 0x0000000705a00000| Untracked 
|   8|0x0000000705c00000, 0x0000000705e00000, 0x0000000705e00000|100%| O|  |TAMS 0x0000000705c00000| PB 0x0000000705c00000| Untracked 
|   9|0x0000000705e00000, 0x0000000706000000, 0x0000000706000000|100%| O|  |TAMS 0x0000000705e00000| PB 0x0000000705e00000| Untracked 
|  10|0x0000000706000000, 0x0000000706200000, 0x0000000706200000|100%| O|  |TAMS 0x0000000706000000| PB 0x0000000706000000| Untracked 
|  11|0x0000000706200000, 0x0000000706400000, 0x0000000706400000|100%| O|  |TAMS 0x0000000706200000| PB 0x0000000706200000| Untracked 
|  12|0x0000000706400000, 0x00000007065ecac8, 0x0000000706600000| 96%| O|  |TAMS 0x0000000706400000| PB 0x0000000706400000| Untracked 
|  13|0x0000000706600000, 0x0000000706600000, 0x0000000706800000|  0%| F|  |TAMS 0x0000000706600000| PB 0x0000000706600000| Untracked 
|  14|0x0000000706800000, 0x0000000706800000, 0x0000000706a00000|  0%| F|  |TAMS 0x0000000706800000| PB 0x0000000706800000| Untracked 
|  15|0x0000000706a00000, 0x0000000706a00000, 0x0000000706c00000|  0%| F|  |TAMS 0x0000000706a00000| PB 0x0000000706a00000| Untracked 
|  16|0x0000000706c00000, 0x0000000706c00000, 0x0000000706e00000|  0%| F|  |TAMS 0x0000000706c00000| PB 0x0000000706c00000| Untracked 
|  17|0x0000000706e00000, 0x0000000706fb57a8, 0x0000000707000000| 85%| S|CS|TAMS 0x0000000706e00000| PB 0x0000000706e00000| Complete 
|  18|0x0000000707000000, 0x0000000707200000, 0x0000000707200000|100%| S|CS|TAMS 0x0000000707000000| PB 0x0000000707000000| Complete 
|  19|0x0000000707200000, 0x0000000707200000, 0x0000000707400000|  0%| F|  |TAMS 0x0000000707200000| PB 0x0000000707200000| Untracked 
|  20|0x0000000707400000, 0x0000000707400000, 0x0000000707600000|  0%| F|  |TAMS 0x0000000707400000| PB 0x0000000707400000| Untracked 
|  21|0x0000000707600000, 0x0000000707600000, 0x0000000707800000|  0%| F|  |TAMS 0x0000000707600000| PB 0x0000000707600000| Untracked 
|  22|0x0000000707800000, 0x0000000707800000, 0x0000000707a00000|  0%| F|  |TAMS 0x0000000707800000| PB 0x0000000707800000| Untracked 
|  23|0x0000000707a00000, 0x0000000707c00000, 0x0000000707c00000|100%| S|CS|TAMS 0x0000000707a00000| PB 0x0000000707a00000| Complete 
|  24|0x0000000707c00000, 0x0000000707c00000, 0x0000000707e00000|  0%| F|  |TAMS 0x0000000707c00000| PB 0x0000000707c00000| Untracked 
|  25|0x0000000707e00000, 0x0000000707e00000, 0x0000000708000000|  0%| F|  |TAMS 0x0000000707e00000| PB 0x0000000707e00000| Untracked 
|  26|0x0000000708000000, 0x0000000708000000, 0x0000000708200000|  0%| F|  |TAMS 0x0000000708000000| PB 0x0000000708000000| Untracked 
|  27|0x0000000708200000, 0x0000000708200000, 0x0000000708400000|  0%| F|  |TAMS 0x0000000708200000| PB 0x0000000708200000| Untracked 
|  28|0x0000000708400000, 0x0000000708400000, 0x0000000708600000|  0%| F|  |TAMS 0x0000000708400000| PB 0x0000000708400000| Untracked 
|  29|0x0000000708600000, 0x0000000708600000, 0x0000000708800000|  0%| F|  |TAMS 0x0000000708600000| PB 0x0000000708600000| Untracked 
|  30|0x0000000708800000, 0x0000000708800000, 0x0000000708a00000|  0%| F|  |TAMS 0x0000000708800000| PB 0x0000000708800000| Untracked 
|  31|0x0000000708a00000, 0x0000000708a00000, 0x0000000708c00000|  0%| F|  |TAMS 0x0000000708a00000| PB 0x0000000708a00000| Untracked 
|  32|0x0000000708c00000, 0x0000000708c00000, 0x0000000708e00000|  0%| F|  |TAMS 0x0000000708c00000| PB 0x0000000708c00000| Untracked 
|  33|0x0000000708e00000, 0x0000000708e00000, 0x0000000709000000|  0%| F|  |TAMS 0x0000000708e00000| PB 0x0000000708e00000| Untracked 
|  34|0x0000000709000000, 0x0000000709000000, 0x0000000709200000|  0%| F|  |TAMS 0x0000000709000000| PB 0x0000000709000000| Untracked 
|  35|0x0000000709200000, 0x0000000709217270, 0x0000000709400000|  4%| E|  |TAMS 0x0000000709200000| PB 0x0000000709200000| Complete 
|  36|0x0000000709400000, 0x0000000709600000, 0x0000000709600000|100%| E|CS|TAMS 0x0000000709400000| PB 0x0000000709400000| Complete 
|  37|0x0000000709600000, 0x0000000709800000, 0x0000000709800000|100%| E|CS|TAMS 0x0000000709600000| PB 0x0000000709600000| Complete 
|  38|0x0000000709800000, 0x0000000709a00000, 0x0000000709a00000|100%| E|CS|TAMS 0x0000000709800000| PB 0x0000000709800000| Complete 
|  39|0x0000000709a00000, 0x0000000709c00000, 0x0000000709c00000|100%| E|CS|TAMS 0x0000000709a00000| PB 0x0000000709a00000| Complete 
|  40|0x0000000709c00000, 0x0000000709e00000, 0x0000000709e00000|100%| E|CS|TAMS 0x0000000709c00000| PB 0x0000000709c00000| Complete 
|  41|0x0000000709e00000, 0x000000070a000000, 0x000000070a000000|100%| E|CS|TAMS 0x0000000709e00000| PB 0x0000000709e00000| Complete 
|  42|0x000000070a000000, 0x000000070a200000, 0x000000070a200000|100%| E|CS|TAMS 0x000000070a000000| PB 0x000000070a000000| Complete 
|  43|0x000000070a200000, 0x000000070a400000, 0x000000070a400000|100%| E|CS|TAMS 0x000000070a200000| PB 0x000000070a200000| Complete 
|  44|0x000000070a400000, 0x000000070a600000, 0x000000070a600000|100%| E|CS|TAMS 0x000000070a400000| PB 0x000000070a400000| Complete 
|  45|0x000000070a600000, 0x000000070a800000, 0x000000070a800000|100%| E|CS|TAMS 0x000000070a600000| PB 0x000000070a600000| Complete 
|  46|0x000000070a800000, 0x000000070aa00000, 0x000000070aa00000|100%| E|CS|TAMS 0x000000070a800000| PB 0x000000070a800000| Complete 
|  47|0x000000070aa00000, 0x000000070ac00000, 0x000000070ac00000|100%| E|CS|TAMS 0x000000070aa00000| PB 0x000000070aa00000| Complete 
|  48|0x000000070ac00000, 0x000000070ae00000, 0x000000070ae00000|100%| E|CS|TAMS 0x000000070ac00000| PB 0x000000070ac00000| Complete 
| 125|0x0000000714600000, 0x0000000714800000, 0x0000000714800000|100%| E|CS|TAMS 0x0000000714600000| PB 0x0000000714600000| Complete 

Card table byte_map: [0x000002526fe70000,0x0000025270650000] _byte_map_base: 0x000002526c64a000

Marking Bits: (CMBitMap*) 0x00000252680b7750
 Bits: [0x0000025270650000, 0x0000025274520000)

Polling page: 0x0000025268100000

Metaspace:

Usage:
  Non-class:     59.44 MB used.
      Class:      9.63 MB used.
       Both:     69.07 MB used.

Virtual space:
  Non-class space:       64.00 MB reserved,      59.88 MB ( 94%) committed,  1 nodes.
      Class space:        1.00 GB reserved,      10.00 MB ( <1%) committed,  1 nodes.
             Both:        1.06 GB reserved,      69.88 MB (  6%) committed. 

Chunk freelists:
   Non-Class:  3.19 MB
       Class:  5.95 MB
        Both:  9.14 MB

MaxMetaspaceSize: unlimited
CompressedClassSpaceSize: 1.00 GB
Initial GC threshold: 21.00 MB
Current GC threshold: 78.69 MB
CDS: on
 - commit_granule_bytes: 65536.
 - commit_granule_words: 8192.
 - virtual_space_node_default_size: 8388608.
 - enlarge_chunks_in_place: 1.
 - use_allocation_guard: 0.


Internal statistics:

num_allocs_failed_limit: 6.
num_arena_births: 1260.
num_arena_deaths: 0.
num_vsnodes_births: 2.
num_vsnodes_deaths: 0.
num_space_committed: 1118.
num_space_uncommitted: 0.
num_chunks_returned_to_freelist: 6.
num_chunks_taken_from_freelist: 3809.
num_chunk_merges: 6.
num_chunk_splits: 2748.
num_chunks_enlarged: 2104.
num_inconsistent_stats: 0.

CodeCache: size=49152Kb used=14074Kb max_used=15731Kb free=35077Kb
 bounds [0x000002526bb80000, 0x000002526cae0000, 0x000002526eb80000]
 total_blobs=8231 nmethods=7524 adapters=630
 compilation: enabled
              stopped_count=0, restarted_count=0
 full_count=0

Compilation events (20 events):
Event: 33.636 Thread 0x0000025277234070 7578       1       jdk.internal.misc.Unsafe::putReferenceOpaque (9 bytes)
Event: 33.636 Thread 0x0000025277234070 nmethod 7578 0x000002526c968c90 code [0x000002526c968e20, 0x000002526c968f40]
Event: 33.636 Thread 0x0000025277234070 7579       1       java.lang.Thread::isInterrupted (5 bytes)
Event: 33.636 Thread 0x0000025277234070 nmethod 7579 0x000002526c968990 code [0x000002526c968b20, 0x000002526c968bf0]
Event: 35.628 Thread 0x0000025277234070 7580       1       java.util.concurrent.ScheduledThreadPoolExecutor$DelayedWorkQueue::setIndex (16 bytes)
Event: 35.628 Thread 0x0000025277234070 nmethod 7580 0x000002526c968610 code [0x000002526c9687a0, 0x000002526c9688d0]
Event: 41.633 Thread 0x0000025277234070 7581       1       java.util.concurrent.locks.AbstractQueuedSynchronizer$ConditionObject::canReacquire (38 bytes)
Event: 41.633 Thread 0x0000025277234070 nmethod 7581 0x000002526c968190 code [0x000002526c968320, 0x000002526c968490]
Event: 47.678 Thread 0x0000025277234070 7582       1       java.util.AbstractCollection::containsAll (38 bytes)
Event: 47.679 Thread 0x0000025277234070 nmethod 7582 0x000002526c967c90 code [0x000002526c967e60, 0x000002526c968058]
Event: 52.633 Thread 0x0000025277234070 7583       1       java.util.concurrent.ScheduledThreadPoolExecutor$ScheduledFutureTask::compareTo (9 bytes)
Event: 52.633 Thread 0x0000025277234070 nmethod 7583 0x000002526c967890 code [0x000002526c967a40, 0x000002526c967b90]
Event: 52.633 Thread 0x0000025277234070 7584       1       java.util.concurrent.ScheduledThreadPoolExecutor$ScheduledFutureTask::compareTo (101 bytes)
Event: 52.634 Thread 0x0000025277234070 nmethod 7584 0x000002526c967090 code [0x000002526c967280, 0x000002526c9676e8]
Event: 53.805 Thread 0x0000025277234070 7585       1       java.lang.Long::compare (22 bytes)
Event: 53.805 Thread 0x0000025277234070 nmethod 7585 0x000002526c966d10 code [0x000002526c966ec0, 0x000002526c966ff0]
Event: 57.628 Thread 0x0000025277234070 7587       1       java.util.concurrent.locks.LockSupport::setBlocker (12 bytes)
Event: 57.629 Thread 0x0000025277234070 nmethod 7587 0x000002526c966610 code [0x000002526c9667a0, 0x000002526c9668a8]
Event: 57.629 Thread 0x0000025277234070 7588       1       java.util.concurrent.ThreadPoolExecutor::isShutdown (12 bytes)
Event: 57.629 Thread 0x0000025277234070 nmethod 7588 0x000002526c966290 code [0x000002526c966420, 0x000002526c966508]

GC Heap History (20 events):
Event: 3.997 GC heap before
{Heap before GC invocations=12 (full 0):
 garbage-first heap   total 69632K, used 54664K [0x0000000704c00000, 0x0000000800000000)
  region size 2048K, 20 young (40960K), 3 survivors (6144K)
 Metaspace       used 34436K, committed 35008K, reserved 1114112K
  class space    used 4571K, committed 4800K, reserved 1048576K
}
Event: 4.001 GC heap after
{Heap after GC invocations=13 (full 0):
 garbage-first heap   total 69632K, used 21049K [0x0000000704c00000, 0x0000000800000000)
  region size 2048K, 2 young (4096K), 2 survivors (4096K)
 Metaspace       used 34436K, committed 35008K, reserved 1114112K
  class space    used 4571K, committed 4800K, reserved 1048576K
}
Event: 4.242 GC heap before
{Heap before GC invocations=13 (full 0):
 garbage-first heap   total 69632K, used 57913K [0x0000000704c00000, 0x0000000800000000)
  region size 2048K, 20 young (40960K), 2 survivors (4096K)
 Metaspace       used 38146K, committed 38784K, reserved 1114112K
  class space    used 4998K, committed 5312K, reserved 1048576K
}
Event: 4.244 GC heap after
{Heap after GC invocations=14 (full 0):
 garbage-first heap   total 69632K, used 21642K [0x0000000704c00000, 0x0000000800000000)
  region size 2048K, 2 young (4096K), 2 survivors (4096K)
 Metaspace       used 38146K, committed 38784K, reserved 1114112K
  class space    used 4998K, committed 5312K, reserved 1048576K
}
Event: 4.494 GC heap before
{Heap before GC invocations=14 (full 0):
 garbage-first heap   total 69632K, used 58506K [0x0000000704c00000, 0x0000000800000000)
  region size 2048K, 20 young (40960K), 2 survivors (4096K)
 Metaspace       used 41378K, committed 42048K, reserved 1114112K
  class space    used 5563K, committed 5888K, reserved 1048576K
}
Event: 4.497 GC heap after
{Heap after GC invocations=15 (full 0):
 garbage-first heap   total 69632K, used 22458K [0x0000000704c00000, 0x0000000800000000)
  region size 2048K, 2 young (4096K), 2 survivors (4096K)
 Metaspace       used 41378K, committed 42048K, reserved 1114112K
  class space    used 5563K, committed 5888K, reserved 1048576K
}
Event: 4.717 GC heap before
{Heap before GC invocations=15 (full 0):
 garbage-first heap   total 69632K, used 57274K [0x0000000704c00000, 0x0000000800000000)
  region size 2048K, 19 young (38912K), 2 survivors (4096K)
 Metaspace       used 44658K, committed 45312K, reserved 1114112K
  class space    used 6032K, committed 6336K, reserved 1048576K
}
Event: 4.721 GC heap after
{Heap after GC invocations=16 (full 0):
 garbage-first heap   total 83968K, used 23174K [0x0000000704c00000, 0x0000000800000000)
  region size 2048K, 2 young (4096K), 2 survivors (4096K)
 Metaspace       used 44658K, committed 45312K, reserved 1114112K
  class space    used 6032K, committed 6336K, reserved 1048576K
}
Event: 4.939 GC heap before
{Heap before GC invocations=16 (full 0):
 garbage-first heap   total 83968K, used 53894K [0x0000000704c00000, 0x0000000800000000)
  region size 2048K, 18 young (36864K), 2 survivors (4096K)
 Metaspace       used 47545K, committed 48128K, reserved 1114112K
  class space    used 6387K, committed 6656K, reserved 1048576K
}
Event: 4.942 GC heap after
{Heap after GC invocations=17 (full 0):
 garbage-first heap   total 83968K, used 23939K [0x0000000704c00000, 0x0000000800000000)
  region size 2048K, 2 young (4096K), 2 survivors (4096K)
 Metaspace       used 47545K, committed 48128K, reserved 1114112K
  class space    used 6387K, committed 6656K, reserved 1048576K
}
Event: 5.214 GC heap before
{Heap before GC invocations=18 (full 0):
 garbage-first heap   total 83968K, used 66947K [0x0000000704c00000, 0x0000000800000000)
  region size 2048K, 24 young (49152K), 2 survivors (4096K)
 Metaspace       used 52647K, committed 53312K, reserved 1114112K
  class space    used 7168K, committed 7488K, reserved 1048576K
}
Event: 5.217 GC heap after
{Heap after GC invocations=19 (full 0):
 garbage-first heap   total 83968K, used 24653K [0x0000000704c00000, 0x0000000800000000)
  region size 2048K, 2 young (4096K), 2 survivors (4096K)
 Metaspace       used 52647K, committed 53312K, reserved 1114112K
  class space    used 7168K, committed 7488K, reserved 1048576K
}
Event: 5.515 GC heap before
{Heap before GC invocations=19 (full 0):
 garbage-first heap   total 83968K, used 67661K [0x0000000704c00000, 0x0000000800000000)
  region size 2048K, 24 young (49152K), 2 survivors (4096K)
 Metaspace       used 56605K, committed 57280K, reserved 1114112K
  class space    used 7830K, committed 8128K, reserved 1048576K
}
Event: 5.520 GC heap after
{Heap after GC invocations=20 (full 0):
 garbage-first heap   total 83968K, used 24893K [0x0000000704c00000, 0x0000000800000000)
  region size 2048K, 2 young (4096K), 2 survivors (4096K)
 Metaspace       used 56605K, committed 57280K, reserved 1114112K
  class space    used 7830K, committed 8128K, reserved 1048576K
}
Event: 5.871 GC heap before
{Heap before GC invocations=20 (full 0):
 garbage-first heap   total 83968K, used 69949K [0x0000000704c00000, 0x0000000800000000)
  region size 2048K, 24 young (49152K), 2 survivors (4096K)
 Metaspace       used 60755K, committed 61440K, reserved 1114112K
  class space    used 8417K, committed 8704K, reserved 1048576K
}
Event: 5.874 GC heap after
{Heap after GC invocations=21 (full 0):
 garbage-first heap   total 102400K, used 26962K [0x0000000704c00000, 0x0000000800000000)
  region size 2048K, 3 young (6144K), 3 survivors (6144K)
 Metaspace       used 60755K, committed 61440K, reserved 1114112K
  class space    used 8417K, committed 8704K, reserved 1048576K
}
Event: 6.401 GC heap before
{Heap before GC invocations=21 (full 0):
 garbage-first heap   total 102400K, used 82258K [0x0000000704c00000, 0x0000000800000000)
  region size 2048K, 30 young (61440K), 3 survivors (6144K)
 Metaspace       used 64619K, committed 65408K, reserved 1114112K
  class space    used 9005K, committed 9344K, reserved 1048576K
}
Event: 6.406 GC heap after
{Heap after GC invocations=22 (full 0):
 garbage-first heap   total 102400K, used 30359K [0x0000000704c00000, 0x0000000800000000)
  region size 2048K, 4 young (8192K), 4 survivors (8192K)
 Metaspace       used 64619K, committed 65408K, reserved 1114112K
  class space    used 9005K, committed 9344K, reserved 1048576K
}
Event: 9.745 GC heap before
{Heap before GC invocations=22 (full 0):
 garbage-first heap   total 102400K, used 81559K [0x0000000704c00000, 0x0000000800000000)
  region size 2048K, 30 young (61440K), 4 survivors (8192K)
 Metaspace       used 69102K, committed 69952K, reserved 1114112K
  class space    used 9652K, committed 10048K, reserved 1048576K
}
Event: 9.752 GC heap after
{Heap after GC invocations=23 (full 0):
 garbage-first heap   total 102400K, used 32392K [0x0000000704c00000, 0x0000000800000000)
  region size 2048K, 3 young (6144K), 3 survivors (6144K)
 Metaspace       used 69102K, committed 69952K, reserved 1114112K
  class space    used 9652K, committed 10048K, reserved 1048576K
}

Dll operation events (12 events):
Event: 0.058 Loaded shared library C:\Users\hecto\Desktop\spring-tool-suite\sts-4.27.0.RELEASE\plugins\org.eclipse.justj.openjdk.hotspot.jre.full.win32.x86_64_21.0.5.v20241023-1957\jre\bin\java.dll
Event: 0.090 Loaded shared library C:\Users\hecto\Desktop\spring-tool-suite\sts-4.27.0.RELEASE\plugins\org.eclipse.justj.openjdk.hotspot.jre.full.win32.x86_64_21.0.5.v20241023-1957\jre\bin\zip.dll
Event: 0.387 Loaded shared library C:\Users\hecto\Desktop\spring-tool-suite\sts-4.27.0.RELEASE\plugins\org.eclipse.justj.openjdk.hotspot.jre.full.win32.x86_64_21.0.5.v20241023-1957\jre\bin\instrument.dll
Event: 0.391 Loaded shared library C:\Users\hecto\Desktop\spring-tool-suite\sts-4.27.0.RELEASE\plugins\org.eclipse.justj.openjdk.hotspot.jre.full.win32.x86_64_21.0.5.v20241023-1957\jre\bin\net.dll
Event: 0.393 Loaded shared library C:\Users\hecto\Desktop\spring-tool-suite\sts-4.27.0.RELEASE\plugins\org.eclipse.justj.openjdk.hotspot.jre.full.win32.x86_64_21.0.5.v20241023-1957\jre\bin\nio.dll
Event: 0.395 Loaded shared library C:\Users\hecto\Desktop\spring-tool-suite\sts-4.27.0.RELEASE\plugins\org.eclipse.justj.openjdk.hotspot.jre.full.win32.x86_64_21.0.5.v20241023-1957\jre\bin\zip.dll
Event: 0.512 Loaded shared library C:\Users\hecto\Desktop\spring-tool-suite\sts-4.27.0.RELEASE\plugins\org.eclipse.justj.openjdk.hotspot.jre.full.win32.x86_64_21.0.5.v20241023-1957\jre\bin\jimage.dll
Event: 0.554 Loaded shared library C:\Users\hecto\Desktop\spring-tool-suite\sts-4.27.0.RELEASE\plugins\org.eclipse.justj.openjdk.hotspot.jre.full.win32.x86_64_21.0.5.v20241023-1957\jre\bin\management.dll
Event: 0.563 Loaded shared library C:\Users\hecto\Desktop\spring-tool-suite\sts-4.27.0.RELEASE\plugins\org.eclipse.justj.openjdk.hotspot.jre.full.win32.x86_64_21.0.5.v20241023-1957\jre\bin\management_ext.dll
Event: 0.768 Loaded shared library C:\Users\hecto\Desktop\spring-tool-suite\sts-4.27.0.RELEASE\plugins\org.eclipse.justj.openjdk.hotspot.jre.full.win32.x86_64_21.0.5.v20241023-1957\jre\bin\extnet.dll
Event: 0.805 Loaded shared library C:\Users\hecto\Desktop\spring-tool-suite\sts-4.27.0.RELEASE\plugins\org.eclipse.justj.openjdk.hotspot.jre.full.win32.x86_64_21.0.5.v20241023-1957\jre\bin\verify.dll
Event: 2.011 Loaded shared library C:\Users\hecto\Desktop\spring-tool-suite\sts-4.27.0.RELEASE\plugins\org.eclipse.justj.openjdk.hotspot.jre.full.win32.x86_64_21.0.5.v20241023-1957\jre\bin\sunmscapi.dll

Deoptimization events (20 events):
Event: 9.837 Thread 0x000002527eb3b070 DEOPT PACKING pc=0x000002526c3f6b74 sp=0x000000ffcacf93b0
Event: 9.837 Thread 0x000002527eb3b070 DEOPT UNPACKING pc=0x000002526bbd4e42 sp=0x000000ffcacf8840 mode 1
Event: 9.838 Thread 0x000002527eb3b070 DEOPT PACKING pc=0x000002526c0d11d9 sp=0x000000ffcacf8a30
Event: 9.838 Thread 0x000002527eb3b070 DEOPT UNPACKING pc=0x000002526bbd4e42 sp=0x000000ffcacf7e88 mode 1
Event: 9.838 Thread 0x000002527eb3b070 DEOPT PACKING pc=0x000002526c0af6ac sp=0x000000ffcacf8ac0
Event: 9.838 Thread 0x000002527eb3b070 DEOPT UNPACKING pc=0x000002526bbd4e42 sp=0x000000ffcacf7f68 mode 1
Event: 9.838 Thread 0x000002527eb3b070 DEOPT PACKING pc=0x000002526c147e14 sp=0x000000ffcacf9540
Event: 9.838 Thread 0x000002527eb3b070 DEOPT UNPACKING pc=0x000002526bbd4e42 sp=0x000000ffcacf8a08 mode 1
Event: 9.838 Thread 0x000002527eb3b070 DEOPT PACKING pc=0x000002526c3f6b74 sp=0x000000ffcacf95d0
Event: 9.838 Thread 0x000002527eb3b070 DEOPT UNPACKING pc=0x000002526bbd4e42 sp=0x000000ffcacf8a60 mode 1
Event: 9.838 Thread 0x000002527eb3b070 DEOPT PACKING pc=0x000002526c0d11d9 sp=0x000000ffcacf8a30
Event: 9.838 Thread 0x000002527eb3b070 DEOPT UNPACKING pc=0x000002526bbd4e42 sp=0x000000ffcacf7e88 mode 1
Event: 9.838 Thread 0x000002527eb3b070 DEOPT PACKING pc=0x000002526c0af6ac sp=0x000000ffcacf8ac0
Event: 9.838 Thread 0x000002527eb3b070 DEOPT UNPACKING pc=0x000002526bbd4e42 sp=0x000000ffcacf7f68 mode 1
Event: 9.838 Thread 0x000002527eb3b070 DEOPT PACKING pc=0x000002526c147e14 sp=0x000000ffcacf9540
Event: 9.838 Thread 0x000002527eb3b070 DEOPT UNPACKING pc=0x000002526bbd4e42 sp=0x000000ffcacf8a08 mode 1
Event: 9.838 Thread 0x000002527eb3b070 DEOPT PACKING pc=0x000002526c3f6b74 sp=0x000000ffcacf95d0
Event: 9.838 Thread 0x000002527eb3b070 DEOPT UNPACKING pc=0x000002526bbd4e42 sp=0x000000ffcacf8a60 mode 1
Event: 61.600 Thread 0x000002527eb3b070 DEOPT PACKING pc=0x000002526c79cb34 sp=0x000000ffcacfce40
Event: 61.600 Thread 0x000002527eb3b070 DEOPT UNPACKING pc=0x000002526bbd4e42 sp=0x000000ffcacfc2e8 mode 0

Classes loaded (20 events):
Event: 9.583 Loading class java/util/concurrent/Semaphore
Event: 9.583 Loading class java/util/concurrent/Semaphore done
Event: 9.584 Loading class java/util/concurrent/Semaphore$NonfairSync
Event: 9.584 Loading class java/util/concurrent/Semaphore$Sync
Event: 9.584 Loading class java/util/concurrent/Semaphore$Sync done
Event: 9.584 Loading class java/util/concurrent/Semaphore$NonfairSync done
Event: 9.584 Loading class sun/nio/ch/SocketAdaptor
Event: 9.584 Loading class sun/nio/ch/SocketAdaptor done
Event: 9.584 Loading class sun/nio/ch/SocketChannelImpl$DefaultOptionsHolder
Event: 9.584 Loading class sun/nio/ch/SocketChannelImpl$DefaultOptionsHolder done
Event: 9.585 Loading class sun/nio/ch/SelectionKeyImpl
Event: 9.586 Loading class java/nio/channels/spi/AbstractSelectionKey
Event: 9.586 Loading class java/nio/channels/SelectionKey
Event: 9.586 Loading class java/nio/channels/SelectionKey done
Event: 9.586 Loading class java/nio/channels/spi/AbstractSelectionKey done
Event: 9.586 Loading class sun/nio/ch/SelectionKeyImpl done
Event: 9.586 Loading class java/lang/invoke/ConstantBootstraps
Event: 9.586 Loading class java/lang/invoke/ConstantBootstraps done
Event: 9.785 Loading class java/util/regex/Pattern$Bound
Event: 9.785 Loading class java/util/regex/Pattern$Bound done

Classes unloaded (0 events):
No events

Classes redefined (1 events):
Event: 61.621 Thread 0x0000025277204670 redefined class name=com.hector.springboot.backend.jokes.models.services.JokesServiceImpl, count=1

Internal exceptions (20 events):
Event: 5.997 Thread 0x000002527c875e80 Exception <a 'java/lang/IncompatibleClassChangeError'{0x000000070a604e08}: Found class java.lang.Object, but interface was expected> (0x000000070a604e08) 
thrown [s\src\hotspot\share\interpreter\linkResolver.cpp, line 840]
Event: 6.071 Thread 0x000002527c875e80 Exception <a 'java/lang/NoSuchMethodError'{0x0000000709e75390}: 'java.lang.Object java.lang.invoke.DirectMethodHandle$Holder.invokeVirtual(java.lang.Object, java.lang.Object, int)'> (0x0000000709e75390) 
thrown [s\src\hotspot\share\interpreter\linkResolver.cpp, line 773]
Event: 6.113 Thread 0x000002527c875e80 Exception <a 'java/lang/NoSuchMethodError'{0x0000000709ab5b10}: 'java.lang.Object java.lang.invoke.DirectMethodHandle$Holder.invokeVirtual(java.lang.Object, java.lang.Object, java.lang.Object, java.lang.Object, java.lang.Object, java.lang.Object, java.lang.Object, java.lang.Object)'> (0x0000000709ab5b10) 
thrown [s\src\hotspot\share\interpreter\linkResolver.cpp, line 773]
Event: 6.314 Thread 0x000002527c875e80 Exception <a 'java/lang/IncompatibleClassChangeError'{0x00000007086dcbf0}: Found class java.lang.Object, but interface was expected> (0x00000007086dcbf0) 
thrown [s\src\hotspot\share\interpreter\linkResolver.cpp, line 840]
Event: 6.346 Thread 0x000002527c875e80 Exception <a 'java/lang/NoSuchMethodError'{0x00000007083025c8}: 'void java.lang.invoke.DirectMethodHandle$Holder.invokeVirtual(java.lang.Object, java.lang.Object, long)'> (0x00000007083025c8) 
thrown [s\src\hotspot\share\interpreter\linkResolver.cpp, line 773]
Event: 6.398 Thread 0x000002527c875e80 Exception <a 'java/lang/NoSuchMethodError'{0x0000000707ba0a50}: 'java.lang.Object java.lang.invoke.Invokers$Holder.invoke_MT(java.lang.Object, java.lang.Object, java.lang.Object, java.lang.Object, java.lang.Object, java.lang.Object, java.lang.Object, java.lang.Object, java.lang.Object)'> (0x0000000707ba0a50) 
thrown [s\src\hotspot\share\interpreter\linkResolver.cpp, line 773]
Event: 6.413 Thread 0x000002527c875e80 Exception <a 'java/lang/NoSuchMethodError'{0x0000000714671638}: 'java.lang.Object java.lang.invoke.DirectMethodHandle$Holder.invokeVirtual(java.lang.Object, java.lang.Object, java.lang.Object, java.lang.Object, java.lang.Object, java.lang.Object, java.lang.Object)'> (0x0000000714671638) 
thrown [s\src\hotspot\share\interpreter\linkResolver.cpp, line 773]
Event: 6.458 Thread 0x000002527c875e80 Exception <a 'java/lang/IncompatibleClassChangeError'{0x000000070aaf6b40}: Found class java.lang.Object, but interface was expected> (0x000000070aaf6b40) 
thrown [s\src\hotspot\share\interpreter\linkResolver.cpp, line 840]
Event: 6.517 Thread 0x000002527c875e80 Exception <a 'java/lang/NoSuchMethodError'{0x000000070a4edca0}: 'java.lang.Object java.lang.invoke.DirectMethodHandle$Holder.invokeVirtual(java.lang.Object, java.lang.Object, java.lang.Object, java.lang.Object, java.lang.Object, java.lang.Object, java.lang.Object, java.lang.Object, java.lang.Object, java.lang.Object)'> (0x000000070a4edca0) 
thrown [s\src\hotspot\share\interpreter\linkResolver.cpp, line 773]
Event: 6.554 Thread 0x000002527c875e80 Exception <a 'java/lang/NoSuchMethodError'{0x000000070a115a98}: 'java.lang.Object java.lang.invoke.Invokers$Holder.invoke_MT(java.lang.Object, java.lang.Object, java.lang.Object, java.lang.Object, java.lang.Object, java.lang.Object, java.lang.Object, java.lang.Object, java.lang.Object, java.lang.Object, java.lang.Object)'> (0x000000070a115a98) 
thrown [s\src\hotspot\share\interpreter\linkResolver.cpp, line 773]
Event: 6.608 Thread 0x000002527c875e80 Exception <a 'java/lang/NoSuchMethodError'{0x0000000709a543a8}: 'java.lang.Object java.lang.invoke.DirectMethodHandle$Holder.newInvokeSpecial(java.lang.Object, java.lang.Object, int, java.lang.Object, java.lang.Object)'> (0x0000000709a543a8) 
thrown [s\src\hotspot\share\interpreter\linkResolver.cpp, line 773]
Event: 6.805 Thread 0x000002527c7fd000 Exception <a 'java/lang/NoSuchMethodError'{0x00000007097d4d08}: 'java.lang.Object java.lang.invoke.DirectMethodHandle$Holder.invokeInterface(java.lang.Object, java.lang.Object, java.lang.Object, java.lang.Object, java.lang.Object, java.lang.Object, java.lang.Object)'> (0x00000007097d4d08) 
thrown [s\src\hotspot\share\interpreter\linkResolver.cpp, line 773]
Event: 9.617 Thread 0x000002527eb3de60 Exception <a 'java/lang/NoSuchMethodError'{0x000000070912a9b0}: 'java.lang.Object java.lang.invoke.DirectMethodHandle$Holder.invokeSpecial(java.lang.Object, java.lang.Object, java.lang.Object, java.lang.Object, java.lang.Object, long)'> (0x000000070912a9b0) 
thrown [s\src\hotspot\share\interpreter\linkResolver.cpp, line 773]
Event: 9.617 Thread 0x000002527eb3de60 Exception <a 'java/lang/NoSuchMethodError'{0x000000070912e190}: 'java.lang.Object java.lang.invoke.Invokers$Holder.linkToTargetMethod(java.lang.Object, java.lang.Object, java.lang.Object, long, java.lang.Object)'> (0x000000070912e190) 
thrown [s\src\hotspot\share\interpreter\linkResolver.cpp, line 773]
Event: 9.737 Thread 0x000002527eb3b070 Exception <a 'java/lang/NoSuchMethodError'{0x0000000707cb7ea8}: 'java.lang.Object java.lang.invoke.DirectMethodHandle$Holder.invokeInterface(java.lang.Object, java.lang.Object, java.lang.Object, java.lang.Object)'> (0x0000000707cb7ea8) 
thrown [s\src\hotspot\share\interpreter\linkResolver.cpp, line 773]
Event: 9.744 Thread 0x000002527eb3b070 Exception <a 'java/lang/IncompatibleClassChangeError'{0x0000000707df7730}: Found class java.lang.Object, but interface was expected> (0x0000000707df7730) 
thrown [s\src\hotspot\share\interpreter\linkResolver.cpp, line 840]
Event: 9.824 Thread 0x000002527eb3b070 Exception <a 'java/lang/IncompatibleClassChangeError'{0x000000070a226908}: Found class java.lang.Object, but interface was expected> (0x000000070a226908) 
thrown [s\src\hotspot\share\interpreter\linkResolver.cpp, line 840]
Event: 9.827 Thread 0x000002527eb3b070 Exception <a 'java/lang/NoSuchMethodError'{0x000000070a292360}: 'void java.lang.invoke.DirectMethodHandle$Holder.invokeSpecialIFC(java.lang.Object, java.lang.Object, int, java.lang.Object, java.lang.Object, java.lang.Object, java.lang.Object)'> (0x000000070a292360) 
thrown [s\src\hotspot\share\interpreter\linkResolver.cpp, line 773]
Event: 9.833 Thread 0x000002527eb3b070 Exception <a 'java/lang/NoSuchMethodError'{0x000000070a2eec20}: 'void java.lang.invoke.Invokers$Holder.invokeExact_MT(java.lang.Object, java.lang.Object, int, java.lang.Object)'> (0x000000070a2eec20) 
thrown [s\src\hotspot\share\interpreter\linkResolver.cpp, line 773]
Event: 9.898 Thread 0x000002527eb3b070 Exception <a 'java/lang/IncompatibleClassChangeError'{0x0000000709e146d8}: Found class java.lang.Object, but interface was expected> (0x0000000709e146d8) 
thrown [s\src\hotspot\share\interpreter\linkResolver.cpp, line 840]

ZGC Phase Switch (0 events):
No events

VM Operations (20 events):
Event: 56.872 Executing VM operation: ChangeBreakpoints
Event: 56.872 Executing VM operation: ChangeBreakpoints done
Event: 56.877 Executing VM operation: ChangeBreakpoints
Event: 56.877 Executing VM operation: ChangeBreakpoints done
Event: 57.711 Executing VM operation: ChangeBreakpoints
Event: 57.711 Executing VM operation: ChangeBreakpoints done
Event: 60.181 Executing VM operation: HandshakeAllThreads (HandshakeForDeflation)
Event: 60.181 Executing VM operation: HandshakeAllThreads (HandshakeForDeflation) done
Event: 60.181 Executing VM operation: RendezvousGCThreads
Event: 60.181 Executing VM operation: RendezvousGCThreads done
Event: 61.187 Executing VM operation: Cleanup
Event: 61.187 Executing VM operation: Cleanup done
Event: 61.599 Executing VM operation: ChangeSingleStep
Event: 61.599 Executing VM operation: ChangeSingleStep done
Event: 61.600 Executing VM operation: ChangeSingleStep
Event: 61.600 Executing VM operation: ChangeSingleStep done
Event: 61.614 Executing VM operation: RedefineClasses
Event: 61.635 Executing VM operation: RedefineClasses done
Event: 61.638 Executing VM operation: ChangeSingleStep
Event: 61.638 Executing VM operation: ChangeSingleStep done

Memory protections (0 events):
No events

Nmethod flushes (20 events):
Event: 4.957 Thread 0x0000025277204670 flushing  nmethod 0x000002526c3e0010
Event: 4.957 Thread 0x0000025277204670 flushing  nmethod 0x000002526c3edb10
Event: 4.957 Thread 0x0000025277204670 flushing  nmethod 0x000002526c3ef590
Event: 4.957 Thread 0x0000025277204670 flushing  nmethod 0x000002526bfb3f90
Event: 4.957 Thread 0x0000025277204670 flushing  nmethod 0x000002526c069e90
Event: 4.957 Thread 0x0000025277204670 flushing  nmethod 0x000002526c06d110
Event: 4.957 Thread 0x0000025277204670 flushing  nmethod 0x000002526c440310
Event: 4.957 Thread 0x0000025277204670 flushing  nmethod 0x000002526c4fc410
Event: 4.957 Thread 0x0000025277204670 flushing  nmethod 0x000002526c414190
Event: 4.957 Thread 0x0000025277204670 flushing  nmethod 0x000002526c456e10
Event: 4.957 Thread 0x0000025277204670 flushing  nmethod 0x000002526c478690
Event: 4.957 Thread 0x0000025277204670 flushing  nmethod 0x000002526c479410
Event: 4.957 Thread 0x0000025277204670 flushing  nmethod 0x000002526c47af10
Event: 4.957 Thread 0x0000025277204670 flushing  nmethod 0x000002526c065f10
Event: 4.957 Thread 0x0000025277204670 flushing  nmethod 0x000002526c180010
Event: 4.957 Thread 0x0000025277204670 flushing  nmethod 0x000002526c340790
Event: 4.957 Thread 0x0000025277204670 flushing  nmethod 0x000002526c3fec10
Event: 4.957 Thread 0x0000025277204670 flushing  nmethod 0x000002526c204910
Event: 4.957 Thread 0x0000025277204670 flushing  nmethod 0x000002526c20e390
Event: 4.957 Thread 0x0000025277204670 flushing  nmethod 0x000002526c34b410

Events (20 events):
Event: 6.792 Thread 0x000002527c7fd000 Thread added: 0x000002527eb405c0
Event: 6.793 Thread 0x000002527c3f56a0 Thread added: 0x000002527eb3f8a0
Event: 6.798 Thread 0x000002527c3f56a0 Thread added: 0x000002527eb3ff30
Event: 6.803 Thread 0x000002527c3f56a0 Thread added: 0x000002527c875e80
Event: 6.809 Thread 0x000002527c3d7bb0 Thread added: 0x000002527c2397a0
Event: 6.812 Thread 0x000002527c3d7bb0 Thread added: 0x000002527c237d60
Event: 6.812 Thread 0x000002527c2397a0 Thread added: 0x000002527c237040
Event: 6.814 Thread 0x000002527eb405c0 Thread exited: 0x000002527eb405c0
Event: 6.816 Thread 0x000002527c237d60 Thread added: 0x000002527c238a80
Event: 6.819 Thread 0x000002527c3d7bb0 Thread added: 0x000002527c2383f0
Event: 6.823 Thread 0x000002527c2383f0 Thread added: 0x000002527c2369b0
Event: 6.828 Thread 0x000002527c238a80 Thread exited: 0x000002527c238a80
Event: 7.861 Thread 0x000002527c2369b0 Thread exited: 0x000002527c2369b0
Event: 7.863 Thread 0x000002527c237040 Thread exited: 0x000002527c237040
Event: 9.250 Thread 0x000002527c3135f0 Thread exited: 0x000002527c3135f0
Event: 9.869 Thread 0x000002527c312f50 Thread added: 0x000002527f0c0040
Event: 10.104 Thread 0x000002527c876ba0 Thread exited: 0x000002527c876ba0
Event: 15.422 Thread 0x000002527f0c0040 Thread exited: 0x000002527f0c0040
Event: 28.784 Thread 0x000002527c312f50 Thread exited: 0x000002527c312f50
Event: 28.800 Thread 0x0000025277416f60 Thread exited: 0x0000025277416f60


Dynamic libraries:
0x00007ff604b40000 - 0x00007ff604b4e000 	C:\Users\hecto\Desktop\spring-tool-suite\sts-4.27.0.RELEASE\plugins\org.eclipse.justj.openjdk.hotspot.jre.full.win32.x86_64_21.0.5.v20241023-1957\jre\bin\javaw.exe
0x00007ff914c20000 - 0x00007ff914e80000 	C:\WINDOWS\SYSTEM32\ntdll.dll
0x00007ff913e30000 - 0x00007ff913ef7000 	C:\WINDOWS\System32\KERNEL32.DLL
0x00007ff9123f0000 - 0x00007ff9127ba000 	C:\WINDOWS\System32\KERNELBASE.dll
0x00007ff912170000 - 0x00007ff9122bb000 	C:\WINDOWS\System32\ucrtbase.dll
0x00007ff8d06c0000 - 0x00007ff8d06de000 	C:\Users\hecto\Desktop\spring-tool-suite\sts-4.27.0.RELEASE\plugins\org.eclipse.justj.openjdk.hotspot.jre.full.win32.x86_64_21.0.5.v20241023-1957\jre\bin\VCRUNTIME140.dll
0x00007ff8d61c0000 - 0x00007ff8d61d8000 	C:\Users\hecto\Desktop\spring-tool-suite\sts-4.27.0.RELEASE\plugins\org.eclipse.justj.openjdk.hotspot.jre.full.win32.x86_64_21.0.5.v20241023-1957\jre\bin\jli.dll
0x00007ff913890000 - 0x00007ff913a5c000 	C:\WINDOWS\System32\USER32.dll
0x00007ff9129f0000 - 0x00007ff912a17000 	C:\WINDOWS\System32\win32u.dll
0x00007ff914740000 - 0x00007ff91476a000 	C:\WINDOWS\System32\GDI32.dll
0x00007ff911e00000 - 0x00007ff911f31000 	C:\WINDOWS\System32\gdi32full.dll
0x00007ff911f40000 - 0x00007ff911fe3000 	C:\WINDOWS\System32\msvcp_win.dll
0x00007ff8f7fd0000 - 0x00007ff8f8267000 	C:\WINDOWS\WinSxS\amd64_microsoft.windows.common-controls_6595b64144ccf1df_6.0.26100.3624_none_3e086962e3345f24\COMCTL32.dll
0x00007ff914b10000 - 0x00007ff914bb9000 	C:\WINDOWS\System32\msvcrt.dll
0x00007ff914700000 - 0x00007ff91472f000 	C:\WINDOWS\System32\IMM32.DLL
0x00007ff8d8220000 - 0x00007ff8d822c000 	C:\Users\hecto\Desktop\spring-tool-suite\sts-4.27.0.RELEASE\plugins\org.eclipse.justj.openjdk.hotspot.jre.full.win32.x86_64_21.0.5.v20241023-1957\jre\bin\vcruntime140_1.dll
0x00007ff89a8e0000 - 0x00007ff89a96d000 	C:\Users\hecto\Desktop\spring-tool-suite\sts-4.27.0.RELEASE\plugins\org.eclipse.justj.openjdk.hotspot.jre.full.win32.x86_64_21.0.5.v20241023-1957\jre\bin\msvcp140.dll
0x00007ff87b240000 - 0x00007ff87bfcf000 	C:\Users\hecto\Desktop\spring-tool-suite\sts-4.27.0.RELEASE\plugins\org.eclipse.justj.openjdk.hotspot.jre.full.win32.x86_64_21.0.5.v20241023-1957\jre\bin\server\jvm.dll
0x00007ff9137d0000 - 0x00007ff913882000 	C:\WINDOWS\System32\ADVAPI32.dll
0x00007ff914630000 - 0x00007ff9146d6000 	C:\WINDOWS\System32\sechost.dll
0x00007ff912e50000 - 0x00007ff912f66000 	C:\WINDOWS\System32\RPCRT4.dll
0x00007ff912f70000 - 0x00007ff912fe4000 	C:\WINDOWS\System32\WS2_32.dll
0x00007ff911c70000 - 0x00007ff911cce000 	C:\WINDOWS\SYSTEM32\POWRPROF.dll
0x00007ff905300000 - 0x00007ff905336000 	C:\WINDOWS\SYSTEM32\WINMM.dll
0x00007ff8fdb90000 - 0x00007ff8fdb9b000 	C:\WINDOWS\SYSTEM32\VERSION.dll
0x00007ff911c50000 - 0x00007ff911c64000 	C:\WINDOWS\SYSTEM32\UMPDC.dll
0x00007ff910b70000 - 0x00007ff910b8a000 	C:\WINDOWS\SYSTEM32\kernel.appcore.dll
0x00007ff8fce20000 - 0x00007ff8fce2a000 	C:\Users\hecto\Desktop\spring-tool-suite\sts-4.27.0.RELEASE\plugins\org.eclipse.justj.openjdk.hotspot.jre.full.win32.x86_64_21.0.5.v20241023-1957\jre\bin\jimage.dll
0x00007ff90f5b0000 - 0x00007ff90f7f1000 	C:\WINDOWS\SYSTEM32\DBGHELP.DLL
0x00007ff914770000 - 0x00007ff914af2000 	C:\WINDOWS\System32\combase.dll
0x00007ff913d50000 - 0x00007ff913e26000 	C:\WINDOWS\System32\OLEAUT32.dll
0x00007ff8dbeb0000 - 0x00007ff8dbee9000 	C:\WINDOWS\SYSTEM32\dbgcore.DLL
0x00007ff912350000 - 0x00007ff9123e9000 	C:\WINDOWS\System32\bcryptPrimitives.dll
0x00007ff8fcc20000 - 0x00007ff8fcc5c000 	C:\Users\hecto\Desktop\spring-tool-suite\sts-4.27.0.RELEASE\plugins\org.eclipse.justj.openjdk.hotspot.jre.full.win32.x86_64_21.0.5.v20241023-1957\jre\bin\jdwp.dll
0x00007ff90e6a0000 - 0x00007ff90e6af000 	C:\Users\hecto\Desktop\spring-tool-suite\sts-4.27.0.RELEASE\plugins\org.eclipse.justj.openjdk.hotspot.jre.full.win32.x86_64_21.0.5.v20241023-1957\jre\bin\instrument.dll
0x00007ff8e8460000 - 0x00007ff8e847f000 	C:\Users\hecto\Desktop\spring-tool-suite\sts-4.27.0.RELEASE\plugins\org.eclipse.justj.openjdk.hotspot.jre.full.win32.x86_64_21.0.5.v20241023-1957\jre\bin\java.dll
0x00007ff9130a0000 - 0x00007ff9137c9000 	C:\WINDOWS\System32\SHELL32.dll
0x00007ff9127c0000 - 0x00007ff912928000 	C:\WINDOWS\System32\wintypes.dll
0x00007ff90fa70000 - 0x00007ff9102c2000 	C:\WINDOWS\SYSTEM32\windows.storage.dll
0x00007ff914540000 - 0x00007ff91462d000 	C:\WINDOWS\System32\SHCORE.dll
0x00007ff914450000 - 0x00007ff9144b4000 	C:\WINDOWS\System32\shlwapi.dll
0x00007ff911d10000 - 0x00007ff911d3f000 	C:\WINDOWS\SYSTEM32\profapi.dll
0x00007ff8e4330000 - 0x00007ff8e4348000 	C:\Users\hecto\Desktop\spring-tool-suite\sts-4.27.0.RELEASE\plugins\org.eclipse.justj.openjdk.hotspot.jre.full.win32.x86_64_21.0.5.v20241023-1957\jre\bin\zip.dll
0x00007ff90bac0000 - 0x00007ff90bacb000 	C:\Users\hecto\Desktop\spring-tool-suite\sts-4.27.0.RELEASE\plugins\org.eclipse.justj.openjdk.hotspot.jre.full.win32.x86_64_21.0.5.v20241023-1957\jre\bin\dt_socket.dll
0x00007ff910600000 - 0x00007ff910633000 	C:\WINDOWS\SYSTEM32\IPHLPAPI.DLL
0x00007ff911130000 - 0x00007ff91119a000 	C:\WINDOWS\system32\mswsock.dll
0x00007ff910640000 - 0x00007ff910765000 	C:\WINDOWS\SYSTEM32\DNSAPI.dll
0x00007ff914bd0000 - 0x00007ff914bda000 	C:\WINDOWS\System32\NSI.dll
0x00007ff908ac0000 - 0x00007ff908acb000 	C:\Windows\System32\rasadhlp.dll
0x00007ff90b500000 - 0x00007ff90b585000 	C:\WINDOWS\System32\fwpuclnt.dll
0x00007ff8db5a0000 - 0x00007ff8db5b0000 	C:\Users\hecto\Desktop\spring-tool-suite\sts-4.27.0.RELEASE\plugins\org.eclipse.justj.openjdk.hotspot.jre.full.win32.x86_64_21.0.5.v20241023-1957\jre\bin\net.dll
0x00007ff908960000 - 0x00007ff908a7d000 	C:\WINDOWS\SYSTEM32\WINHTTP.dll
0x00007ff8d8b00000 - 0x00007ff8d8b16000 	C:\Users\hecto\Desktop\spring-tool-suite\sts-4.27.0.RELEASE\plugins\org.eclipse.justj.openjdk.hotspot.jre.full.win32.x86_64_21.0.5.v20241023-1957\jre\bin\nio.dll
0x00007ff90e760000 - 0x00007ff90e76a000 	C:\Users\hecto\Desktop\spring-tool-suite\sts-4.27.0.RELEASE\plugins\org.eclipse.justj.openjdk.hotspot.jre.full.win32.x86_64_21.0.5.v20241023-1957\jre\bin\management.dll
0x00007ff8fcef0000 - 0x00007ff8fcefb000 	C:\Users\hecto\Desktop\spring-tool-suite\sts-4.27.0.RELEASE\plugins\org.eclipse.justj.openjdk.hotspot.jre.full.win32.x86_64_21.0.5.v20241023-1957\jre\bin\management_ext.dll
0x00007ff914bc0000 - 0x00007ff914bc8000 	C:\WINDOWS\System32\PSAPI.DLL
0x00007ff8ef720000 - 0x00007ff8ef738000 	C:\WINDOWS\system32\napinsp.dll
0x00007ff8f1dd0000 - 0x00007ff8f1de2000 	C:\WINDOWS\System32\winrnr.dll
0x00007ff8f1d60000 - 0x00007ff8f1d90000 	C:\WINDOWS\system32\nlansp_c.dll
0x00007ff904790000 - 0x00007ff9047a6000 	C:\WINDOWS\system32\wshbth.dll
0x00007ff9113d0000 - 0x00007ff9113ec000 	C:\WINDOWS\SYSTEM32\CRYPTSP.dll
0x00007ff910b90000 - 0x00007ff910bca000 	C:\WINDOWS\system32\rsaenh.dll
0x00007ff9111d0000 - 0x00007ff9111fb000 	C:\WINDOWS\SYSTEM32\USERENV.dll
0x00007ff911ce0000 - 0x00007ff911d06000 	C:\WINDOWS\SYSTEM32\bcrypt.dll
0x00007ff9113f0000 - 0x00007ff9113fc000 	C:\WINDOWS\SYSTEM32\CRYPTBASE.dll
0x00007ff8d7ab0000 - 0x00007ff8d7ab9000 	C:\Users\hecto\Desktop\spring-tool-suite\sts-4.27.0.RELEASE\plugins\org.eclipse.justj.openjdk.hotspot.jre.full.win32.x86_64_21.0.5.v20241023-1957\jre\bin\extnet.dll
0x00007ff8da950000 - 0x00007ff8da960000 	C:\Users\hecto\Desktop\spring-tool-suite\sts-4.27.0.RELEASE\plugins\org.eclipse.justj.openjdk.hotspot.jre.full.win32.x86_64_21.0.5.v20241023-1957\jre\bin\verify.dll
0x00007ff8d8580000 - 0x00007ff8d858e000 	C:\Users\hecto\Desktop\spring-tool-suite\sts-4.27.0.RELEASE\plugins\org.eclipse.justj.openjdk.hotspot.jre.full.win32.x86_64_21.0.5.v20241023-1957\jre\bin\sunmscapi.dll
0x00007ff911ff0000 - 0x00007ff912167000 	C:\WINDOWS\System32\CRYPT32.dll
0x00007ff9115d0000 - 0x00007ff911600000 	C:\WINDOWS\SYSTEM32\ncrypt.dll
0x00007ff911580000 - 0x00007ff9115bf000 	C:\WINDOWS\SYSTEM32\NTASN1.dll
0x00007ff8f6ff0000 - 0x00007ff8f6ff8000 	C:\WINDOWS\system32\wshunix.dll

dbghelp: loaded successfully - version: 4.0.5 - missing functions: none
symbol engine: initialized successfully - sym options: 0x614 - pdb path: .;C:\Users\hecto\Desktop\spring-tool-suite\sts-4.27.0.RELEASE\plugins\org.eclipse.justj.openjdk.hotspot.jre.full.win32.x86_64_21.0.5.v20241023-1957\jre\bin;C:\WINDOWS\SYSTEM32;C:\WINDOWS\WinSxS\amd64_microsoft.windows.common-controls_6595b64144ccf1df_6.0.26100.3624_none_3e086962e3345f24;C:\Users\hecto\Desktop\spring-tool-suite\sts-4.27.0.RELEASE\plugins\org.eclipse.justj.openjdk.hotspot.jre.full.win32.x86_64_21.0.5.v20241023-1957\jre\bin\server

VM Arguments:
jvm_args: -XX:+ShowCodeDetailsInExceptionMessages -agentlib:jdwp=transport=dt_socket,suspend=y,address=localhost:60309 -Dcom.sun.management.jmxremote -Dcom.sun.management.jmxremote.port=60308 -Dcom.sun.management.jmxremote.authenticate=false -Dcom.sun.management.jmxremote.ssl=false -Djava.rmi.server.hostname=localhost -Dspring.jmx.enabled=true -Dmanagement.endpoints.jmx.exposure.include=* -Dspring.application.admin.enabled=true -XX:TieredStopAtLevel=1 -Dspring.boot.project.name=Spring-boot-backend-Jokes -javaagent:C:\Users\hecto\Desktop\spring-tool-suite\sts-4.27.0.RELEASE\configuration\org.eclipse.osgi\275\0\.cp\lib\javaagent-shaded.jar -Dfile.encoding=UTF-8 -Dstdout.encoding=UTF-8 -Dstderr.encoding=UTF-8 
java_command: com.hector.springboot.backend.jokes.SpringBootBackendJokesApplication --spring.output.ansi.enabled=always
java_class_path (initial): C:\Users\hecto\spring-workspace\Spring-boot-backend-Jokes\target\classes;C:\Users\hecto\.m2\repository\org\springframework\boot\spring-boot-starter-data-jpa\3.4.4\spring-boot-starter-data-jpa-3.4.4.jar;C:\Users\hecto\.m2\repository\org\springframework\boot\spring-boot-starter\3.4.4\spring-boot-starter-3.4.4.jar;C:\Users\hecto\.m2\repository\org\springframework\boot\spring-boot-starter-logging\3.4.4\spring-boot-starter-logging-3.4.4.jar;C:\Users\hecto\.m2\repository\ch\qos\logback\logback-classic\1.5.18\logback-classic-1.5.18.jar;C:\Users\hecto\.m2\repository\ch\qos\logback\logback-core\1.5.18\logback-core-1.5.18.jar;C:\Users\hecto\.m2\repository\org\apache\logging\log4j\log4j-to-slf4j\2.24.3\log4j-to-slf4j-2.24.3.jar;C:\Users\hecto\.m2\repository\org\apache\logging\log4j\log4j-api\2.24.3\log4j-api-2.24.3.jar;C:\Users\hecto\.m2\repository\org\slf4j\jul-to-slf4j\2.0.17\jul-to-slf4j-2.0.17.jar;C:\Users\hecto\.m2\repository\jakarta\annotation\jakarta.annotation-api\2.1.1\jakarta.annotation-api-2.1.1.jar;C:\Users\hecto\.m2\repository\org\yaml\snakeyaml\2.3\snakeyaml-2.3.jar;C:\Users\hecto\.m2\repository\org\springframework\boot\spring-boot-starter-jdbc\3.4.4\spring-boot-starter-jdbc-3.4.4.jar;C:\Users\hecto\.m2\repository\com\zaxxer\HikariCP\5.1.0\HikariCP-5.1.0.jar;C:\Users\hecto\.m2\repository\org\springframework\spring-jdbc\6.2.5\spring-jdbc-6.2.5.jar;C:\Users\hecto\.m2\repository\org\hibernate\orm\hibernate-core\6.6.11.Final\hibernate-core-6.6.11.Final.jar;C:\Users\hecto\.m2\repository\jakarta\persistence\jakarta.persistence-api\3.1.0\jakarta.persistence-api-3.1.0.jar;C:\Users\hecto\.m2\repository\jakarta\transaction\jakarta.transaction-api\2.0.1\jakarta.transaction-api-2.0.1.jar;C:\Users\hecto\.m2\repository\org\jboss\logging\jboss-logging\3.6.1.Final\jboss-logging-3.6.1.Final.jar;C:\Users\hecto\.m2\repository\org\hibernate\common\hibernate-commons-annotations\7.0.3.Final\hibernate-commons-annotations-7.0.3.Final.jar;C:\Users\hecto\.m2\repository\io\smallrye\jandex\3.2.0\jandex-3.2.0.jar;C:\Users\hecto\.m2\repository\com\fasterxml\classmate\1.7.0\classmate-1.7.0.jar;C:\Users\hecto\.m2\repository\net\bytebuddy\byte-buddy\1.15.11\byte-buddy-1.15.11.jar;C:\Users\hecto\.m2\repository\org\glassfish\jaxb\jaxb-runtime\4.0.5\jaxb-runtime-4.0.5.jar;C:\Users\hecto\.m2\repository\org\glassfish\jaxb\jaxb-core\4.0.5\jaxb-core-4.0.5.jar;C:\Users\hecto\.m2\repository\org\eclipse\angus\angus-activation\2.0.2\angus-activation-2.0.2.jar;C:\Users\hecto\.m2\repository\org\glassfish\jaxb\txw2\4.0.5\txw2-4.0.5.jar;C:\Users\hecto\.m2\repository\com\sun\istack\istack-commons-runtime\4.1.2\istack-commons-runtime-4.1.2.jar;C:\Users\hecto\.m2\repository\jakarta\inject\jakarta.inject-api\2.0.1\jakarta.inject-api-2.0.1.jar;C:\Users\hecto\.m2\repository\org\antlr\antlr4-runtime\4.13.0\antlr4-runtime-4.13.0.jar;C:\Users\hecto\.m2\repository\org\springframework\data\spring-data-jpa\3.4.4\spring-data-jpa-3.4.4.jar;C:\Users\hecto\.m2\repository\org\springframework\data\spring-data-commons\3.4.4\spring-data-commons-3.4.4.jar;C:\Users\hecto\.m2\repository\org\springframework\spring-orm\6.2.5\spring-orm-6.2.5.jar;C:\Users\hecto\.m2\repository\org\springframework\spring-context\6.2.5\spring-context-6.2.5.jar;C:\Users\hecto\.m2\repository\org\springframework\spring-aop\6.2.5\spring-aop-6.2.5.jar;C:\Users\hecto\.m2\repository\org\springframework\spring-tx\6.2.5\spring-tx-6.2.5.jar;C:\Users\hecto\.m2\repository\org\springframework\spring-beans\6.2.5\spring-beans-6.2.5.jar;C:\Users\hecto\.m2\repository\org\slf4j\slf4j-api\2.0.17\slf4j-api-2.0.17.jar;C:\Users\hecto\.m2\repository\org\springframework\spring-aspects\6.2.5\spring-aspects-6.2.5.jar;C:\Users\hecto\.m2\repository\org\aspectj\aspectjweaver\1.9.23\aspectjweaver-1.9.23.jar;C:\Users\hecto\.m2\repository\org\springframework\boot\spring-boot-starter-data-rest\3.4.4\spring-boot-starter-data-rest-3.4.4.jar;C:\Users\hecto\.m2\repository\org\springframework\data\spring-data-rest-webmvc\4.4.4\spring-data-rest-webmvc-4.4.4.jar;C:\Users\hecto\.m2\repository\org\springframework\data\spring-data-rest-core\4.4.4\spring-data-rest-core-4.4.4.jar;C:\Users\hecto\.m2\repository\org\springframework\hateoas\spring-hateoas\2.4.1\spring-hateoas-2.4.1.jar;C:\Users\hecto\.m2\repository\org\springframework\plugin\spring-plugin-core\3.0.0\spring-plugin-core-3.0.0.jar;C:\Users\hecto\.m2\repository\org\atteo\evo-inflector\1.3\evo-inflector-1.3.jar;C:\Users\hecto\.m2\repository\com\fasterxml\jackson\core\jackson-databind\2.18.3\jackson-databind-2.18.3.jar;C:\Users\hecto\.m2\repository\com\fasterxml\jackson\core\jackson-core\2.18.3\jackson-core-2.18.3.jar;C:\Users\hecto\.m2\repository\com\fasterxml\jackson\core\jackson-annotations\2.18.3\jackson-annotations-2.18.3.jar;C:\Users\hecto\.m2\repository\org\springframework\boot\spring-boot-starter-web\3.4.4\spring-boot-starter-web-3.4.4.jar;C:\Users\hecto\.m2\repository\org\springframework\boot\spring-boot-starter-json\3.4.4\spring-boot-starter-json-3.4.4.jar;C:\Users\hecto\.m2\repository\com\fasterxml\jackson\datatype\jackson-datatype-jdk8\2.18.3\jackson-datatype-jdk8-2.18.3.jar;C:\Users\hecto\.m2\repository\com\fasterxml\jackson\datatype\jackson-datatype-jsr310\2.18.3\jackson-datatype-jsr310-2.18.3.jar;C:\Users\hecto\.m2\repository\com\fasterxml\jackson\module\jackson-module-parameter-names\2.18.3\jackson-module-parameter-names-2.18.3.jar;C:\Users\hecto\.m2\repository\org\springframework\boot\spring-boot-starter-tomcat\3.4.4\spring-boot-starter-tomcat-3.4.4.jar;C:\Users\hecto\.m2\repository\org\apache\tomcat\embed\tomcat-embed-core\10.1.39\tomcat-embed-core-10.1.39.jar;C:\Users\hecto\.m2\repository\org\apache\tomcat\embed\tomcat-embed-el\10.1.39\tomcat-embed-el-10.1.39.jar;C:\Users\hecto\.m2\repository\org\apache\tomcat\embed\tomcat-embed-websocket\10.1.39\tomcat-embed-websocket-10.1.39.jar;C:\Users\hecto\.m2\repository\org\springframework\spring-web\6.2.5\spring-web-6.2.5.jar;C:\Users\hecto\.m2\repository\io\micrometer\micrometer-observation\1.14.5\micrometer-observation-1.14.5.jar;C:\Users\hecto\.m2\repository\io\micrometer\micrometer-commons\1.14.5\micrometer-commons-1.14.5.jar;C:\Users\hecto\.m2\repository\org\springframework\spring-webmvc\6.2.5\spring-webmvc-6.2.5.jar;C:\Users\hecto\.m2\repository\org\springframework\spring-expression\6.2.5\spring-expression-6.2.5.jar;C:\Users\hecto\.m2\repository\org\springframework\boot\spring-boot-devtools\3.4.4\spring-boot-devtools-3.4.4.jar;C:\Users\hecto\.m2\repository\org\springframework\boot\spring-boot\3.4.4\spring-boot-3.4.4.jar;C:\Users\hecto\.m2\repository\org\springframework\boot\spring-boot-autoconfigure\3.4.4\spring-boot-autoconfigure-3.4.4.jar;C:\Users\hecto\.m2\repository\org\postgresql\postgresql\42.7.5\postgresql-42.7.5.jar;C:\Users\hecto\.m2\repository\org\checkerframework\checker-qual\3.48.3\checker-qual-3.48.3.jar;C:\Users\hecto\.m2\repository\com\jayway\jsonpath\json-path\2.9.0\json-path-2.9.0.jar;C:\Users\hecto\.m2\repository\jakarta\xml\bind\jakarta.xml.bind-api\4.0.2\jakarta.xml.bind-api-4.0.2.jar;C:\Users\hecto\.m2\repository\jakarta\activation\jakarta.activation-api\2.1.3\jakarta.activation-api-2.1.3.jar;C:\Users\hecto\.m2\repository\net\minidev\json-smart\2.5.2\json-smart-2.5.2.jar;C:\Users\hecto\.m2\repository\net\minidev\accessors-smart\2.5.2\accessors-smart-2.5.2.jar;C:\Users\hecto\.m2\repository\org\ow2\asm\asm\9.7.1\asm-9.7.1.jar;C:\Users\hecto\.m2\repository\org\springframework\spring-core\6.2.5\spring-core-6.2.5.jar;C:\Users\hecto\.m2\repository\org\springframework\spring-jcl\6.2.5\spring-jcl-6.2.5.jar
Launcher Type: SUN_STANDARD

[Global flags]
     intx CICompilerCount                          = 4                                         {product} {ergonomic}
     uint ConcGCThreads                            = 3                                         {product} {ergonomic}
     uint G1ConcRefinementThreads                  = 10                                        {product} {ergonomic}
   size_t G1HeapRegionSize                         = 2097152                                   {product} {ergonomic}
    uintx GCDrainStackTargetSize                   = 64                                        {product} {ergonomic}
   size_t InitialHeapSize                          = 264241152                                 {product} {ergonomic}
     bool ManagementServer                         = true                                      {product} {command line}
   size_t MarkStackSize                            = 4194304                                   {product} {ergonomic}
   size_t MaxHeapSize                              = 4215275520                                {product} {ergonomic}
   size_t MaxNewSize                               = 2529165312                                {product} {ergonomic}
   size_t MinHeapDeltaBytes                        = 2097152                                   {product} {ergonomic}
   size_t MinHeapSize                              = 8388608                                   {product} {ergonomic}
    uintx NonNMethodCodeHeapSize                   = 4096                                   {pd product} {ergonomic}
    uintx NonProfiledCodeHeapSize                  = 0                                      {pd product} {ergonomic}
     bool ProfileInterpreter                       = false                                  {pd product} {command line}
    uintx ProfiledCodeHeapSize                     = 0                                      {pd product} {ergonomic}
     bool ShowCodeDetailsInExceptionMessages       = true                                   {manageable} {command line}
   size_t SoftMaxHeapSize                          = 4215275520                             {manageable} {ergonomic}
     intx TieredStopAtLevel                        = 1                                         {product} {command line}
     bool UseCompressedOops                        = true                           {product lp64_product} {ergonomic}
     bool UseG1GC                                  = true                                      {product} {ergonomic}
     bool UseLargePagesIndividualAllocation        = false                                  {pd product} {ergonomic}

Logging:
Log output configuration:
 #0: stdout all=warning uptime,level,tags foldmultilines=false
 #1: stderr all=off uptime,level,tags foldmultilines=false

Environment Variables:
JAVA_HOME=C:\Program Files\Java\jdk-23
PATH=C:\Users\hecto\Desktop\spring-tool-suite\sts-4.27.0.RELEASE\plugins\org.eclipse.justj.openjdk.hotspot.jre.full.win32.x86_64_21.0.5.v20241023-1957\jre\bin;C:/Users/hecto/Desktop/spring-tool-suite/sts-4.27.0.RELEASE//plugins/org.eclipse.justj.openjdk.hotspot.jre.full.win32.x86_64_21.0.5.v20241023-1957/jre/bin/server;C:/Users/hecto/Desktop/spring-tool-suite/sts-4.27.0.RELEASE//plugins/org.eclipse.justj.openjdk.hotspot.jre.full.win32.x86_64_21.0.5.v20241023-1957/jre/bin;C:\Program Files\Common Files\Oracle\Java\javapath;C:\WINDOWS\system32;C:\WINDOWS;C:\WINDOWS\System32\Wbem;C:\WINDOWS\System32\WindowsPowerShell\v1.0\;C:\WINDOWS\System32\OpenSSH\;D:\1DAM\Entornos de desarollo\JAVA\bin;D:\1DAM\Entornos de desarollo\C-C#\bin;C:\Program Files\dotnet\;C:\Program Files\Git\cmd;C:\Users\hecto\AppData\Roaming\nvm;C:\Program Files\nodejs;C:\Program Files\Docker\Docker\resources\bin;C:\Program Files\GitHub CLI\;C:\Program Files\Microsoft SQL Server\150\Tools\Binn\;C:\Program Files\Microsoft SQL Server\Client SDK\ODBC\170\Tools\Binn\;C:\Program Files (x86)\Microsoft SQL Server\160\DTS\Binn\;C:\Program Files (x86)\Microsoft SQL Server\160\Tools\Binn\;C:\Program Files\Microsoft SQL Server\160\Tools\Binn\;C:\Program Files\Microsoft SQL Server\160\DTS\Binn\;C:\Program Files\Devart\EntityDeveloper\Console;C:\Users\hecto\AppData\Local\Programs\Python\Python311\Scripts\;C:\Users\hecto\AppData\Local\Programs\Python\Python311\;C:\Users\hecto\AppData\Local\Microsoft\WindowsApps;C:\Users\hecto\AppData\Local\GitHubDesktop\bin;C:\Users\hecto\.dotnet\tools;C:\Users\hecto\AppData\Local\Programs\Microsoft VS Code\bin;C:\Users\hecto\.dotnet\tools;C:\Users\hecto\AppData\Roaming\npm;C:\Users\hecto\AppData\Roaming\nvm;C:\Program Files\nodejs;C:\Users\hecto\AppData\Local\Microsoft\WindowsApps;;C:\Program Files\Devart\EntityDeveloper\Console;C:\Users\hecto\Desktop\spring-tool-suite\sts-4.27.0.RELEASE;
USERNAME=hecto
OS=Windows_NT
PROCESSOR_IDENTIFIER=Intel64 Family 6 Model 154 Stepping 4, GenuineIntel
TMP=C:\Users\hecto\AppData\Local\Temp
TEMP=C:\Users\hecto\AppData\Local\Temp




Periodic native trim disabled

---------------  S Y S T E M  ---------------

OS:
 Windows 11 , 64 bit Build 26100 (10.0.26100.3775)
OS uptime: 2 days 3:08 hours
Hyper-V role detected

CPU: total 12 (initial active 12) (6 cores per cpu, 2 threads per core) family 6 model 154 stepping 4 microcode 0x434, cx8, cmov, fxsr, ht, mmx, 3dnowpref, sse, sse2, sse3, ssse3, sse4.1, sse4.2, popcnt, lzcnt, tsc, tscinvbit, avx, avx2, aes, erms, clmul, bmi1, bmi2, adx, sha, fma, vzeroupper, clflush, clflushopt, clwb, hv, serialize, rdtscp, rdpid, fsrm, f16c, cet_ibt, cet_ss
Processor Information for processor 0
  Max Mhz: 1300, Current Mhz: 1300, Mhz Limit: 1300
Processor Information for processor 1
  Max Mhz: 1300, Current Mhz: 1300, Mhz Limit: 1300
Processor Information for processor 2
  Max Mhz: 1300, Current Mhz: 1300, Mhz Limit: 1300
Processor Information for processor 3
  Max Mhz: 1300, Current Mhz: 1300, Mhz Limit: 1300
Processor Information for processor 4
  Max Mhz: 1300, Current Mhz: 900, Mhz Limit: 897
Processor Information for processor 5
  Max Mhz: 1300, Current Mhz: 900, Mhz Limit: 897
Processor Information for processor 6
  Max Mhz: 1300, Current Mhz: 900, Mhz Limit: 897
Processor Information for processor 7
  Max Mhz: 1300, Current Mhz: 900, Mhz Limit: 897
Processor Information for processor 8
  Max Mhz: 1300, Current Mhz: 900, Mhz Limit: 897
Processor Information for processor 9
  Max Mhz: 1300, Current Mhz: 900, Mhz Limit: 897
Processor Information for processor 10
  Max Mhz: 1300, Current Mhz: 900, Mhz Limit: 897
Processor Information for processor 11
  Max Mhz: 1300, Current Mhz: 900, Mhz Limit: 897

Memory: 4k page, system-wide physical 16077M (2371M free)
TotalPageFile size 24781M (AvailPageFile size 5438M)
current process WorkingSet (physical memory assigned to process): 281M, peak: 281M
current process commit charge ("private bytes"): 317M, peak: 377M

vm_info: OpenJDK 64-Bit Server VM (21.0.5+11-LTS) for windows-amd64 JRE (21.0.5+11-LTS), built on 2024-10-15T00:00:00Z by "admin" with MS VC++ 17.7 (VS2022)

END.
